#
# There is insufficient memory for the Java Runtime Environment to continue.
# Native memory allocation (mmap) failed to map 8388608 bytes. Error detail: G1 virtual space
# Possible reasons:
#   The system is out of physical RAM or swap space
#   This process is running with CompressedOops enabled, and the Java Heap may be blocking the growth of the native heap
# Possible solutions:
#   Reduce memory load on the system
#   Increase physical memory or swap space
#   Check if swap backing store is full
#   Decrease Java heap size (-Xmx/-Xms)
#   Decrease number of Java threads
#   Decrease Java thread stack sizes (-Xss)
#   Set larger code cache with -XX:ReservedCodeCacheSize=
#   JVM is running with Unscaled Compressed Oops mode in which the Java heap is
#     placed in the first 4GB address space. The Java Heap base address is the
#     maximum limit for the native heap growth. Please use -XX:HeapBaseMinAddress
#     to set the Java Heap base and to place the Java Heap above 4GB virtual address.
# This output file may be truncated or incomplete.
#
#  Out of Memory Error (os_windows.cpp:3825), pid=29600, tid=33468
#
# JRE version: OpenJDK Runtime Environment (17.0.11) (build 17.0.11+0--11852314)
# Java VM: OpenJDK 64-Bit Server VM (17.0.11+0--11852314, mixed mode, tiered, compressed oops, compressed class ptrs, g1 gc, windows-amd64)
# No core dump will be written. Minidumps are not enabled by default on client versions of Windows
#

---------------  S U M M A R Y ------------

Command Line: --add-opens=java.base/java.util=ALL-UNNAMED --add-opens=java.base/java.lang=ALL-UNNAMED --add-opens=java.base/java.lang.invoke=ALL-UNNAMED --add-opens=java.prefs/java.util.prefs=ALL-UNNAMED --add-opens=java.base/java.nio.charset=ALL-UNNAMED --add-opens=java.base/java.net=ALL-UNNAMED --add-opens=java.base/java.util.concurrent.atomic=ALL-UNNAMED -Xmx2048m -Dfile.encoding=UTF-8 -Duser.country=MX -Duser.language=es -Duser.variant -javaagent:C:\Users\leyot\.gradle\wrapper\dists\gradle-8.7-bin\bhs2wmbdwecv87pi65oeuq5iu\gradle-8.7\lib\agents\gradle-instrumentation-agent-8.7.jar org.gradle.launcher.daemon.bootstrap.GradleDaemon 8.7

Host: AMD Ryzen 5 7535HS with Radeon Graphics        , 12 cores, 7G,  Windows 11 , 64 bit Build 26100 (10.0.26100.3037)
Time: Mon Feb 24 21:29:43 2025 Hora estándar central (México) elapsed time: 14.843587 seconds (0d 0h 0m 14s)

---------------  T H R E A D  ---------------

Current thread (0x0000025447897040):  VMThread "VM Thread" [stack: 0x000000c70a100000,0x000000c70a200000] [id=33468]

Stack: [0x000000c70a100000,0x000000c70a200000]
Native frames: (J=compiled Java code, j=interpreted, Vv=VM code, C=native code)
V  [jvm.dll+0x687bb9]
V  [jvm.dll+0x84142a]
V  [jvm.dll+0x8430ae]
V  [jvm.dll+0x843713]
V  [jvm.dll+0x24a35f]
V  [jvm.dll+0x684989]
V  [jvm.dll+0x67923a]
V  [jvm.dll+0x30af0b]
V  [jvm.dll+0x3123b6]
V  [jvm.dll+0x361dfe]
V  [jvm.dll+0x36202f]
V  [jvm.dll+0x2e0d38]
V  [jvm.dll+0x2df144]
V  [jvm.dll+0x2de74c]
V  [jvm.dll+0x32305b]
V  [jvm.dll+0x847e0b]
V  [jvm.dll+0x848b42]
V  [jvm.dll+0x84905d]
V  [jvm.dll+0x849434]
V  [jvm.dll+0x849500]
V  [jvm.dll+0x7efa4a]
V  [jvm.dll+0x686a35]
C  [ucrtbase.dll+0x37b0]
C  [KERNEL32.DLL+0x2e8d7]
C  [ntdll.dll+0xbbf2c]

VM_Operation (0x000000c70b8f5d30): G1CollectForAllocation, mode: safepoint, requested by thread 0x000002544e51c760


---------------  P R O C E S S  ---------------

Threads class SMR info:
_java_thread_list=0x000002544d755cd0, length=57, elements={
0x000002542cc918c0, 0x0000025446ed3f80, 0x0000025446ed54c0, 0x00000254478a93a0,
0x0000025446ede170, 0x0000025446edea40, 0x00000254478e4b90, 0x00000254478f2380,
0x00000254478f38b0, 0x00000254478f41c0, 0x0000025447a984c0, 0x0000025447b93ba0,
0x000002544d2b7a70, 0x000002544cf05850, 0x000002544d9d8810, 0x000002544d92d920,
0x000002544d12a7d0, 0x000002544e519fd0, 0x000002544e51c760, 0x000002544e0ea270,
0x000002544e0ebbc0, 0x000002544e0ea780, 0x000002544e0e9d60, 0x000002544e0eac90,
0x000002544e0ec0d0, 0x000002544e0ed000, 0x000002544e0eb1a0, 0x000002544e0eb6b0,
0x000002544e0ecaf0, 0x000002544e0ec5e0, 0x000002544f0dfa00, 0x000002544f0e2790,
0x000002544f0e36c0, 0x000002544f0e31b0, 0x000002544f0e2ca0, 0x000002544f0e0420,
0x000002544f0e1350, 0x000002544f0e0e40, 0x000002544f0e1860, 0x000002544f0e1d70,
0x000002544f0e2280, 0x000002544f0e40e0, 0x000002544f0e0930, 0x000002544f0e45f0,
0x000002544f0e4b00, 0x000002544f0e5010, 0x000002544f0e5520, 0x000002544f0e5a30,
0x000002544f0e5f40, 0x000002544f0e6450, 0x000002544f0e6960, 0x000002544f0e6e70,
0x000002544f0e7380, 0x000002544f8de830, 0x000002544f8dde10, 0x000002544d32d2b0,
0x000002544f8df250
}

Java Threads: ( => current thread )
  0x000002542cc918c0 JavaThread "main" [_thread_blocked, id=43672, stack(0x000000c709b00000,0x000000c709c00000)]
  0x0000025446ed3f80 JavaThread "Reference Handler" daemon [_thread_blocked, id=33872, stack(0x000000c70a200000,0x000000c70a300000)]
  0x0000025446ed54c0 JavaThread "Finalizer" daemon [_thread_blocked, id=42404, stack(0x000000c70a300000,0x000000c70a400000)]
  0x00000254478a93a0 JavaThread "Signal Dispatcher" daemon [_thread_blocked, id=40384, stack(0x000000c70a400000,0x000000c70a500000)]
  0x0000025446ede170 JavaThread "Attach Listener" daemon [_thread_blocked, id=43728, stack(0x000000c70a500000,0x000000c70a600000)]
  0x0000025446edea40 JavaThread "Service Thread" daemon [_thread_blocked, id=43732, stack(0x000000c70a600000,0x000000c70a700000)]
  0x00000254478e4b90 JavaThread "Monitor Deflation Thread" daemon [_thread_blocked, id=43352, stack(0x000000c70a700000,0x000000c70a800000)]
  0x00000254478f2380 JavaThread "C2 CompilerThread0" daemon [_thread_blocked, id=36344, stack(0x000000c70a800000,0x000000c70a900000)]
  0x00000254478f38b0 JavaThread "C1 CompilerThread0" daemon [_thread_blocked, id=43740, stack(0x000000c70a900000,0x000000c70aa00000)]
  0x00000254478f41c0 JavaThread "Sweeper thread" daemon [_thread_blocked, id=43748, stack(0x000000c70aa00000,0x000000c70ab00000)]
  0x0000025447a984c0 JavaThread "Common-Cleaner" daemon [_thread_blocked, id=43752, stack(0x000000c70ab00000,0x000000c70ac00000)]
  0x0000025447b93ba0 JavaThread "Notification Thread" daemon [_thread_blocked, id=43760, stack(0x000000c70ac00000,0x000000c70ad00000)]
  0x000002544d2b7a70 JavaThread "Daemon health stats" [_thread_blocked, id=43956, stack(0x000000c70b300000,0x000000c70b400000)]
  0x000002544cf05850 JavaThread "Incoming local TCP Connector on port 54753" [_thread_in_native, id=43992, stack(0x000000c70b200000,0x000000c70b300000)]
  0x000002544d9d8810 JavaThread "Daemon periodic checks" [_thread_blocked, id=44000, stack(0x000000c70b400000,0x000000c70b500000)]
  0x000002544d92d920 JavaThread "Daemon" [_thread_blocked, id=44008, stack(0x000000c70b500000,0x000000c70b600000)]
  0x000002544d12a7d0 JavaThread "Handler for socket connection from /127.0.0.1:54753 to /127.0.0.1:54754" [_thread_in_native, id=44016, stack(0x000000c70b600000,0x000000c70b700000)]
  0x000002544e519fd0 JavaThread "Cancel handler" [_thread_blocked, id=44024, stack(0x000000c70b700000,0x000000c70b800000)]
  0x000002544e51c760 JavaThread "Daemon worker" [_thread_blocked, id=43976, stack(0x000000c70b800000,0x000000c70b900000)]
  0x000002544e0ea270 JavaThread "Asynchronous log dispatcher for DefaultDaemonConnection: socket connection from /127.0.0.1:54753 to /127.0.0.1:54754" [_thread_blocked, id=43720, stack(0x000000c70b900000,0x000000c70ba00000)]
  0x000002544e0ebbc0 JavaThread "Stdin handler" [_thread_blocked, id=34964, stack(0x000000c70ba00000,0x000000c70bb00000)]
  0x000002544e0ea780 JavaThread "Daemon client event forwarder" [_thread_blocked, id=32520, stack(0x000000c70bb00000,0x000000c70bc00000)]
  0x000002544e0e9d60 JavaThread "Cache worker for journal cache (C:\Users\leyot\.gradle\caches\journal-1)" [_thread_blocked, id=43072, stack(0x000000c70c300000,0x000000c70c400000)]
  0x000002544e0eac90 JavaThread "File lock request listener" [_thread_in_native, id=43076, stack(0x000000c70c400000,0x000000c70c500000)]
  0x000002544e0ec0d0 JavaThread "Cache worker for file hash cache (C:\Users\leyot\.gradle\caches\8.7\fileHashes)" [_thread_blocked, id=43080, stack(0x000000c70c500000,0x000000c70c600000)]
  0x000002544e0ed000 JavaThread "Cache worker for file hash cache (C:\Users\leyot\AndroidStudioProjects\AplicacionCrudII\.gradle\8.7\fileHashes)" [_thread_blocked, id=43116, stack(0x000000c70c700000,0x000000c70c800000)]
  0x000002544e0eb1a0 JavaThread "File watcher server" daemon [_thread_blocked, id=43212, stack(0x000000c70c800000,0x000000c70c900000)]
  0x000002544e0eb6b0 JavaThread "File watcher consumer" daemon [_thread_blocked, id=38448, stack(0x000000c70c900000,0x000000c70ca00000)]
  0x000002544e0ecaf0 JavaThread "Cache worker for checksums cache (C:\Users\leyot\AndroidStudioProjects\AplicacionCrudII\.gradle\8.7\checksums)" [_thread_blocked, id=36516, stack(0x000000c70ca00000,0x000000c70cb00000)]
  0x000002544e0ec5e0 JavaThread "Cache worker for cache directory md-supplier (C:\Users\leyot\.gradle\caches\8.7\md-supplier)" [_thread_blocked, id=42376, stack(0x000000c70cb00000,0x000000c70cc00000)]
  0x000002544f0dfa00 JavaThread "Cache worker for cache directory md-rule (C:\Users\leyot\.gradle\caches\8.7\md-rule)" [_thread_blocked, id=40780, stack(0x000000c70cc00000,0x000000c70cd00000)]
  0x000002544f0e2790 JavaThread "Cache worker for file content cache (C:\Users\leyot\.gradle\caches\8.7\fileContent)" [_thread_blocked, id=43552, stack(0x000000c70cd00000,0x000000c70ce00000)]
  0x000002544f0e36c0 JavaThread "Cache worker for Build Output Cleanup Cache (C:\Users\leyot\AndroidStudioProjects\AplicacionCrudII\.gradle\buildOutputCleanup)" [_thread_blocked, id=43520, stack(0x000000c70ce00000,0x000000c70cf00000)]
  0x000002544f0e31b0 JavaThread "Unconstrained build operations" [_thread_blocked, id=39392, stack(0x000000c70cf00000,0x000000c70d000000)]
  0x000002544f0e2ca0 JavaThread "Unconstrained build operations Thread 2" [_thread_blocked, id=34992, stack(0x000000c70d000000,0x000000c70d100000)]
  0x000002544f0e0420 JavaThread "Unconstrained build operations Thread 3" [_thread_blocked, id=37240, stack(0x000000c70d100000,0x000000c70d200000)]
  0x000002544f0e1350 JavaThread "Unconstrained build operations Thread 4" [_thread_blocked, id=12256, stack(0x000000c70d200000,0x000000c70d300000)]
  0x000002544f0e0e40 JavaThread "Unconstrained build operations Thread 5" [_thread_blocked, id=39480, stack(0x000000c70d300000,0x000000c70d400000)]
  0x000002544f0e1860 JavaThread "Unconstrained build operations Thread 6" [_thread_blocked, id=36936, stack(0x000000c70d400000,0x000000c70d500000)]
  0x000002544f0e1d70 JavaThread "Unconstrained build operations Thread 7" [_thread_blocked, id=38996, stack(0x000000c70d500000,0x000000c70d600000)]
  0x000002544f0e2280 JavaThread "Unconstrained build operations Thread 8" [_thread_blocked, id=42156, stack(0x000000c70d600000,0x000000c70d700000)]
  0x000002544f0e40e0 JavaThread "Unconstrained build operations Thread 9" [_thread_blocked, id=41352, stack(0x000000c70d700000,0x000000c70d800000)]
  0x000002544f0e0930 JavaThread "Unconstrained build operations Thread 10" [_thread_blocked, id=39968, stack(0x000000c70d800000,0x000000c70d900000)]
  0x000002544f0e45f0 JavaThread "Unconstrained build operations Thread 11" [_thread_blocked, id=33400, stack(0x000000c70d900000,0x000000c70da00000)]
  0x000002544f0e4b00 JavaThread "Unconstrained build operations Thread 12" [_thread_blocked, id=41908, stack(0x000000c70da00000,0x000000c70db00000)]
  0x000002544f0e5010 JavaThread "Unconstrained build operations Thread 13" [_thread_blocked, id=25368, stack(0x000000c70db00000,0x000000c70dc00000)]
  0x000002544f0e5520 JavaThread "Unconstrained build operations Thread 14" [_thread_blocked, id=35540, stack(0x000000c70dc00000,0x000000c70dd00000)]
  0x000002544f0e5a30 JavaThread "Unconstrained build operations Thread 15" [_thread_blocked, id=38032, stack(0x000000c70dd00000,0x000000c70de00000)]
  0x000002544f0e5f40 JavaThread "Unconstrained build operations Thread 16" [_thread_blocked, id=36036, stack(0x000000c70de00000,0x000000c70df00000)]
  0x000002544f0e6450 JavaThread "Unconstrained build operations Thread 17" [_thread_blocked, id=40016, stack(0x000000c70df00000,0x000000c70e000000)]
  0x000002544f0e6960 JavaThread "Unconstrained build operations Thread 18" [_thread_blocked, id=41556, stack(0x000000c70e000000,0x000000c70e100000)]
  0x000002544f0e6e70 JavaThread "Unconstrained build operations Thread 19" [_thread_blocked, id=40248, stack(0x000000c70e100000,0x000000c70e200000)]
  0x000002544f0e7380 JavaThread "Unconstrained build operations Thread 20" [_thread_blocked, id=41600, stack(0x000000c70e200000,0x000000c70e300000)]
  0x000002544f8de830 JavaThread "Unconstrained build operations Thread 21" [_thread_blocked, id=42228, stack(0x000000c70e300000,0x000000c70e400000)]
  0x000002544f8dde10 JavaThread "Unconstrained build operations Thread 22" [_thread_blocked, id=1796, stack(0x000000c70e400000,0x000000c70e500000)]
  0x000002544d32d2b0 JavaThread "C2 CompilerThread1" daemon [_thread_blocked, id=33908, stack(0x000000c70c600000,0x000000c70c700000)]
  0x000002544f8df250 JavaThread "build event listener" [_thread_blocked, id=40344, stack(0x000000c70e600000,0x000000c70e700000)]

Other Threads:
=>0x0000025447897040 VMThread "VM Thread" [stack: 0x000000c70a100000,0x000000c70a200000] [id=33468]
  0x000002542cc92650 WatcherThread [stack: 0x000000c70ad00000,0x000000c70ae00000] [id=43764]
  0x000002542ccf0e50 GCTaskThread "GC Thread#0" [stack: 0x000000c709c00000,0x000000c709d00000] [id=43676]
  0x000002544cb781c0 GCTaskThread "GC Thread#1" [stack: 0x000000c70ae00000,0x000000c70af00000] [id=43868]
  0x000002544cbb9cb0 GCTaskThread "GC Thread#2" [stack: 0x000000c70af00000,0x000000c70b000000] [id=42116]
  0x000002544cac5500 GCTaskThread "GC Thread#3" [stack: 0x000000c70b000000,0x000000c70b100000] [id=39732]
  0x000002544c8b2950 GCTaskThread "GC Thread#4" [stack: 0x000000c70b100000,0x000000c70b200000] [id=39832]
  0x000002544df29460 GCTaskThread "GC Thread#5" [stack: 0x000000c70bc00000,0x000000c70bd00000] [id=33984]
  0x000002544db70360 GCTaskThread "GC Thread#6" [stack: 0x000000c70bd00000,0x000000c70be00000] [id=30728]
  0x000002544df00420 GCTaskThread "GC Thread#7" [stack: 0x000000c70be00000,0x000000c70bf00000] [id=41076]
  0x000002544e5e1850 GCTaskThread "GC Thread#8" [stack: 0x000000c70bf00000,0x000000c70c000000] [id=32868]
  0x000002544d2c76e0 GCTaskThread "GC Thread#9" [stack: 0x000000c70c000000,0x000000c70c100000] [id=43060]
  0x000002542b2edfe0 ConcurrentGCThread "G1 Main Marker" [stack: 0x000000c709d00000,0x000000c709e00000] [id=43680]
  0x000002542b2ee910 ConcurrentGCThread "G1 Conc#0" [stack: 0x000000c709e00000,0x000000c709f00000] [id=43684]
  0x000002544d731f90 ConcurrentGCThread "G1 Conc#1" [stack: 0x000000c70c100000,0x000000c70c200000] [id=43064]
  0x000002544e10ab40 ConcurrentGCThread "G1 Conc#2" [stack: 0x000000c70c200000,0x000000c70c300000] [id=43068]
  0x000002542cd3b710 ConcurrentGCThread "G1 Refine#0" [stack: 0x000000c709f00000,0x000000c70a000000] [id=43688]
  0x000002545094de90 ConcurrentGCThread "G1 Refine#1" [stack: 0x000000c70e500000,0x000000c70e600000] [id=40856]
  0x000002542cd3bdf0 ConcurrentGCThread "G1 Service" [stack: 0x000000c70a000000,0x000000c70a100000] [id=43692]

Threads with active compile tasks:
C2 CompilerThread0    14877 7135       4       sun.invoke.util.BytecodeDescriptor::unparseSig (49 bytes)
C2 CompilerThread1    14877 7133   !   4       java.net.URLClassLoader$1::run (81 bytes)

VM state: at safepoint (normal execution)

VM Mutex/Monitor currently owned by a thread:  ([mutex/lock_event])
[0x000002542b2c2cf0] Threads_lock - owner thread: 0x0000025447897040
[0x000002542cc8f9f0] Heap_lock - owner thread: 0x000002544e51c760

Heap address: 0x0000000080000000, size: 2048 MB, Compressed Oops mode: 32-bit

CDS archive(s) not mapped
Compressed class space mapped at: 0x0000000100000000-0x0000000140000000, reserved size: 1073741824
Narrow klass base: 0x0000000000000000, Narrow klass shift: 3, Narrow klass range: 0x140000000

GC Precious Log:
 CPUs: 12 total, 12 available
 Memory: 7498M
 Large Page Support: Disabled
 NUMA Support: Disabled
 Compressed Oops: Enabled (32-bit)
 Heap Region Size: 1M
 Heap Min Capacity: 8M
 Heap Initial Capacity: 118M
 Heap Max Capacity: 2G
 Pre-touch: Disabled
 Parallel Workers: 10
 Concurrent Workers: 3
 Concurrent Refinement Workers: 10
 Periodic GC: Disabled

Heap:
 garbage-first heap   total 112640K, used 65405K [0x0000000080000000, 0x0000000100000000)
  region size 1024K, 1 young (1024K), 1 survivors (1024K)
 Metaspace       used 63575K, committed 64128K, reserved 1114112K
  class space    used 8617K, committed 8896K, reserved 1048576K

Heap Regions: E=young(eden), S=young(survivor), O=old, HS=humongous(starts), HC=humongous(continues), CS=collection set, F=free, OA=open archive, CA=closed archive, TAMS=top-at-mark-start (previous, next)
|   0|0x0000000080000000, 0x0000000080100000, 0x0000000080100000|100%|HS|  |TAMS 0x0000000080100000, 0x0000000080100000| Complete 
|   1|0x0000000080100000, 0x0000000080200000, 0x0000000080200000|100%|HC|  |TAMS 0x0000000080200000, 0x0000000080200000| Complete 
|   2|0x0000000080200000, 0x0000000080300000, 0x0000000080300000|100%|HC|  |TAMS 0x0000000080300000, 0x0000000080300000| Complete 
|   3|0x0000000080300000, 0x0000000080400000, 0x0000000080400000|100%|HC|  |TAMS 0x0000000080400000, 0x0000000080400000| Complete 
|   4|0x0000000080400000, 0x0000000080500000, 0x0000000080500000|100%| O|  |TAMS 0x0000000080500000, 0x0000000080500000| Untracked 
|   5|0x0000000080500000, 0x0000000080600000, 0x0000000080600000|100%| O|  |TAMS 0x0000000080600000, 0x0000000080600000| Untracked 
|   6|0x0000000080600000, 0x0000000080700000, 0x0000000080700000|100%| O|  |TAMS 0x0000000080700000, 0x0000000080700000| Untracked 
|   7|0x0000000080700000, 0x0000000080800000, 0x0000000080800000|100%| O|  |TAMS 0x0000000080800000, 0x0000000080800000| Untracked 
|   8|0x0000000080800000, 0x0000000080900000, 0x0000000080900000|100%| O|  |TAMS 0x0000000080900000, 0x0000000080900000| Untracked 
|   9|0x0000000080900000, 0x0000000080a00000, 0x0000000080a00000|100%| O|  |TAMS 0x0000000080a00000, 0x0000000080a00000| Untracked 
|  10|0x0000000080a00000, 0x0000000080a72400, 0x0000000080b00000| 44%| O|  |TAMS 0x0000000080a72400, 0x0000000080a72400| Untracked 
|  11|0x0000000080b00000, 0x0000000080c00000, 0x0000000080c00000|100%| O|  |TAMS 0x0000000080c00000, 0x0000000080c00000| Untracked 
|  12|0x0000000080c00000, 0x0000000080d00000, 0x0000000080d00000|100%| O|  |TAMS 0x0000000080d00000, 0x0000000080d00000| Untracked 
|  13|0x0000000080d00000, 0x0000000080e00000, 0x0000000080e00000|100%| O|  |TAMS 0x0000000080e00000, 0x0000000080e00000| Untracked 
|  14|0x0000000080e00000, 0x0000000080f00000, 0x0000000080f00000|100%| O|  |TAMS 0x0000000080f00000, 0x0000000080f00000| Untracked 
|  15|0x0000000080f00000, 0x0000000081000000, 0x0000000081000000|100%| O|  |TAMS 0x0000000081000000, 0x0000000081000000| Untracked 
|  16|0x0000000081000000, 0x0000000081100000, 0x0000000081100000|100%| O|  |TAMS 0x0000000081100000, 0x0000000081100000| Untracked 
|  17|0x0000000081100000, 0x0000000081200000, 0x0000000081200000|100%| O|  |TAMS 0x0000000081200000, 0x0000000081200000| Untracked 
|  18|0x0000000081200000, 0x0000000081300000, 0x0000000081300000|100%| O|  |TAMS 0x0000000081300000, 0x0000000081300000| Untracked 
|  19|0x0000000081300000, 0x0000000081400000, 0x0000000081400000|100%| O|  |TAMS 0x0000000081400000, 0x0000000081400000| Untracked 
|  20|0x0000000081400000, 0x0000000081500000, 0x0000000081500000|100%| O|  |TAMS 0x0000000081500000, 0x0000000081500000| Untracked 
|  21|0x0000000081500000, 0x0000000081600000, 0x0000000081600000|100%| O|  |TAMS 0x0000000081600000, 0x0000000081600000| Untracked 
|  22|0x0000000081600000, 0x0000000081700000, 0x0000000081700000|100%|HS|  |TAMS 0x0000000081600000, 0x0000000081700000| Complete 
|  23|0x0000000081700000, 0x0000000081800000, 0x0000000081800000|100%| O|  |TAMS 0x0000000081800000, 0x0000000081800000| Untracked 
|  24|0x0000000081800000, 0x0000000081900000, 0x0000000081900000|100%| O|  |TAMS 0x0000000081900000, 0x0000000081900000| Untracked 
|  25|0x0000000081900000, 0x0000000081a00000, 0x0000000081a00000|100%| O|  |TAMS 0x0000000081a00000, 0x0000000081a00000| Untracked 
|  26|0x0000000081a00000, 0x0000000081b00000, 0x0000000081b00000|100%| O|  |TAMS 0x0000000081b00000, 0x0000000081b00000| Untracked 
|  27|0x0000000081b00000, 0x0000000081c00000, 0x0000000081c00000|100%| O|  |TAMS 0x0000000081c00000, 0x0000000081c00000| Untracked 
|  28|0x0000000081c00000, 0x0000000081d00000, 0x0000000081d00000|100%| O|  |TAMS 0x0000000081d00000, 0x0000000081d00000| Untracked 
|  29|0x0000000081d00000, 0x0000000081e00000, 0x0000000081e00000|100%| O|  |TAMS 0x0000000081e00000, 0x0000000081e00000| Untracked 
|  30|0x0000000081e00000, 0x0000000081f00000, 0x0000000081f00000|100%| O|  |TAMS 0x0000000081e00000, 0x0000000081f00000| Untracked 
|  31|0x0000000081f00000, 0x0000000082000000, 0x0000000082000000|100%| O|  |TAMS 0x0000000082000000, 0x0000000082000000| Untracked 
|  32|0x0000000082000000, 0x0000000082100000, 0x0000000082100000|100%| O|  |TAMS 0x0000000082100000, 0x0000000082100000| Untracked 
|  33|0x0000000082100000, 0x0000000082200000, 0x0000000082200000|100%| O|  |TAMS 0x0000000082200000, 0x0000000082200000| Untracked 
|  34|0x0000000082200000, 0x0000000082300000, 0x0000000082300000|100%| O|  |TAMS 0x0000000082300000, 0x0000000082300000| Untracked 
|  35|0x0000000082300000, 0x0000000082400000, 0x0000000082400000|100%| O|  |TAMS 0x0000000082400000, 0x0000000082400000| Untracked 
|  36|0x0000000082400000, 0x0000000082500000, 0x0000000082500000|100%| O|  |TAMS 0x0000000082500000, 0x0000000082500000| Untracked 
|  37|0x0000000082500000, 0x0000000082600000, 0x0000000082600000|100%| O|  |TAMS 0x0000000082600000, 0x0000000082600000| Untracked 
|  38|0x0000000082600000, 0x0000000082700000, 0x0000000082700000|100%| O|  |TAMS 0x0000000082700000, 0x0000000082700000| Untracked 
|  39|0x0000000082700000, 0x0000000082800000, 0x0000000082800000|100%| O|  |TAMS 0x0000000082800000, 0x0000000082800000| Untracked 
|  40|0x0000000082800000, 0x0000000082900000, 0x0000000082900000|100%|HS|  |TAMS 0x0000000082900000, 0x0000000082900000| Complete 
|  41|0x0000000082900000, 0x0000000082a00000, 0x0000000082a00000|100%|HS|  |TAMS 0x0000000082a00000, 0x0000000082a00000| Complete 
|  42|0x0000000082a00000, 0x0000000082b00000, 0x0000000082b00000|100%|HS|  |TAMS 0x0000000082b00000, 0x0000000082b00000| Complete 
|  43|0x0000000082b00000, 0x0000000082c00000, 0x0000000082c00000|100%|HC|  |TAMS 0x0000000082c00000, 0x0000000082c00000| Complete 
|  44|0x0000000082c00000, 0x0000000082d00000, 0x0000000082d00000|100%|HS|  |TAMS 0x0000000082d00000, 0x0000000082d00000| Complete 
|  45|0x0000000082d00000, 0x0000000082e00000, 0x0000000082e00000|100%|HC|  |TAMS 0x0000000082e00000, 0x0000000082e00000| Complete 
|  46|0x0000000082e00000, 0x0000000082f00000, 0x0000000082f00000|100%|HS|  |TAMS 0x0000000082f00000, 0x0000000082f00000| Complete 
|  47|0x0000000082f00000, 0x0000000083000000, 0x0000000083000000|100%| O|  |TAMS 0x0000000083000000, 0x0000000083000000| Untracked 
|  48|0x0000000083000000, 0x0000000083100000, 0x0000000083100000|100%| O|  |TAMS 0x0000000083100000, 0x0000000083100000| Untracked 
|  49|0x0000000083100000, 0x0000000083200000, 0x0000000083200000|100%| O|  |TAMS 0x0000000083200000, 0x0000000083200000| Untracked 
|  50|0x0000000083200000, 0x0000000083300000, 0x0000000083300000|100%| O|  |TAMS 0x0000000083300000, 0x0000000083300000| Untracked 
|  51|0x0000000083300000, 0x0000000083400000, 0x0000000083400000|100%| O|  |TAMS 0x0000000083400000, 0x0000000083400000| Untracked 
|  52|0x0000000083400000, 0x0000000083500000, 0x0000000083500000|100%|HS|  |TAMS 0x0000000083500000, 0x0000000083500000| Complete 
|  53|0x0000000083500000, 0x0000000083600000, 0x0000000083600000|100%|HC|  |TAMS 0x0000000083600000, 0x0000000083600000| Complete 
|  54|0x0000000083600000, 0x0000000083700000, 0x0000000083700000|100%|HC|  |TAMS 0x0000000083700000, 0x0000000083700000| Complete 
|  55|0x0000000083700000, 0x0000000083800000, 0x0000000083800000|100%|HC|  |TAMS 0x0000000083800000, 0x0000000083800000| Complete 
|  56|0x0000000083800000, 0x0000000083900000, 0x0000000083900000|100%| O|  |TAMS 0x0000000083900000, 0x0000000083900000| Untracked 
|  57|0x0000000083900000, 0x0000000083a00000, 0x0000000083a00000|100%| O|  |TAMS 0x0000000083a00000, 0x0000000083a00000| Untracked 
|  58|0x0000000083a00000, 0x0000000083b00000, 0x0000000083b00000|100%|HS|  |TAMS 0x0000000083b00000, 0x0000000083b00000| Complete 
|  59|0x0000000083b00000, 0x0000000083c00000, 0x0000000083c00000|100%| O|  |TAMS 0x0000000083c00000, 0x0000000083c00000| Untracked 
|  60|0x0000000083c00000, 0x0000000083d00000, 0x0000000083d00000|100%|HS|  |TAMS 0x0000000083d00000, 0x0000000083d00000| Complete 
|  61|0x0000000083d00000, 0x0000000083d00000, 0x0000000083e00000|  0%| F|  |TAMS 0x0000000083d00000, 0x0000000083d00000| Untracked 
|  62|0x0000000083e00000, 0x0000000083f00000, 0x0000000083f00000|100%| O|  |TAMS 0x0000000083f00000, 0x0000000083f00000| Untracked 
|  63|0x0000000083f00000, 0x0000000084000000, 0x0000000084000000|100%| O|  |TAMS 0x0000000083fb9c00, 0x0000000084000000| Untracked 
|  64|0x0000000084000000, 0x00000000840b6c00, 0x0000000084100000| 71%| O|  |TAMS 0x0000000084000000, 0x00000000840b6c00| Untracked 
|  65|0x0000000084100000, 0x0000000084100000, 0x0000000084200000|  0%| F|  |TAMS 0x0000000084100000, 0x0000000084100000| Untracked 
|  66|0x0000000084200000, 0x0000000084200000, 0x0000000084300000|  0%| F|  |TAMS 0x0000000084200000, 0x0000000084200000| Untracked 
|  67|0x0000000084300000, 0x0000000084300000, 0x0000000084400000|  0%| F|  |TAMS 0x0000000084300000, 0x0000000084300000| Untracked 
|  68|0x0000000084400000, 0x0000000084400000, 0x0000000084500000|  0%| F|  |TAMS 0x0000000084400000, 0x0000000084400000| Untracked 
|  69|0x0000000084500000, 0x0000000084500000, 0x0000000084600000|  0%| F|  |TAMS 0x0000000084500000, 0x0000000084500000| Untracked 
|  70|0x0000000084600000, 0x0000000084600000, 0x0000000084700000|  0%| F|  |TAMS 0x0000000084600000, 0x0000000084600000| Untracked 
|  71|0x0000000084700000, 0x0000000084700000, 0x0000000084800000|  0%| F|  |TAMS 0x0000000084700000, 0x0000000084700000| Untracked 
|  72|0x0000000084800000, 0x0000000084800000, 0x0000000084900000|  0%| F|  |TAMS 0x0000000084800000, 0x0000000084800000| Untracked 
|  73|0x0000000084900000, 0x0000000084900000, 0x0000000084a00000|  0%| F|  |TAMS 0x0000000084900000, 0x0000000084900000| Untracked 
|  74|0x0000000084a00000, 0x0000000084a00000, 0x0000000084b00000|  0%| F|  |TAMS 0x0000000084a00000, 0x0000000084a00000| Untracked 
|  75|0x0000000084b00000, 0x0000000084b00000, 0x0000000084c00000|  0%| F|  |TAMS 0x0000000084b00000, 0x0000000084b00000| Untracked 
|  76|0x0000000084c00000, 0x0000000084c00000, 0x0000000084d00000|  0%| F|  |TAMS 0x0000000084c00000, 0x0000000084c00000| Untracked 
|  77|0x0000000084d00000, 0x0000000084d00000, 0x0000000084e00000|  0%| F|  |TAMS 0x0000000084d00000, 0x0000000084d00000| Untracked 
|  78|0x0000000084e00000, 0x0000000084e00000, 0x0000000084f00000|  0%| F|  |TAMS 0x0000000084e00000, 0x0000000084e00000| Untracked 
|  79|0x0000000084f00000, 0x0000000084f00000, 0x0000000085000000|  0%| F|  |TAMS 0x0000000084f00000, 0x0000000084f00000| Untracked 
|  80|0x0000000085000000, 0x0000000085000000, 0x0000000085100000|  0%| F|  |TAMS 0x0000000085000000, 0x0000000085000000| Untracked 
|  81|0x0000000085100000, 0x0000000085100000, 0x0000000085200000|  0%| F|  |TAMS 0x0000000085100000, 0x0000000085100000| Untracked 
|  82|0x0000000085200000, 0x00000000852b6458, 0x0000000085300000| 71%| S|CS|TAMS 0x0000000085200000, 0x0000000085200000| Complete 
|  83|0x0000000085300000, 0x0000000085300000, 0x0000000085400000|  0%| F|  |TAMS 0x0000000085300000, 0x0000000085300000| Untracked 
|  84|0x0000000085400000, 0x0000000085400000, 0x0000000085500000|  0%| F|  |TAMS 0x0000000085400000, 0x0000000085400000| Untracked 
|  85|0x0000000085500000, 0x0000000085500000, 0x0000000085600000|  0%| F|  |TAMS 0x0000000085500000, 0x0000000085500000| Untracked 
|  86|0x0000000085600000, 0x0000000085600000, 0x0000000085700000|  0%| F|  |TAMS 0x0000000085600000, 0x0000000085600000| Untracked 
|  87|0x0000000085700000, 0x0000000085700000, 0x0000000085800000|  0%| F|  |TAMS 0x0000000085700000, 0x0000000085700000| Untracked 
|  88|0x0000000085800000, 0x0000000085800000, 0x0000000085900000|  0%| F|  |TAMS 0x0000000085800000, 0x0000000085800000| Untracked 
|  89|0x0000000085900000, 0x0000000085900000, 0x0000000085a00000|  0%| F|  |TAMS 0x0000000085900000, 0x0000000085900000| Untracked 
|  90|0x0000000085a00000, 0x0000000085a00000, 0x0000000085b00000|  0%| F|  |TAMS 0x0000000085a00000, 0x0000000085a00000| Untracked 
|  91|0x0000000085b00000, 0x0000000085b00000, 0x0000000085c00000|  0%| F|  |TAMS 0x0000000085b00000, 0x0000000085b00000| Untracked 
|  92|0x0000000085c00000, 0x0000000085c00000, 0x0000000085d00000|  0%| F|  |TAMS 0x0000000085c00000, 0x0000000085c00000| Untracked 
|  93|0x0000000085d00000, 0x0000000085d00000, 0x0000000085e00000|  0%| F|  |TAMS 0x0000000085d00000, 0x0000000085d00000| Untracked 
|  94|0x0000000085e00000, 0x0000000085e00000, 0x0000000085f00000|  0%| F|  |TAMS 0x0000000085e00000, 0x0000000085e00000| Untracked 
|  95|0x0000000085f00000, 0x0000000085f00000, 0x0000000086000000|  0%| F|  |TAMS 0x0000000085f00000, 0x0000000085f00000| Untracked 
|  96|0x0000000086000000, 0x0000000086000000, 0x0000000086100000|  0%| F|  |TAMS 0x0000000086000000, 0x0000000086000000| Untracked 
|  97|0x0000000086100000, 0x0000000086100000, 0x0000000086200000|  0%| F|  |TAMS 0x0000000086100000, 0x0000000086100000| Untracked 
|  98|0x0000000086200000, 0x0000000086200000, 0x0000000086300000|  0%| F|  |TAMS 0x0000000086200000, 0x0000000086200000| Untracked 
|  99|0x0000000086300000, 0x0000000086300000, 0x0000000086400000|  0%| F|  |TAMS 0x0000000086300000, 0x0000000086300000| Untracked 
| 100|0x0000000086400000, 0x0000000086400000, 0x0000000086500000|  0%| F|  |TAMS 0x0000000086400000, 0x0000000086400000| Untracked 
| 101|0x0000000086500000, 0x0000000086500000, 0x0000000086600000|  0%| F|  |TAMS 0x0000000086500000, 0x0000000086500000| Untracked 
| 102|0x0000000086600000, 0x0000000086600000, 0x0000000086700000|  0%| F|  |TAMS 0x0000000086600000, 0x0000000086600000| Untracked 
| 103|0x0000000086700000, 0x0000000086700000, 0x0000000086800000|  0%| F|  |TAMS 0x0000000086700000, 0x0000000086700000| Untracked 
| 104|0x0000000086800000, 0x0000000086800000, 0x0000000086900000|  0%| F|  |TAMS 0x0000000086800000, 0x0000000086800000| Untracked 
| 105|0x0000000086900000, 0x0000000086900000, 0x0000000086a00000|  0%| F|  |TAMS 0x0000000086900000, 0x0000000086900000| Untracked 
| 106|0x0000000086a00000, 0x0000000086a00000, 0x0000000086b00000|  0%| F|  |TAMS 0x0000000086a00000, 0x0000000086a00000| Untracked 
| 107|0x0000000086b00000, 0x0000000086b00000, 0x0000000086c00000|  0%| F|  |TAMS 0x0000000086b00000, 0x0000000086b00000| Untracked 
| 108|0x0000000086c00000, 0x0000000086c00000, 0x0000000086d00000|  0%| F|  |TAMS 0x0000000086c00000, 0x0000000086c00000| Untracked 
| 117|0x0000000087500000, 0x0000000087500000, 0x0000000087600000|  0%| F|  |TAMS 0x0000000087500000, 0x0000000087500000| Untracked 

Card table byte_map: [0x0000025440230000,0x0000025440630000] _byte_map_base: 0x000002543fe30000

Marking Bits (Prev, Next): (CMBitMap*) 0x000002542ccf1380, (CMBitMap*) 0x000002542ccf13c0
 Prev Bits: [0x0000025440a30000, 0x0000025442a30000)
 Next Bits: [0x0000025442a30000, 0x0000025444a30000)

Polling page: 0x000002542cd40000

Metaspace:

Usage:
  Non-class:     53.67 MB used.
      Class:      8.42 MB used.
       Both:     62.09 MB used.

Virtual space:
  Non-class space:       64.00 MB reserved,      53.94 MB ( 84%) committed,  1 nodes.
      Class space:        1.00 GB reserved,       8.69 MB ( <1%) committed,  1 nodes.
             Both:        1.06 GB reserved,      62.62 MB (  6%) committed. 

Chunk freelists:
   Non-Class:  9.41 MB
       Class:  7.36 MB
        Both:  16.77 MB

MaxMetaspaceSize: unlimited
CompressedClassSpaceSize: 1.00 GB
Initial GC threshold: 21.00 MB
Current GC threshold: 96.25 MB
CDS: off
MetaspaceReclaimPolicy: balanced
 - commit_granule_bytes: 65536.
 - commit_granule_words: 8192.
 - virtual_space_node_default_size: 8388608.
 - enlarge_chunks_in_place: 1.
 - new_chunks_are_fully_committed: 0.
 - uncommit_free_chunks: 1.
 - use_allocation_guard: 0.
 - handle_deallocations: 1.


Internal statistics:

num_allocs_failed_limit: 6.
num_arena_births: 736.
num_arena_deaths: 0.
num_vsnodes_births: 2.
num_vsnodes_deaths: 0.
num_space_committed: 1002.
num_space_uncommitted: 0.
num_chunks_returned_to_freelist: 6.
num_chunks_taken_from_freelist: 2993.
num_chunk_merges: 3.
num_chunk_splits: 1930.
num_chunks_enlarged: 1269.
num_inconsistent_stats: 0.

CodeHeap 'non-profiled nmethods': size=120000Kb used=3173Kb max_used=3173Kb free=116826Kb
 bounds [0x0000025437c60000, 0x0000025437f80000, 0x000002543f190000]
CodeHeap 'profiled nmethods': size=120000Kb used=11820Kb max_used=11820Kb free=108179Kb
 bounds [0x0000025430190000, 0x0000025430d20000, 0x00000254376c0000]
CodeHeap 'non-nmethods': size=5760Kb used=1638Kb max_used=1690Kb free=4122Kb
 bounds [0x00000254376c0000, 0x0000025437930000, 0x0000025437c60000]
 total_blobs=7094 nmethods=6382 adapters=624
 compilation: enabled
              stopped_count=0, restarted_count=0
 full_count=0

Compilation events (20 events):
Event: 12.616 Thread 0x00000254478f38b0 7147       1       it.unimi.dsi.fastutil.objects.ReferenceArrayList::size (5 bytes)
Event: 12.616 Thread 0x00000254478f38b0 nmethod 7147 0x0000025437f6cd90 code [0x0000025437f6cf20, 0x0000025437f6cff8]
Event: 12.618 Thread 0x00000254478f38b0 7148       3       org.gradle.internal.instantiation.generator.AsmBackedClassGenerator$ClassBuilderImpl::access$2700 (4 bytes)
Event: 12.618 Thread 0x00000254478f38b0 nmethod 7148 0x000002543059d490 code [0x000002543059d620, 0x000002543059d718]
Event: 12.618 Thread 0x00000254478f38b0 7149       3       org.gradle.internal.instantiation.generator.AsmBackedClassGenerator$ClassBuilderImpl::addLazyGetter (18 bytes)
Event: 12.619 Thread 0x00000254478f38b0 nmethod 7149 0x0000025430d14890 code [0x0000025430d14a40, 0x0000025430d14ba8]
Event: 12.624 Thread 0x00000254478f38b0 7150       3       com.google.common.collect.ImmutableList::contains (14 bytes)
Event: 12.624 Thread 0x00000254478f38b0 nmethod 7150 0x0000025430d14c90 code [0x0000025430d14e40, 0x0000025430d15068]
Event: 12.624 Thread 0x00000254478f38b0 7151       3       com.google.common.collect.ImmutableList::indexOf (14 bytes)
Event: 12.624 Thread 0x00000254478f38b0 nmethod 7151 0x0000025430d15110 code [0x0000025430d152c0, 0x0000025430d15448]
Event: 12.642 Thread 0x00000254478f38b0 7152 %     3       org.gradle.internal.instantiation.generator.AbstractClassGenerator::inspectType @ 107 (560 bytes)
Event: 12.646 Thread 0x00000254478f38b0 nmethod 7152% 0x0000025430d15510 code [0x0000025430d15cc0, 0x0000025430d1ab68]
Event: 12.818 Thread 0x00000254478f2380 nmethod 7102 0x0000025437f6d090 code [0x0000025437f6d660, 0x0000025437f746a8]
Event: 12.818 Thread 0x00000254478f2380 7143       4       org.gradle.internal.service.DefaultServiceRegistry$OwnServices::getProviders (26 bytes)
Event: 12.821 Thread 0x00000254478f2380 nmethod 7143 0x0000025437f78990 code [0x0000025437f78b40, 0x0000025437f78df8]
Event: 12.821 Thread 0x00000254478f2380 7136       4       jdk.internal.org.objectweb.asm.SymbolTable::addConstantMethodref (24 bytes)
Event: 12.821 Thread 0x00000254478f2380 nmethod 7136 0x0000025437f79090 code [0x0000025437f79220, 0x0000025437f792e8]
Event: 12.821 Thread 0x00000254478f2380 7153       4       org.gradle.internal.service.DefaultServiceRegistry::access$900 (5 bytes)
Event: 12.822 Thread 0x00000254478f2380 nmethod 7153 0x0000025437f79390 code [0x0000025437f79520, 0x0000025437f79638]
Event: 12.822 Thread 0x00000254478f2380 7135       4       sun.invoke.util.BytecodeDescriptor::unparseSig (49 bytes)

GC Heap History (20 events):
Event: 10.705 GC heap after
{Heap after GC invocations=18 (full 0):
 garbage-first heap   total 82944K, used 41313K [0x0000000080000000, 0x0000000100000000)
  region size 1024K, 4 young (4096K), 4 survivors (4096K)
 Metaspace       used 56393K, committed 56896K, reserved 1114112K
  class space    used 7755K, committed 8000K, reserved 1048576K
}
Event: 10.916 GC heap before
{Heap before GC invocations=18 (full 0):
 garbage-first heap   total 82944K, used 63841K [0x0000000080000000, 0x0000000100000000)
  region size 1024K, 27 young (27648K), 4 survivors (4096K)
 Metaspace       used 56599K, committed 57088K, reserved 1114112K
  class space    used 7755K, committed 8000K, reserved 1048576K
}
Event: 10.920 GC heap after
{Heap after GC invocations=19 (full 0):
 garbage-first heap   total 82944K, used 43504K [0x0000000080000000, 0x0000000100000000)
  region size 1024K, 4 young (4096K), 4 survivors (4096K)
 Metaspace       used 56599K, committed 57088K, reserved 1114112K
  class space    used 7755K, committed 8000K, reserved 1048576K
}
Event: 11.359 GC heap before
{Heap before GC invocations=20 (full 0):
 garbage-first heap   total 82944K, used 69104K [0x0000000080000000, 0x0000000100000000)
  region size 1024K, 24 young (24576K), 4 survivors (4096K)
 Metaspace       used 57239K, committed 57792K, reserved 1114112K
  class space    used 7861K, committed 8128K, reserved 1048576K
}
Event: 11.362 GC heap after
{Heap after GC invocations=21 (full 0):
 garbage-first heap   total 82944K, used 55029K [0x0000000080000000, 0x0000000100000000)
  region size 1024K, 3 young (3072K), 3 survivors (3072K)
 Metaspace       used 57239K, committed 57792K, reserved 1114112K
  class space    used 7861K, committed 8128K, reserved 1048576K
}
Event: 11.395 GC heap before
{Heap before GC invocations=21 (full 0):
 garbage-first heap   total 82944K, used 59125K [0x0000000080000000, 0x0000000100000000)
  region size 1024K, 4 young (4096K), 3 survivors (3072K)
 Metaspace       used 57239K, committed 57792K, reserved 1114112K
  class space    used 7861K, committed 8128K, reserved 1048576K
}
Event: 11.397 GC heap after
{Heap after GC invocations=22 (full 0):
 garbage-first heap   total 82944K, used 59639K [0x0000000080000000, 0x0000000100000000)
  region size 1024K, 1 young (1024K), 1 survivors (1024K)
 Metaspace       used 57239K, committed 57792K, reserved 1114112K
  class space    used 7861K, committed 8128K, reserved 1048576K
}
Event: 11.398 GC heap before
{Heap before GC invocations=22 (full 0):
 garbage-first heap   total 82944K, used 59639K [0x0000000080000000, 0x0000000100000000)
  region size 1024K, 2 young (2048K), 1 survivors (1024K)
 Metaspace       used 57239K, committed 57792K, reserved 1114112K
  class space    used 7861K, committed 8128K, reserved 1048576K
}
Event: 11.399 GC heap after
{Heap after GC invocations=23 (full 0):
 garbage-first heap   total 82944K, used 59607K [0x0000000080000000, 0x0000000100000000)
  region size 1024K, 1 young (1024K), 1 survivors (1024K)
 Metaspace       used 57239K, committed 57792K, reserved 1114112K
  class space    used 7861K, committed 8128K, reserved 1048576K
}
Event: 11.556 GC heap before
{Heap before GC invocations=24 (full 0):
 garbage-first heap   total 109568K, used 68823K [0x0000000080000000, 0x0000000100000000)
  region size 1024K, 7 young (7168K), 1 survivors (1024K)
 Metaspace       used 57478K, committed 58048K, reserved 1114112K
  class space    used 7900K, committed 8192K, reserved 1048576K
}
Event: 11.557 GC heap after
{Heap after GC invocations=25 (full 0):
 garbage-first heap   total 109568K, used 63632K [0x0000000080000000, 0x0000000100000000)
  region size 1024K, 1 young (1024K), 1 survivors (1024K)
 Metaspace       used 57478K, committed 58048K, reserved 1114112K
  class space    used 7900K, committed 8192K, reserved 1048576K
}
Event: 11.623 GC heap before
{Heap before GC invocations=25 (full 0):
 garbage-first heap   total 109568K, used 66704K [0x0000000080000000, 0x0000000100000000)
  region size 1024K, 5 young (5120K), 1 survivors (1024K)
 Metaspace       used 57835K, committed 58432K, reserved 1114112K
  class space    used 7960K, committed 8256K, reserved 1048576K
}
Event: 11.625 GC heap after
{Heap after GC invocations=26 (full 0):
 garbage-first heap   total 109568K, used 62810K [0x0000000080000000, 0x0000000100000000)
  region size 1024K, 1 young (1024K), 1 survivors (1024K)
 Metaspace       used 57835K, committed 58432K, reserved 1114112K
  class space    used 7960K, committed 8256K, reserved 1048576K
}
Event: 11.749 GC heap before
{Heap before GC invocations=26 (full 0):
 garbage-first heap   total 109568K, used 71002K [0x0000000080000000, 0x0000000100000000)
  region size 1024K, 11 young (11264K), 1 survivors (1024K)
 Metaspace       used 58478K, committed 59072K, reserved 1114112K
  class space    used 8020K, committed 8320K, reserved 1048576K
}
Event: 11.751 GC heap after
{Heap after GC invocations=27 (full 0):
 garbage-first heap   total 109568K, used 63486K [0x0000000080000000, 0x0000000100000000)
  region size 1024K, 1 young (1024K), 1 survivors (1024K)
 Metaspace       used 58478K, committed 59072K, reserved 1114112K
  class space    used 8020K, committed 8320K, reserved 1048576K
}
Event: 12.191 GC heap before
{Heap before GC invocations=28 (full 0):
 garbage-first heap   total 112640K, used 89086K [0x0000000080000000, 0x0000000100000000)
  region size 1024K, 25 young (25600K), 1 survivors (1024K)
 Metaspace       used 60463K, committed 61056K, reserved 1114112K
  class space    used 8295K, committed 8576K, reserved 1048576K
}
Event: 12.193 GC heap after
{Heap after GC invocations=29 (full 0):
 garbage-first heap   total 112640K, used 65104K [0x0000000080000000, 0x0000000100000000)
  region size 1024K, 2 young (2048K), 2 survivors (2048K)
 Metaspace       used 60463K, committed 61056K, reserved 1114112K
  class space    used 8295K, committed 8576K, reserved 1048576K
}
Event: 12.244 GC heap before
{Heap before GC invocations=29 (full 0):
 garbage-first heap   total 112640K, used 68176K [0x0000000080000000, 0x0000000100000000)
  region size 1024K, 5 young (5120K), 2 survivors (2048K)
 Metaspace       used 60685K, committed 61184K, reserved 1114112K
  class space    used 8324K, committed 8576K, reserved 1048576K
}
Event: 12.245 GC heap after
{Heap after GC invocations=30 (full 0):
 garbage-first heap   total 112640K, used 65047K [0x0000000080000000, 0x0000000100000000)
  region size 1024K, 1 young (1024K), 1 survivors (1024K)
 Metaspace       used 60685K, committed 61184K, reserved 1114112K
  class space    used 8324K, committed 8576K, reserved 1048576K
}
Event: 12.825 GC heap before
{Heap before GC invocations=30 (full 0):
 garbage-first heap   total 112640K, used 90647K [0x0000000080000000, 0x0000000100000000)
  region size 1024K, 27 young (27648K), 1 survivors (1024K)
 Metaspace       used 63575K, committed 64128K, reserved 1114112K
  class space    used 8617K, committed 8896K, reserved 1048576K
}

Dll operation events (3 events):
Event: 0.031 Loaded shared library C:\Program Files\Android\Android Studio\jbr\bin\java.dll
Event: 0.238 Loaded shared library C:\Program Files\Android\Android Studio\jbr\bin\zip.dll
Event: 0.753 Loaded shared library C:\Program Files\Android\Android Studio\jbr\bin\verify.dll

Deoptimization events (20 events):
Event: 12.321 Thread 0x000002544e51c760 Uncommon trap: trap_request=0xffffffde fr.pc=0x0000025437f0b7c4 relative=0x0000000000000364
Event: 12.321 Thread 0x000002544e51c760 Uncommon trap: reason=class_check action=maybe_recompile pc=0x0000025437f0b7c4 method=java.util.stream.AbstractPipeline.copyIntoWithCancel(Ljava/util/stream/Sink;Ljava/util/Spliterator;)Z @ 32 c2
Event: 12.321 Thread 0x000002544e51c760 DEOPT PACKING pc=0x0000025437f0b7c4 sp=0x000000c70b8f60b0
Event: 12.321 Thread 0x000002544e51c760 DEOPT UNPACKING pc=0x00000254377169a3 sp=0x000000c70b8f5f70 mode 2
Event: 12.322 Thread 0x000002544e51c760 Uncommon trap: trap_request=0xffffffde fr.pc=0x0000025437f0b7c4 relative=0x0000000000000364
Event: 12.322 Thread 0x000002544e51c760 Uncommon trap: reason=class_check action=maybe_recompile pc=0x0000025437f0b7c4 method=java.util.stream.AbstractPipeline.copyIntoWithCancel(Ljava/util/stream/Sink;Ljava/util/Spliterator;)Z @ 32 c2
Event: 12.322 Thread 0x000002544e51c760 DEOPT PACKING pc=0x0000025437f0b7c4 sp=0x000000c70b8f60b0
Event: 12.322 Thread 0x000002544e51c760 DEOPT UNPACKING pc=0x00000254377169a3 sp=0x000000c70b8f5f70 mode 2
Event: 12.601 Thread 0x000002544e51c760 Uncommon trap: trap_request=0xffffff45 fr.pc=0x0000025437cdded8 relative=0x0000000000000458
Event: 12.601 Thread 0x000002544e51c760 Uncommon trap: reason=unstable_if action=reinterpret pc=0x0000025437cdded8 method=org.gradle.internal.service.DefaultServiceRegistry$OwnServices.getService(Ljava/lang/reflect/Type;)Lorg/gradle/internal/service/Service; @ 27 c2
Event: 12.601 Thread 0x000002544e51c760 DEOPT PACKING pc=0x0000025437cdded8 sp=0x000000c70b8f6cc0
Event: 12.601 Thread 0x000002544e51c760 DEOPT UNPACKING pc=0x00000254377169a3 sp=0x000000c70b8f6c38 mode 2
Event: 12.738 Thread 0x000002544e51c760 Uncommon trap: trap_request=0xffffffc6 fr.pc=0x0000025437edb198 relative=0x0000000000000058
Event: 12.739 Thread 0x000002544e51c760 Uncommon trap: reason=bimorphic_or_optimized_type_check action=maybe_recompile pc=0x0000025437edb198 method=java.util.AbstractQueue.add(Ljava/lang/Object;)Z @ 2 c2
Event: 12.739 Thread 0x000002544e51c760 DEOPT PACKING pc=0x0000025437edb198 sp=0x000000c70b8f70f0
Event: 12.739 Thread 0x000002544e51c760 DEOPT UNPACKING pc=0x00000254377169a3 sp=0x000000c70b8f70b8 mode 2
Event: 12.739 Thread 0x000002544e51c760 Uncommon trap: trap_request=0xffffffc6 fr.pc=0x0000025437edb198 relative=0x0000000000000058
Event: 12.739 Thread 0x000002544e51c760 Uncommon trap: reason=bimorphic_or_optimized_type_check action=maybe_recompile pc=0x0000025437edb198 method=java.util.AbstractQueue.add(Ljava/lang/Object;)Z @ 2 c2
Event: 12.739 Thread 0x000002544e51c760 DEOPT PACKING pc=0x0000025437edb198 sp=0x000000c70b8f70f0
Event: 12.739 Thread 0x000002544e51c760 DEOPT UNPACKING pc=0x00000254377169a3 sp=0x000000c70b8f70b8 mode 2

Classes unloaded (0 events):
No events

Classes redefined (0 events):
No events

Internal exceptions (20 events):
Event: 9.660 Thread 0x000002544e51c760 Exception <a 'java/lang/NoSuchMethodError'{0x00000000831abd88}: 'java.lang.Object java.lang.invoke.DirectMethodHandle$Holder.invokeSpecial(java.lang.Object, java.lang.Object, java.lang.Object, java.lang.Object, java.lang.Object, long)'> (0x00000000831abd88) 
thrown [s\src\hotspot\share\interpreter\linkResolver.cpp, line 771]
Event: 9.662 Thread 0x000002544e51c760 Exception <a 'java/lang/NoSuchMethodError'{0x00000000831cf430}: 'void java.lang.invoke.DirectMethodHandle$Holder.invokeStatic(java.lang.Object, java.lang.Object, java.lang.Object, int, java.lang.Object)'> (0x00000000831cf430) 
thrown [s\src\hotspot\share\interpreter\linkResolver.cpp, line 771]
Event: 10.529 Thread 0x000002544e51c760 Exception <a 'java/lang/NoSuchMethodError'{0x0000000083d66518}: 'java.lang.Object java.lang.invoke.DirectMethodHandle$Holder.newInvokeSpecial(java.lang.Object, java.lang.Object, java.lang.Object, java.lang.Object, int, java.lang.Object)'> (0x0000000083d66518) 
thrown [s\src\hotspot\share\interpreter\linkResolver.cpp, line 771]
Event: 10.530 Thread 0x000002544e51c760 Exception <a 'java/lang/NoSuchMethodError'{0x0000000083d6b870}: 'java.lang.Object java.lang.invoke.Invokers$Holder.linkToTargetMethod(java.lang.Object, java.lang.Object, java.lang.Object, int, java.lang.Object, java.lang.Object)'> (0x0000000083d6b870) 
thrown [s\src\hotspot\share\interpreter\linkResolver.cpp, line 771]
Event: 10.984 Thread 0x000002544e51c760 Exception <a 'java/lang/NoSuchMethodError'{0x0000000084b79af8}: 'long java.lang.invoke.DirectMethodHandle$Holder.invokeVirtual(java.lang.Object, java.lang.Object)'> (0x0000000084b79af8) 
thrown [s\src\hotspot\share\interpreter\linkResolver.cpp, line 771]
Event: 10.988 Thread 0x000002544e0ea780 Exception <a 'java/lang/NoSuchMethodError'{0x0000000084bbc740}: static Lorg/gradle/internal/build/event/types/DefaultOperationFinishedProgressEvent;.<clinit>()V> (0x0000000084bbc740) 
thrown [s\src\hotspot\share\prims\jni.cpp, line 1127]
Event: 10.991 Thread 0x000002544e0ea780 Exception <a 'java/lang/NoSuchMethodError'{0x0000000084be6fd0}: static Lorg/gradle/internal/build/event/types/DefaultProjectConfigurationSuccessResult;.<clinit>()V> (0x0000000084be6fd0) 
thrown [s\src\hotspot\share\prims\jni.cpp, line 1127]
Event: 10.992 Thread 0x000002544e0ea780 Exception <a 'java/lang/NoSuchMethodError'{0x0000000084bec408}: static Lorg/gradle/internal/build/event/types/AbstractProjectConfigurationResult;.<clinit>()V> (0x0000000084bec408) 
thrown [s\src\hotspot\share\prims\jni.cpp, line 1127]
Event: 10.992 Thread 0x000002544e0ea780 Exception <a 'java/lang/NoSuchMethodError'{0x0000000084bedb50}: static Lorg/gradle/internal/build/event/types/AbstractOperationResult;.<clinit>()V> (0x0000000084bedb50) 
thrown [s\src\hotspot\share\prims\jni.cpp, line 1127]
Event: 10.992 Thread 0x000002544e0ea780 Exception <a 'java/lang/NoSuchMethodError'{0x0000000084beefa0}: static Lorg/gradle/internal/build/event/types/AbstractResult;.<clinit>()V> (0x0000000084beefa0) 
thrown [s\src\hotspot\share\prims\jni.cpp, line 1127]
Event: 10.994 Thread 0x000002544e0ea780 Exception <a 'java/lang/NoSuchMethodError'{0x0000000084a17250}: static Lorg/gradle/internal/build/event/types/DefaultPluginApplicationResult;.<clinit>()V> (0x0000000084a17250) 
thrown [s\src\hotspot\share\prims\jni.cpp, line 1127]
Event: 10.995 Thread 0x000002544e0ea780 Exception <a 'java/lang/NoSuchMethodError'{0x0000000084a23c40}: static Lorg/gradle/internal/build/event/types/DefaultBinaryPluginIdentifier;.<clinit>()V> (0x0000000084a23c40) 
thrown [s\src\hotspot\share\prims\jni.cpp, line 1127]
Event: 10.997 Thread 0x000002544e0ea780 Exception <a 'java/lang/NoSuchMethodError'{0x0000000084a758b8}: static Lorg/gradle/internal/build/event/types/DefaultScriptPluginIdentifier;.<clinit>()V> (0x0000000084a758b8) 
thrown [s\src\hotspot\share\prims\jni.cpp, line 1127]
Event: 11.061 Thread 0x000002544e51c760 Implicit null exception at 0x0000025437ccf312 to 0x0000025437ccf9f8
Event: 11.062 Thread 0x000002544e51c760 Implicit null exception at 0x0000025437c7e094 to 0x0000025437c7e708
Event: 11.237 Thread 0x000002544e51c760 Exception <a 'java/lang/NoSuchMethodError'{0x000000008439f1e0}: 'void java.lang.invoke.Invokers$Holder.invoke_MT(java.lang.Object, java.lang.Object, java.lang.Object, java.lang.Object)'> (0x000000008439f1e0) 
thrown [s\src\hotspot\share\interpreter\linkResolver.cpp, line 771]
Event: 11.245 Thread 0x000002544e51c760 Exception <a 'java/lang/NoSuchMethodError'{0x000000008421f000}: 'java.lang.Object java.lang.invoke.DirectMethodHandle$Holder.invokeSpecial(java.lang.Object, java.lang.Object, java.lang.Object, int, java.lang.Object, java.lang.Object)'> (0x000000008421f000) 
thrown [s\src\hotspot\share\interpreter\linkResolver.cpp, line 771]
Event: 11.492 Thread 0x000002544e51c760 Exception <a 'java/lang/ClassNotFoundException'{0x00000000869e8ca8}: sun/misc/SharedSecrets> (0x00000000869e8ca8) 
thrown [s\src\hotspot\share\classfile\systemDictionary.cpp, line 256]
Event: 11.493 Thread 0x000002544e51c760 Exception <a 'java/lang/ClassNotFoundException'{0x00000000869ea280}: org/gradle/api/internal/plugins/DefaultObjectConfigurationActionBeanInfo> (0x00000000869ea280) 
thrown [s\src\hotspot\share\classfile\systemDictionary.cpp, line 256]
Event: 11.493 Thread 0x000002544e51c760 Exception <a 'java/lang/ClassNotFoundException'{0x0000000086800f88}: org/gradle/api/internal/plugins/DefaultObjectConfigurationActionCustomizer> (0x0000000086800f88) 
thrown [s\src\hotspot\share\classfile\systemDictionary.cpp, line 256]

VM Operations (20 events):
Event: 11.399 Executing VM operation: G1TryInitiateConcMark done
Event: 11.419 Executing VM operation: G1PauseRemark
Event: 11.421 Executing VM operation: G1PauseRemark done
Event: 11.429 Executing VM operation: G1PauseCleanup
Event: 11.429 Executing VM operation: G1PauseCleanup done
Event: 11.556 Executing VM operation: G1CollectForAllocation
Event: 11.557 Executing VM operation: G1CollectForAllocation done
Event: 11.623 Executing VM operation: G1CollectForAllocation
Event: 11.625 Executing VM operation: G1CollectForAllocation done
Event: 11.749 Executing VM operation: G1TryInitiateConcMark
Event: 11.751 Executing VM operation: G1TryInitiateConcMark done
Event: 11.771 Executing VM operation: G1PauseRemark
Event: 11.773 Executing VM operation: G1PauseRemark done
Event: 11.783 Executing VM operation: G1PauseCleanup
Event: 11.783 Executing VM operation: G1PauseCleanup done
Event: 12.190 Executing VM operation: G1CollectForAllocation
Event: 12.193 Executing VM operation: G1CollectForAllocation done
Event: 12.244 Executing VM operation: G1CollectForAllocation
Event: 12.245 Executing VM operation: G1CollectForAllocation done
Event: 12.825 Executing VM operation: G1CollectForAllocation

Events (20 events):
Event: 12.584 loading class java/time/format/DateTimeFormatterBuilder$FractionPrinterParser done
Event: 12.584 loading class java/time/format/DateTimeFormatterBuilder$ZoneIdPrinterParser
Event: 12.584 loading class java/time/format/DateTimeFormatterBuilder$ZoneIdPrinterParser done
Event: 12.584 loading class java/time/format/DateTimeFormatterBuilder$StringLiteralPrinterParser
Event: 12.585 loading class java/time/format/DateTimeFormatterBuilder$StringLiteralPrinterParser done
Event: 12.585 loading class java/time/format/DateTimeFormatterBuilder$InstantPrinterParser
Event: 12.585 loading class java/time/format/DateTimeFormatterBuilder$InstantPrinterParser done
Event: 12.585 loading class java/time/format/DateTimeTextProvider$LocaleStore
Event: 12.585 loading class java/time/format/DateTimeTextProvider$LocaleStore done
Event: 12.585 loading class java/time/format/DateTimeTextProvider
Event: 12.586 loading class java/time/format/DateTimeTextProvider done
Event: 12.586 loading class java/time/format/DateTimeTextProvider$1
Event: 12.586 loading class java/time/format/DateTimeTextProvider$1 done
Event: 12.586 loading class java/time/format/DateTimeFormatterBuilder$1
Event: 12.586 loading class java/time/format/DateTimeFormatterBuilder$1 done
Event: 12.586 loading class java/time/format/DateTimeFormatterBuilder$TextPrinterParser
Event: 12.586 loading class java/time/format/DateTimeFormatterBuilder$TextPrinterParser done
Event: 12.587 loading class java/util/concurrent/Executors$DefaultThreadFactory
Event: 12.588 loading class java/util/concurrent/Executors$DefaultThreadFactory done
Event: 12.679 Thread 0x000002544f8df250 Thread added: 0x000002544f8df250


Dynamic libraries:
0x00007ff617a60000 - 0x00007ff617a6a000 	C:\Program Files\Android\Android Studio\jbr\bin\java.exe
0x00007ffb0a420000 - 0x00007ffb0a683000 	C:\WINDOWS\SYSTEM32\ntdll.dll
0x00007ffb09bd0000 - 0x00007ffb09c97000 	C:\WINDOWS\System32\KERNEL32.DLL
0x00007ffb07850000 - 0x00007ffb07c17000 	C:\WINDOWS\System32\KERNELBASE.dll
0x00007ffb07ce0000 - 0x00007ffb07e2c000 	C:\WINDOWS\System32\ucrtbase.dll
0x00007ffae41b0000 - 0x00007ffae41c7000 	C:\Program Files\Android\Android Studio\jbr\bin\jli.dll
0x00007ffae5f30000 - 0x00007ffae5f4b000 	C:\Program Files\Android\Android Studio\jbr\bin\VCRUNTIME140.dll
0x00007ffb08e10000 - 0x00007ffb08fd9000 	C:\WINDOWS\System32\USER32.dll
0x00007ffb08100000 - 0x00007ffb08127000 	C:\WINDOWS\System32\win32u.dll
0x00007ffaee3c0000 - 0x00007ffaee650000 	C:\WINDOWS\WinSxS\amd64_microsoft.windows.common-controls_6595b64144ccf1df_6.0.26100.3037_none_3e09262ce333c378\COMCTL32.dll
0x00007ffb09dc0000 - 0x00007ffb09dea000 	C:\WINDOWS\System32\GDI32.dll
0x00007ffb0a080000 - 0x00007ffb0a129000 	C:\WINDOWS\System32\msvcrt.dll
0x00007ffb08130000 - 0x00007ffb0825b000 	C:\WINDOWS\System32\gdi32full.dll
0x00007ffb07ed0000 - 0x00007ffb07f73000 	C:\WINDOWS\System32\msvcp_win.dll
0x00007ffb09b90000 - 0x00007ffb09bbf000 	C:\WINDOWS\System32\IMM32.DLL
0x00007ffae5f20000 - 0x00007ffae5f2c000 	C:\Program Files\Android\Android Studio\jbr\bin\vcruntime140_1.dll
0x00007ffae5e90000 - 0x00007ffae5f1d000 	C:\Program Files\Android\Android Studio\jbr\bin\msvcp140.dll
0x00007ffa29550000 - 0x00007ffa2a1d3000 	C:\Program Files\Android\Android Studio\jbr\bin\server\jvm.dll
0x00007ffb09310000 - 0x00007ffb093c4000 	C:\WINDOWS\System32\ADVAPI32.dll
0x00007ffb0a330000 - 0x00007ffb0a3d6000 	C:\WINDOWS\System32\sechost.dll
0x00007ffb0a1f0000 - 0x00007ffb0a306000 	C:\WINDOWS\System32\RPCRT4.dll
0x00007ffae3790000 - 0x00007ffae379a000 	C:\WINDOWS\SYSTEM32\WSOCK32.dll
0x00007ffb07650000 - 0x00007ffb0769e000 	C:\WINDOWS\SYSTEM32\POWRPROF.dll
0x00007ffaf84d0000 - 0x00007ffaf8506000 	C:\WINDOWS\SYSTEM32\WINMM.dll
0x00007ffb094c0000 - 0x00007ffb09534000 	C:\WINDOWS\System32\WS2_32.dll
0x00007ffafdce0000 - 0x00007ffafdceb000 	C:\WINDOWS\SYSTEM32\VERSION.dll
0x00007ffb07630000 - 0x00007ffb07644000 	C:\WINDOWS\SYSTEM32\UMPDC.dll
0x00007ffb065f0000 - 0x00007ffb0660a000 	C:\WINDOWS\SYSTEM32\kernel.appcore.dll
0x00007ffb026a0000 - 0x00007ffb026aa000 	C:\Program Files\Android\Android Studio\jbr\bin\jimage.dll
0x00007ffaf8da0000 - 0x00007ffaf8fe1000 	C:\WINDOWS\SYSTEM32\DBGHELP.DLL
0x00007ffb095d0000 - 0x00007ffb0994e000 	C:\WINDOWS\System32\combase.dll
0x00007ffb09ca0000 - 0x00007ffb09d76000 	C:\WINDOWS\System32\OLEAUT32.dll
0x00007ffae76d0000 - 0x00007ffae7709000 	C:\WINDOWS\SYSTEM32\dbgcore.DLL
0x00007ffb07e30000 - 0x00007ffb07ec9000 	C:\WINDOWS\System32\bcryptPrimitives.dll
0x00007ffae5d20000 - 0x00007ffae5d2e000 	C:\Program Files\Android\Android Studio\jbr\bin\instrument.dll
0x00007ffb01250000 - 0x00007ffb01275000 	C:\Program Files\Android\Android Studio\jbr\bin\java.dll
0x00007ffb02680000 - 0x00007ffb02698000 	C:\Program Files\Android\Android Studio\jbr\bin\zip.dll
0x00007ffb086f0000 - 0x00007ffb08df4000 	C:\WINDOWS\System32\SHELL32.dll
0x00007ffb05490000 - 0x00007ffb05cc7000 	C:\WINDOWS\SYSTEM32\windows.storage.dll
0x00007ffb093d0000 - 0x00007ffb094b9000 	C:\WINDOWS\System32\SHCORE.dll
0x00007ffb0a130000 - 0x00007ffb0a18d000 	C:\WINDOWS\System32\shlwapi.dll
0x00007ffb076d0000 - 0x00007ffb076fe000 	C:\WINDOWS\SYSTEM32\profapi.dll
0x00007ffaf3860000 - 0x00007ffaf3879000 	C:\Program Files\Android\Android Studio\jbr\bin\net.dll
0x00007ffb00d80000 - 0x00007ffb00e9e000 	C:\WINDOWS\SYSTEM32\WINHTTP.dll
0x00007ffb06b00000 - 0x00007ffb06b6a000 	C:\WINDOWS\system32\mswsock.dll
0x00007ffaf1f50000 - 0x00007ffaf1f66000 	C:\Program Files\Android\Android Studio\jbr\bin\nio.dll
0x00007ffaebce0000 - 0x00007ffaebcf0000 	C:\Program Files\Android\Android Studio\jbr\bin\verify.dll
0x00007ffad5c00000 - 0x00007ffad5c27000 	C:\Users\leyot\.gradle\native\c067742578af261105cb4f569cf0c3c89f3d7b1fecec35dd04571415982c5e48\windows-amd64\native-platform.dll
0x00007ffab4f00000 - 0x00007ffab5044000 	C:\Users\leyot\.gradle\native\38dada09dfb8b06ba9b0570ebf7e218e3eb74d4ef43ca46872605cf95ebc2f47\windows-amd64\native-platform-file-events.dll
0x00007ffaf35d0000 - 0x00007ffaf35d9000 	C:\Program Files\Android\Android Studio\jbr\bin\management.dll
0x00007ffaf00c0000 - 0x00007ffaf00cb000 	C:\Program Files\Android\Android Studio\jbr\bin\management_ext.dll
0x00007ffb09db0000 - 0x00007ffb09db8000 	C:\WINDOWS\System32\PSAPI.DLL
0x00007ffb06da0000 - 0x00007ffb06dbc000 	C:\WINDOWS\SYSTEM32\CRYPTSP.dll
0x00007ffb06550000 - 0x00007ffb06588000 	C:\WINDOWS\system32\rsaenh.dll
0x00007ffb06ba0000 - 0x00007ffb06bcb000 	C:\WINDOWS\SYSTEM32\USERENV.dll
0x00007ffb06f70000 - 0x00007ffb06f96000 	C:\WINDOWS\SYSTEM32\bcrypt.dll
0x00007ffb06dc0000 - 0x00007ffb06dcc000 	C:\WINDOWS\SYSTEM32\CRYPTBASE.dll
0x00007ffb05fe0000 - 0x00007ffb06012000 	C:\WINDOWS\SYSTEM32\IPHLPAPI.DLL
0x00007ffb08e00000 - 0x00007ffb08e0a000 	C:\WINDOWS\System32\NSI.dll
0x00007ffb01170000 - 0x00007ffb0118f000 	C:\WINDOWS\SYSTEM32\dhcpcsvc6.DLL
0x00007ffb00ff0000 - 0x00007ffb01015000 	C:\WINDOWS\SYSTEM32\dhcpcsvc.DLL
0x00007ffb06020000 - 0x00007ffb06145000 	C:\WINDOWS\SYSTEM32\DNSAPI.dll
0x00007ffaff540000 - 0x00007ffaff549000 	C:\Program Files\Android\Android Studio\jbr\bin\extnet.dll
0x00007ffad93e0000 - 0x00007ffad93e8000 	C:\WINDOWS\system32\wshunix.dll

dbghelp: loaded successfully - version: 4.0.5 - missing functions: none
symbol engine: initialized successfully - sym options: 0x614 - pdb path: .;C:\Program Files\Android\Android Studio\jbr\bin;C:\WINDOWS\SYSTEM32;C:\WINDOWS\WinSxS\amd64_microsoft.windows.common-controls_6595b64144ccf1df_6.0.26100.3037_none_3e09262ce333c378;C:\Program Files\Android\Android Studio\jbr\bin\server;C:\Users\leyot\.gradle\native\c067742578af261105cb4f569cf0c3c89f3d7b1fecec35dd04571415982c5e48\windows-amd64;C:\Users\leyot\.gradle\native\38dada09dfb8b06ba9b0570ebf7e218e3eb74d4ef43ca46872605cf95ebc2f47\windows-amd64

VM Arguments:
jvm_args: --add-opens=java.base/java.util=ALL-UNNAMED --add-opens=java.base/java.lang=ALL-UNNAMED --add-opens=java.base/java.lang.invoke=ALL-UNNAMED --add-opens=java.prefs/java.util.prefs=ALL-UNNAMED --add-opens=java.base/java.nio.charset=ALL-UNNAMED --add-opens=java.base/java.net=ALL-UNNAMED --add-opens=java.base/java.util.concurrent.atomic=ALL-UNNAMED -Xmx2048m -Dfile.encoding=UTF-8 -Duser.country=MX -Duser.language=es -Duser.variant -javaagent:C:\Users\leyot\.gradle\wrapper\dists\gradle-8.7-bin\bhs2wmbdwecv87pi65oeuq5iu\gradle-8.7\lib\agents\gradle-instrumentation-agent-8.7.jar 
java_command: org.gradle.launcher.daemon.bootstrap.GradleDaemon 8.7
java_class_path (initial): C:\Users\leyot\.gradle\wrapper\dists\gradle-8.7-bin\bhs2wmbdwecv87pi65oeuq5iu\gradle-8.7\lib\gradle-launcher-8.7.jar
Launcher Type: SUN_STANDARD

[Global flags]
     intx CICompilerCount                          = 4                                         {product} {ergonomic}
     uint ConcGCThreads                            = 3                                         {product} {ergonomic}
     uint G1ConcRefinementThreads                  = 10                                        {product} {ergonomic}
   size_t G1HeapRegionSize                         = 1048576                                   {product} {ergonomic}
    uintx GCDrainStackTargetSize                   = 64                                        {product} {ergonomic}
   size_t InitialHeapSize                          = 123731968                                 {product} {ergonomic}
   size_t MarkStackSize                            = 4194304                                   {product} {ergonomic}
   size_t MaxHeapSize                              = 2147483648                                {product} {command line}
   size_t MaxNewSize                               = 1287651328                                {product} {ergonomic}
   size_t MinHeapDeltaBytes                        = 1048576                                   {product} {ergonomic}
   size_t MinHeapSize                              = 8388608                                   {product} {ergonomic}
    uintx NonNMethodCodeHeapSize                   = 5839372                                {pd product} {ergonomic}
    uintx NonProfiledCodeHeapSize                  = 122909434                              {pd product} {ergonomic}
    uintx ProfiledCodeHeapSize                     = 122909434                              {pd product} {ergonomic}
    uintx ReservedCodeCacheSize                    = 251658240                              {pd product} {ergonomic}
     bool SegmentedCodeCache                       = true                                      {product} {ergonomic}
   size_t SoftMaxHeapSize                          = 2147483648                             {manageable} {ergonomic}
     bool UseCompressedClassPointers               = true                           {product lp64_product} {ergonomic}
     bool UseCompressedOops                        = true                           {product lp64_product} {ergonomic}
     bool UseG1GC                                  = true                                      {product} {ergonomic}
     bool UseLargePagesIndividualAllocation        = false                                  {pd product} {ergonomic}

Logging:
Log output configuration:
 #0: stdout all=warning uptime,level,tags
 #1: stderr all=off uptime,level,tags

Environment Variables:
JAVA_HOME=C:\Program Files\Java\jdk-22
PATH=C:\Program Files\Java\jdk-22\bin;C:\Program Files (x86)\Common Files\Oracle\Java\javapath;C:\Program Files\Common Files\Oracle\Java\javapath;C:\WINDOWS\system32;C:\WINDOWS;C:\WINDOWS\System32\Wbem;C:\WINDOWS\System32\WindowsPowerShell\v1.0\;C:\WINDOWS\System32\OpenSSH\;C:\Program Files (x86)\NVIDIA Corporation\PhysX\Common;C:\Program Files\NVIDIA Corporation\NVIDIA NvDLISR;C:\Program Files\dotnet\;C:\Program Files\nodejs\;C:\flutter\bin;C:\Program Files (x86)\Windows Kits\10\Windows Performance Toolkit\;C:\WINDOWS\system32\config\systemprofile\dev\flutter\bin;C:\Program Files\Git\cmd;C:\Program Files\Docker\Docker\resources\bin;C:\Users\leyot\OneDrive\Documents\apache-maven\apache-maven-3.9.9-bin\apache-maven-3.9.9\bin;C:\Program Files\Java\jdk-22\bin;C:\Program Files\Java\jdk-22;C:\Users\leyot\dev\flutter\bin;C:\Users\leyot\AppData\Local\Microsoft\WindowsApps;C:\Users\leyot\AppData\Roaming\npm;C:\sqlite;C:\Users\leyot\AppData\Local\Programs\Microsoft VS Code\bin;C:\Program Files\MongoDB\Server\8.0\bin;C:\Program Files\MongoDB\mongosh-2.3.8-win32-x64\bin;C:\Program Files\mosquitto;C:\Program Files\mosquitto;C:\Users\leyot\OneDrive\Documents\apache-maven\apache-maven-3.9.9-bin\apache-maven-3.9.9\bin;
USERNAME=leyot
OS=Windows_NT
PROCESSOR_IDENTIFIER=AMD64 Family 25 Model 68 Stepping 1, AuthenticAMD
TMP=C:\Users\leyot\AppData\Local\Temp
TEMP=C:\Users\leyot\AppData\Local\Temp



Periodic native trim disabled

JNI global refs:
JNI global refs: 26, weak refs: 0

JNI global refs memory usage: 843, weak refs: 841

Process memory usage:
Resident Set Size: 296068K (3% of 7678756K total physical memory with 635944K free physical memory)

OOME stack traces (most recent first):
Classloader memory used:
Loader org.gradle.internal.classloader.VisitableURLClassLoader                         : 3539K
Loader bootstrap                                                                       : 2498K
Loader org.gradle.initialization.MixInLegacyTypesClassLoader                           : 1117K
Loader org.gradle.internal.classloader.VisitableURLClassLoader$InstrumentingVisitableURLClassLoader: 654K
Loader jdk.internal.loader.ClassLoaders$PlatformClassLoader                            : 68974B
Loader jdk.internal.loader.ClassLoaders$AppClassLoader                                 : 28714B
Loader jdk.internal.reflect.DelegatingClassLoader                                      : 27561B
Loader org.gradle.internal.classloader.VisitableURLClassLoader                         : 15804B

Classes loaded by more than one classloader:
Class Program                                                                         : loaded 4 times (x 72B)
Class com.google.common.collect.Iterators$MergingIterator                             : loaded 2 times (x 79B)
Class [Lcom.google.common.collect.AbstractMapEntry;                                   : loaded 2 times (x 67B)
Class com.google.common.collect.SingletonImmutableList                                : loaded 2 times (x 167B)
Class com.google.common.cache.CacheLoader$SupplierToCacheLoader                       : loaded 2 times (x 73B)
Class org.gradle.internal.classpath.ClassPath                                         : loaded 2 times (x 68B)
Class com.google.common.cache.RemovalListener                                         : loaded 2 times (x 68B)
Class org.gradle.api.internal.classpath.DefaultModuleRegistry                         : loaded 2 times (x 84B)
Class Settings_gradle$1$1                                                             : loaded 2 times (x 72B)
Class com.google.common.collect.ListMultimap                                          : loaded 2 times (x 68B)
Class com.google.common.base.CharMatcher$JavaDigit                                    : loaded 2 times (x 109B)
Class com.google.common.base.CharMatcher$Digit                                        : loaded 2 times (x 110B)
Class com.google.common.collect.AbstractMultimap                                      : loaded 2 times (x 121B)
Class com.google.common.cache.CacheBuilder$OneWeigher                                 : loaded 2 times (x 80B)
Class org.gradle.api.Action                                                           : loaded 2 times (x 68B)
Class com.google.common.collect.ImmutableEntry                                        : loaded 2 times (x 80B)
Class com.google.common.collect.Lists$StringAsImmutableList                           : loaded 2 times (x 167B)
Class com.google.common.cache.LocalCache$StrongEntry                                  : loaded 2 times (x 106B)
Class com.google.common.base.CharMatcher                                              : loaded 2 times (x 109B)
Class com.google.common.base.CharMatcher$IsNot                                        : loaded 2 times (x 109B)
Class com.google.common.base.Splitter                                                 : loaded 2 times (x 70B)
Class [Lcom.google.common.cache.Weigher;                                              : loaded 2 times (x 67B)
Class com.google.common.collect.Iterators$ArrayItr                                    : loaded 2 times (x 95B)
Class com.google.common.cache.LocalCache$Segment                                      : loaded 2 times (x 152B)
Class org.gradle.api.internal.DefaultClassPathProvider                                : loaded 2 times (x 74B)
Class org.gradle.internal.installation.GradleInstallation$1                           : loaded 2 times (x 73B)
Class com.google.common.cache.LocalCache$AbstractReferenceEntry                       : loaded 2 times (x 105B)
Class com.google.common.util.concurrent.AbstractFuture$Failure                        : loaded 2 times (x 70B)
Class com.google.common.base.CharMatcher$BitSetMatcher                                : loaded 2 times (x 110B)
Class com.google.common.collect.ImmutableMap$IteratorBasedImmutableMap                : loaded 2 times (x 123B)
Class com.google.common.collect.ImmutableMap                                          : loaded 2 times (x 118B)
Class com.google.common.base.Converter                                                : loaded 2 times (x 88B)
Class com.google.common.collect.ImmutableSet$EmptySetBuilderImpl                      : loaded 2 times (x 74B)
Class com.google.common.base.Equivalence                                              : loaded 2 times (x 80B)
Class com.google.common.cache.LocalCache$EntryFactory$1                               : loaded 2 times (x 81B)
Class com.google.common.cache.LocalCache$EntryFactory$2                               : loaded 2 times (x 81B)
Class com.google.common.cache.LocalCache$EntryFactory$3                               : loaded 2 times (x 81B)
Class com.google.common.cache.LocalCache$EntryFactory$4                               : loaded 2 times (x 81B)
Class com.google.common.cache.LocalCache$EntryFactory$5                               : loaded 2 times (x 81B)
Class com.google.common.cache.LocalCache$EntryFactory$6                               : loaded 2 times (x 81B)
Class com.google.common.cache.LocalCache$EntryFactory$7                               : loaded 2 times (x 81B)
Class com.google.common.cache.LocalCache$EntryFactory$8                               : loaded 2 times (x 81B)
Class com.google.common.base.Predicate                                                : loaded 2 times (x 68B)
Class com.google.common.cache.LocalCache$StrongValueReference                         : loaded 2 times (x 88B)
Class org.gradle.internal.classloader.FilteringClassLoader                            : loaded 2 times (x 103B)
Class com.google.common.collect.RegularImmutableSet                                   : loaded 2 times (x 146B)
Class [Lcom.google.common.cache.LocalCache$Strength;                                  : loaded 2 times (x 67B)
Class org.gradle.internal.classpath.DefaultClassPath$ImmutableUniqueList$Builder      : loaded 2 times (x 73B)
Class com.google.common.collect.Maps$8                                                : loaded 2 times (x 80B)
Class [Lcom.google.common.cache.CacheBuilder$NullListener;                            : loaded 2 times (x 67B)
Class com.google.common.base.PatternCompiler                                          : loaded 2 times (x 68B)
Class com.google.common.base.CharMatcher$InRange                                      : loaded 2 times (x 109B)
Class com.google.common.collect.BiMap                                                 : loaded 2 times (x 68B)
Class com.google.common.collect.Lists                                                 : loaded 2 times (x 69B)
Class com.google.common.math.IntMath$1                                                : loaded 2 times (x 69B)
Class org.gradle.internal.classloader.ClassLoaderVisitor                              : loaded 2 times (x 74B)
Class com.google.common.cache.CacheBuilder$NullListener                               : loaded 2 times (x 80B)
Class com.google.common.math.MathPreconditions                                        : loaded 2 times (x 69B)
Class org.gradle.internal.service.DefaultServiceLocator                               : loaded 2 times (x 81B)
Class org.gradle.internal.service.UnknownServiceException                             : loaded 2 times (x 81B)
Class com.google.common.util.concurrent.AbstractFuture$SynchronizedHelper             : loaded 2 times (x 76B)
Class com.google.common.collect.ArrayListMultimap                                     : loaded 2 times (x 170B)
Class com.google.common.base.Strings                                                  : loaded 2 times (x 69B)
Class com.google.common.cache.CacheLoader$InvalidCacheLoadException                   : loaded 2 times (x 80B)
Class org.gradle.internal.classloader.DefaultClassLoaderFactory                       : loaded 2 times (x 80B)
Class com.google.common.collect.UnmodifiableIterator                                  : loaded 2 times (x 78B)
Class com.google.common.base.Stopwatch                                                : loaded 2 times (x 70B)
Class com.google.common.base.Platform$JdkPatternCompiler                              : loaded 2 times (x 73B)
Class com.google.common.cache.LocalCache$LoadingValueReference                        : loaded 2 times (x 94B)
Class com.google.common.base.CharMatcher$SingleWidth                                  : loaded 2 times (x 110B)
Class com.google.common.collect.Hashing                                               : loaded 2 times (x 69B)
Class com.google.common.base.JdkPattern                                               : loaded 2 times (x 73B)
Class com.google.common.collect.Multimap                                              : loaded 2 times (x 68B)
Class com.google.common.base.FunctionalEquivalence                                    : loaded 2 times (x 81B)
Class com.google.common.cache.LocalCache$1                                            : loaded 2 times (x 87B)
Class com.google.common.cache.LocalCache$2                                            : loaded 2 times (x 140B)
Class org.gradle.internal.classloader.VisitableURLClassLoader$Spec                    : loaded 2 times (x 72B)
Class org.gradle.api.GradleException                                                  : loaded 2 times (x 80B)
Class com.google.common.base.CharMatcher$JavaLetterOrDigit                            : loaded 2 times (x 109B)
Class org.gradle.api.internal.classpath.ModuleRegistry                                : loaded 2 times (x 68B)
Class com.google.common.cache.CacheBuilder                                            : loaded 2 times (x 70B)
Class com.google.common.collect.ImmutableCollection                                   : loaded 2 times (x 123B)
Class com.google.common.base.PairwiseEquivalence                                      : loaded 2 times (x 81B)
Class com.google.common.base.Ticker                                                   : loaded 2 times (x 70B)
Class org.gradle.api.internal.ClassPathProvider                                       : loaded 2 times (x 68B)
Class com.google.common.collect.RegularImmutableMap$Values                            : loaded 2 times (x 167B)
Class org.gradle.internal.classloader.ClasspathUtil$1                                 : loaded 2 times (x 74B)
Class com.google.common.collect.ImmutableEnumMap                                      : loaded 2 times (x 123B)
Class com.google.common.collect.ImmutableList$ReverseImmutableList                    : loaded 2 times (x 168B)
Class com.google.common.cache.AbstractCache$StatsCounter                              : loaded 2 times (x 68B)
Class com.google.common.cache.LocalCache$Strength$1                                   : loaded 2 times (x 79B)
Class com.google.common.cache.LocalCache$Strength$2                                   : loaded 2 times (x 79B)
Class com.google.common.cache.LocalCache$Strength$3                                   : loaded 2 times (x 79B)
Class org.gradle.internal.classloader.ClassLoaderFactory                              : loaded 2 times (x 68B)
Class com.google.common.collect.ObjectArrays                                          : loaded 2 times (x 69B)
Class com.google.common.util.concurrent.AbstractFuture$Waiter                         : loaded 2 times (x 70B)
Class com.google.common.util.concurrent.Uninterruptibles                              : loaded 2 times (x 69B)
Class com.google.common.collect.Iterators$10                                          : loaded 2 times (x 79B)
Class com.google.common.collect.ImmutableList                                         : loaded 2 times (x 166B)
Class org.gradle.api.internal.classpath.ManifestUtil                                  : loaded 2 times (x 69B)
Class org.gradle.api.specs.Spec                                                       : loaded 2 times (x 68B)
Class com.google.common.cache.CacheLoader$UnsupportedLoadingOperationException        : loaded 2 times (x 80B)
Class com.google.common.base.CharMatcher$Whitespace                                   : loaded 2 times (x 110B)
Class com.google.common.util.concurrent.ListenableFuture                              : loaded 2 times (x 68B)
Class com.google.common.collect.Iterators$1                                           : loaded 2 times (x 79B)
Class com.google.common.collect.Iterators$4                                           : loaded 2 times (x 80B)
Class com.google.common.collect.RegularImmutableMap$BucketOverflowException           : loaded 2 times (x 80B)
Class com.google.common.collect.Iterators$5                                           : loaded 2 times (x 80B)
Class com.google.common.util.concurrent.AbstractFuture$UnsafeAtomicHelper             : loaded 2 times (x 76B)
Class com.google.common.base.Equivalence$Equals                                       : loaded 2 times (x 80B)
Class com.google.common.base.Preconditions                                            : loaded 2 times (x 69B)
Class com.google.common.base.Function                                                 : loaded 2 times (x 68B)
Class com.google.common.collect.Iterators$9                                           : loaded 2 times (x 79B)
Class org.gradle.internal.IoActions                                                   : loaded 2 times (x 69B)
Class com.google.common.cache.ReferenceEntry                                          : loaded 2 times (x 68B)
Class com.google.common.collect.RegularImmutableMap$KeySet                            : loaded 2 times (x 148B)
Class com.google.common.collect.CollectPreconditions                                  : loaded 2 times (x 69B)
Class com.google.common.collect.Maps                                                  : loaded 2 times (x 69B)
Class com.google.common.collect.RegularImmutableMap                                   : loaded 2 times (x 119B)
Class com.google.common.collect.AbstractIndexedListIterator                           : loaded 2 times (x 94B)
Class com.google.common.base.CharMatcher$None                                         : loaded 2 times (x 110B)
Class org.gradle.api.internal.classpath.EffectiveClassPath                            : loaded 2 times (x 88B)
Class com.google.common.collect.UnmodifiableListIterator                              : loaded 2 times (x 93B)
Class com.google.common.cache.CacheLoader$FunctionToCacheLoader                       : loaded 2 times (x 73B)
Class com.google.common.cache.CacheBuilder$1                                          : loaded 2 times (x 83B)
Class com.google.common.cache.CacheBuilder$2                                          : loaded 2 times (x 70B)
Class com.google.common.collect.ImmutableList$1                                       : loaded 2 times (x 95B)
Class com.google.common.base.Splitter$Strategy                                        : loaded 2 times (x 68B)
Class com.google.common.collect.ImmutableMapEntrySet$RegularEntrySet                  : loaded 2 times (x 149B)
Class [Lcom.google.common.cache.RemovalListener;                                      : loaded 2 times (x 67B)
Class [Lcom.google.common.collect.ImmutableMapEntry;                                  : loaded 2 times (x 67B)
Class org.gradle.internal.installation.CurrentGradleInstallation                      : loaded 2 times (x 71B)
Class org.gradle.internal.agents.InstrumentingClassLoader                             : loaded 2 times (x 68B)
Class org.gradle.internal.installation.CurrentGradleInstallationLocator               : loaded 2 times (x 69B)
Class [Lcom.google.common.cache.LocalCache$Segment;                                   : loaded 2 times (x 67B)
Class org.gradle.api.internal.classpath.Module                                        : loaded 2 times (x 68B)
Class com.google.common.base.Splitter$1$1                                             : loaded 2 times (x 84B)
Class com.google.common.collect.ImmutableSet$JdkBackedSetBuilderImpl                  : loaded 2 times (x 74B)
Class com.google.common.collect.ImmutableSet$RegularSetBuilderImpl                    : loaded 2 times (x 75B)
Class org.gradle.internal.service.CachingServiceLocator                               : loaded 2 times (x 80B)
Class [Lcom.google.common.collect.ImmutableEntry;                                     : loaded 2 times (x 67B)
Class org.gradle.internal.classpath.DefaultClassPath                                  : loaded 2 times (x 88B)
Class com.google.common.util.concurrent.AbstractFuture$SetFuture                      : loaded 2 times (x 73B)
Class com.google.common.base.Splitter$SplittingIterator                               : loaded 2 times (x 82B)
Class com.google.common.cache.LocalCache$LocalManualCache$1                           : loaded 2 times (x 73B)
Class Build_gradle$1                                                                  : loaded 2 times (x 76B)
Class [Lcom.google.common.cache.LocalCache$EntryFactory;                              : loaded 2 times (x 67B)
Class com.google.common.base.CharMatcher$Is                                           : loaded 2 times (x 109B)
Class com.google.common.base.Platform                                                 : loaded 2 times (x 69B)
Class com.google.common.collect.RegularImmutableAsList                                : loaded 2 times (x 176B)
Class com.google.common.collect.PeekingIterator                                       : loaded 2 times (x 68B)
Class com.google.common.collect.ImmutableMapEntrySet                                  : loaded 2 times (x 149B)
Class com.google.common.cache.CacheLoader                                             : loaded 2 times (x 72B)
Class com.google.common.collect.ImmutableBiMapFauxverideShim                          : loaded 2 times (x 118B)
Class com.google.common.cache.Cache                                                   : loaded 2 times (x 68B)
Class org.gradle.internal.classloader.SystemClassLoaderSpec                           : loaded 2 times (x 69B)
Class com.google.common.util.concurrent.internal.InternalFutureFailureAccess          : loaded 2 times (x 70B)
Class com.google.common.collect.SingletonImmutableSet                                 : loaded 2 times (x 144B)
Class [Lcom.google.common.base.AbstractIterator$State;                                : loaded 2 times (x 67B)
Class com.google.common.collect.ImmutableMap$Builder                                  : loaded 2 times (x 80B)
Class com.google.common.base.AbstractIterator                                         : loaded 2 times (x 78B)
Class com.google.common.base.AbstractIterator$1                                       : loaded 2 times (x 69B)
Class [Lcom.google.common.cache.CacheBuilder$OneWeigher;                              : loaded 2 times (x 67B)
Class com.google.common.collect.Iterators                                             : loaded 2 times (x 69B)
Class com.google.common.base.CharMatcher$1                                            : loaded 2 times (x 111B)
Class com.google.common.base.CharMatcher$Ascii                                        : loaded 2 times (x 110B)
Class com.google.common.cache.LocalCache$ComputingValueReference                      : loaded 2 times (x 94B)
Class org.gradle.api.UncheckedIOException                                             : loaded 2 times (x 80B)
Class com.google.common.base.CharMatcher$And                                          : loaded 2 times (x 110B)
Class com.google.common.collect.IndexedImmutableSet                                   : loaded 2 times (x 148B)
Class com.google.common.collect.AbstractListMultimap                                  : loaded 2 times (x 170B)
Class com.google.common.base.CharMatcher$Any                                          : loaded 2 times (x 110B)
Class org.gradle.internal.installation.GradleInstallation                             : loaded 2 times (x 73B)
Class com.google.common.cache.LocalCache$Strength                                     : loaded 2 times (x 79B)
Class com.google.common.collect.ArrayListMultimapGwtSerializationDependencies         : loaded 2 times (x 170B)
Class com.google.common.base.CharMatcher$RangesMatcher                                : loaded 2 times (x 110B)
Class com.google.common.collect.ImmutableList$SubList                                 : loaded 2 times (x 168B)
Class com.google.common.cache.LocalCache$ValueReference                               : loaded 2 times (x 68B)
Class org.gradle.internal.classloader.ClasspathUtil                                   : loaded 2 times (x 69B)
Class com.google.common.util.concurrent.AbstractFuture                                : loaded 2 times (x 93B)
Class com.google.common.base.Splitter$1                                               : loaded 2 times (x 75B)
Class com.google.common.base.Ticker$1                                                 : loaded 2 times (x 70B)
Class com.google.common.collect.Maps$BiMapConverter                                   : loaded 2 times (x 88B)
Class org.gradle.api.internal.DefaultClassPathRegistry                                : loaded 2 times (x 74B)
Class com.google.common.util.concurrent.AbstractFuture$Cancellation                   : loaded 2 times (x 70B)
Class com.google.common.collect.ImmutableSet$SetBuilderImpl                           : loaded 2 times (x 74B)
Class org.gradle.api.internal.classpath.DefaultModuleRegistry$DefaultModule           : loaded 2 times (x 84B)
Class com.google.common.base.CharMatcher$JavaIsoControl                               : loaded 2 times (x 110B)
Class com.google.common.collect.ImmutableMap$1                                        : loaded 2 times (x 79B)
Class com.google.common.base.CharMatcher$Or                                           : loaded 2 times (x 110B)
Class org.gradle.kotlin.dsl.VersionCatalogAccessorsKt                                 : loaded 2 times (x 69B)
Class com.google.common.base.Suppliers$SupplierOfInstance                             : loaded 2 times (x 77B)
Class com.google.common.collect.Iterables                                             : loaded 2 times (x 69B)
Class com.google.common.base.CharMatcher$JavaLowerCase                                : loaded 2 times (x 109B)
Class org.gradle.api.internal.classpath.UnknownModuleException                        : loaded 2 times (x 80B)
Class com.google.common.util.concurrent.AbstractFuture$Listener                       : loaded 2 times (x 70B)
Class com.google.common.collect.Maps$EntryTransformer                                 : loaded 2 times (x 68B)
Class com.google.common.collect.ImmutableCollection$Builder                           : loaded 2 times (x 74B)
Class com.google.common.base.CommonPattern                                            : loaded 2 times (x 72B)
Class com.google.common.base.Suppliers                                                : loaded 2 times (x 69B)
Class com.google.common.cache.LoadingCache                                            : loaded 2 times (x 68B)
Class org.gradle.internal.service.ServiceLookupException                              : loaded 2 times (x 80B)
Class org.gradle.cache.GlobalCache                                                    : loaded 2 times (x 68B)
Class com.google.common.base.CharMatcher$NegatedFastMatcher                           : loaded 2 times (x 111B)
Class [Lorg.gradle.api.internal.ClassPathProvider;                                    : loaded 2 times (x 67B)
Class com.google.common.util.concurrent.AbstractFuture$SafeAtomicHelper               : loaded 2 times (x 77B)
Class org.gradle.util.internal.GUtil                                                  : loaded 2 times (x 69B)
Class com.google.common.math.IntMath                                                  : loaded 2 times (x 69B)
Class com.google.common.collect.AbstractIterator                                      : loaded 2 times (x 80B)
Class org.gradle.internal.classloader.ClassLoaderSpec                                 : loaded 2 times (x 69B)
Class com.google.common.base.NullnessCasts                                            : loaded 2 times (x 69B)
Class com.google.common.cache.LocalCache$LocalManualCache                             : loaded 2 times (x 97B)
Class com.google.common.collect.AbstractMapEntry                                      : loaded 2 times (x 79B)
Class com.google.common.base.CharMatcher$Negated                                      : loaded 2 times (x 111B)
Class com.google.common.cache.CacheLoader$1                                           : loaded 2 times (x 73B)
Class com.google.common.util.concurrent.AbstractFuture$TrustedFuture                  : loaded 2 times (x 95B)
Class com.google.common.collect.ImmutableSet$Builder                                  : loaded 2 times (x 83B)
Class com.google.common.base.CharMatcher$ForPredicate                                 : loaded 2 times (x 110B)
Class com.google.common.collect.ImmutableMap$MapViewOfValuesAsSingletonSets           : loaded 2 times (x 123B)
Class com.google.common.base.MoreObjects                                              : loaded 2 times (x 69B)
Class com.google.common.collect.SortedMapDifference                                   : loaded 2 times (x 68B)
Class com.google.common.cache.CacheStats                                              : loaded 2 times (x 69B)
Class org.gradle.internal.classloader.VisitableURLClassLoader                         : loaded 2 times (x 115B)
Class com.google.common.cache.LocalCache$LocalLoadingCache                            : loaded 2 times (x 132B)
Class com.google.common.base.Supplier                                                 : loaded 2 times (x 68B)
Class com.google.common.util.concurrent.AbstractFuture$AtomicHelper                   : loaded 2 times (x 76B)
Class com.google.common.collect.ImmutableBiMap                                        : loaded 2 times (x 141B)
Class org.gradle.internal.Cast                                                        : loaded 2 times (x 69B)
Class Build_gradle                                                                    : loaded 2 times (x 70B)
Class org.gradle.api.internal.ClassPathRegistry                                       : loaded 2 times (x 68B)
Class com.google.common.cache.LocalCache$EntryFactory                                 : loaded 2 times (x 81B)
Class com.google.common.util.concurrent.UncheckedExecutionException                   : loaded 2 times (x 80B)
Class com.google.common.collect.ImmutableSet                                          : loaded 2 times (x 143B)
Class org.gradle.internal.classloader.VisitableURLClassLoader$InstrumentingVisitableURLClassLoader: loaded 2 times (x 121B)
Class org.gradle.internal.classloader.ClassLoaderHierarchy                            : loaded 2 times (x 68B)
Class com.google.common.base.AbstractIterator$State                                   : loaded 2 times (x 77B)
Class com.google.common.cache.Weigher                                                 : loaded 2 times (x 68B)
Class com.google.common.base.CharMatcher$NamedFastMatcher                             : loaded 2 times (x 110B)
Class org.gradle.internal.InternalTransformer                                         : loaded 2 times (x 68B)
Class org.gradle.internal.service.ServiceLocator                                      : loaded 2 times (x 68B)
Class Settings_gradle$1                                                               : loaded 2 times (x 72B)
Class com.google.common.util.concurrent.SettableFuture                                : loaded 2 times (x 95B)
Class com.google.common.collect.ImmutableMapEntry                                     : loaded 2 times (x 83B)
Class com.google.common.base.CharMatcher$Invisible                                    : loaded 2 times (x 110B)
Class com.google.common.base.CharMatcher$FastMatcher                                  : loaded 2 times (x 109B)
Class org.gradle.internal.classpath.DefaultClassPath$ImmutableUniqueList              : loaded 2 times (x 159B)
Class com.google.common.base.CharMatcher$JavaLetter                                   : loaded 2 times (x 109B)
Class org.gradle.internal.classpath.TransformedClassPath                              : loaded 2 times (x 94B)
Class com.google.common.collect.MapDifference                                         : loaded 2 times (x 68B)
Class com.google.common.util.concurrent.AbstractFuture$Trusted                        : loaded 2 times (x 68B)
Class Settings_gradle                                                                 : loaded 2 times (x 126B)
Class com.google.common.collect.Platform                                              : loaded 2 times (x 69B)
Class com.google.common.collect.ImmutableAsList                                       : loaded 2 times (x 169B)
Class com.google.common.util.concurrent.ExecutionError                                : loaded 2 times (x 80B)
Class com.google.common.base.Equivalence$Identity                                     : loaded 2 times (x 80B)
Class com.google.common.base.CharMatcher$AnyOf                                        : loaded 2 times (x 110B)
Class com.google.common.base.CharMatcher$IsEither                                     : loaded 2 times (x 109B)
Class com.google.common.cache.LocalCache                                              : loaded 2 times (x 185B)
Class com.google.common.collect.RegularImmutableList                                  : loaded 2 times (x 172B)
Class com.google.common.util.concurrent.AbstractFuture$UnsafeAtomicHelper$1           : loaded 2 times (x 74B)
Class com.google.common.base.CharMatcher$JavaUpperCase                                : loaded 2 times (x 109B)
Class com.google.common.collect.Multiset                                              : loaded 2 times (x 68B)
Class com.google.common.collect.ImmutableSet$CachingAsList                            : loaded 2 times (x 145B)
Class com.google.common.collect.ImmutableMapEntry$NonTerminalImmutableMapEntry        : loaded 2 times (x 83B)
Class com.google.common.collect.AbstractMapBasedMultimap                              : loaded 2 times (x 137B)


---------------  S Y S T E M  ---------------

OS:
 Windows 11 , 64 bit Build 26100 (10.0.26100.3037)
OS uptime: 0 days 0:57 hours
Hyper-V role detected

CPU: total 12 (initial active 12) (12 cores per cpu, 2 threads per core) family 25 model 68 stepping 1 microcode 0xa404107, cx8, cmov, fxsr, ht, mmx, 3dnowpref, sse, sse2, sse3, ssse3, sse4a, sse4.1, sse4.2, popcnt, lzcnt, tsc, tscinvbit, avx, avx2, aes, erms, clmul, bmi1, bmi2, adx, sha, fma, vzeroupper, clflush, clflushopt, hv
Processor Information for all 12 processors :
  Max Mhz: 3301, Current Mhz: 3301, Mhz Limit: 3301

Memory: 4k page, system-wide physical 7498M (621M free)
TotalPageFile size 30026M (AvailPageFile size 6M)
current process WorkingSet (physical memory assigned to process): 289M, peak: 292M
current process commit charge ("private bytes"): 341M, peak: 354M

vm_info: OpenJDK 64-Bit Server VM (17.0.11+0--11852314) for windows-amd64 JRE (17.0.11+0--11852314), built on May 16 2024 21:29:20 by "androidbuild" with MS VC++ 16.10 / 16.11 (VS2019)

END.
