#
# There is insufficient memory for the Java Runtime Environment to continue.
# Native memory allocation (mmap) failed to map 24117248 bytes. Error detail: G1 virtual space
# Possible reasons:
#   The system is out of physical RAM or swap space
#   This process is running with CompressedOops enabled, and the Java Heap may be blocking the growth of the native heap
# Possible solutions:
#   Reduce memory load on the system
#   Increase physical memory or swap space
#   Check if swap backing store is full
#   Decrease Java heap size (-Xmx/-Xms)
#   Decrease number of Java threads
#   Decrease Java thread stack sizes (-Xss)
#   Set larger code cache with -XX:ReservedCodeCacheSize=
#   JVM is running with Unscaled Compressed Oops mode in which the Java heap is
#     placed in the first 4GB address space. The Java Heap base address is the
#     maximum limit for the native heap growth. Please use -XX:HeapBaseMinAddress
#     to set the Java Heap base and to place the Java Heap above 4GB virtual address.
# This output file may be truncated or incomplete.
#
#  Out of Memory Error (os_windows.cpp:3825), pid=60328, tid=59420
#
# JRE version: OpenJDK Runtime Environment (17.0.11) (build 17.0.11+0--11852314)
# Java VM: OpenJDK 64-Bit Server VM (17.0.11+0--11852314, mixed mode, tiered, compressed oops, compressed class ptrs, g1 gc, windows-amd64)
# No core dump will be written. Minidumps are not enabled by default on client versions of Windows
#

---------------  S U M M A R Y ------------

Command Line: --add-opens=java.base/java.util=ALL-UNNAMED --add-opens=java.base/java.lang=ALL-UNNAMED --add-opens=java.base/java.lang.invoke=ALL-UNNAMED --add-opens=java.prefs/java.util.prefs=ALL-UNNAMED --add-opens=java.base/java.nio.charset=ALL-UNNAMED --add-opens=java.base/java.net=ALL-UNNAMED --add-opens=java.base/java.util.concurrent.atomic=ALL-UNNAMED -Xmx2048m -Dfile.encoding=UTF-8 -Duser.country=MX -Duser.language=es -Duser.variant -javaagent:C:\Users\leyot\.gradle\wrapper\dists\gradle-8.7-bin\bhs2wmbdwecv87pi65oeuq5iu\gradle-8.7\lib\agents\gradle-instrumentation-agent-8.7.jar org.gradle.launcher.daemon.bootstrap.GradleDaemon 8.7

Host: AMD Ryzen 5 7535HS with Radeon Graphics        , 12 cores, 7G,  Windows 11 , 64 bit Build 26100 (10.0.26100.3037)
Time: Mon Feb 24 09:27:48 2025 Hora estándar central (México) elapsed time: 13.380855 seconds (0d 0h 0m 13s)

---------------  T H R E A D  ---------------

Current thread (0x0000020e286d01d0):  VMThread "VM Thread" [stack: 0x000000d4b9800000,0x000000d4b9900000] [id=59420]

Stack: [0x000000d4b9800000,0x000000d4b9900000]
Native frames: (J=compiled Java code, j=interpreted, Vv=VM code, C=native code)
V  [jvm.dll+0x687bb9]
V  [jvm.dll+0x84142a]
V  [jvm.dll+0x8430ae]
V  [jvm.dll+0x843713]
V  [jvm.dll+0x24a35f]
V  [jvm.dll+0x684989]
V  [jvm.dll+0x67923a]
V  [jvm.dll+0x30af0b]
V  [jvm.dll+0x3123b6]
V  [jvm.dll+0x361dfe]
V  [jvm.dll+0x36202f]
V  [jvm.dll+0x2e0d38]
V  [jvm.dll+0x2df144]
V  [jvm.dll+0x2de74c]
V  [jvm.dll+0x32305b]
V  [jvm.dll+0x847e0b]
V  [jvm.dll+0x848b42]
V  [jvm.dll+0x84905d]
V  [jvm.dll+0x849434]
V  [jvm.dll+0x849500]
V  [jvm.dll+0x7efa4a]
V  [jvm.dll+0x686a35]
C  [ucrtbase.dll+0x37b0]
C  [KERNEL32.DLL+0x2e8d7]
C  [ntdll.dll+0xbbf2c]

VM_Operation (0x000000d4baff4c60): G1CollectForAllocation, mode: safepoint, requested by thread 0x0000020e2e804c10


---------------  P R O C E S S  ---------------

Threads class SMR info:
_java_thread_list=0x0000020e3187bfa0, length=55, elements={
0x0000020e0e40d570, 0x0000020e286d2720, 0x0000020e286d5100, 0x0000020e28833f10,
0x0000020e288347e0, 0x0000020e288350b0, 0x0000020e28849d50, 0x0000020e28855b30,
0x0000020e288564f0, 0x0000020e28856e00, 0x0000020e2865ee30, 0x0000020e28abb6a0,
0x0000020e2e93d030, 0x0000020e2de8aa40, 0x0000020e2ded1b60, 0x0000020e2e3c4bd0,
0x0000020e2e3c50b0, 0x0000020e2e848ee0, 0x0000020e2e804c10, 0x0000020e2e5ff4d0,
0x0000020e2e5ff9e0, 0x0000020e2e600e20, 0x0000020e2e5feab0, 0x0000020e2e5fe090,
0x0000020e2e5ffef0, 0x0000020e2e600400, 0x0000020e2e600910, 0x0000020e2e601330,
0x0000020e2e601840, 0x0000020e2e5fe5a0, 0x0000020e301978a0, 0x0000020e30197db0,
0x0000020e301987d0, 0x0000020e30198ce0, 0x0000020e30195530, 0x0000020e301991f0,
0x0000020e30195a40, 0x0000020e30199700, 0x0000020e30195f50, 0x0000020e30199c10,
0x0000020e3019a120, 0x0000020e30196970, 0x0000020e3019a630, 0x0000020e30196e80,
0x0000020e3019ab40, 0x0000020e30197390, 0x0000020e3019b050, 0x0000020e3019b560,
0x0000020e3019bf80, 0x0000020e3019c9a0, 0x0000020e3019ba70, 0x0000020e3019c490,
0x0000020e2e39e4b0, 0x0000020e2e39d070, 0x0000020e2e39d580
}

Java Threads: ( => current thread )
  0x0000020e0e40d570 JavaThread "main" [_thread_blocked, id=59948, stack(0x000000d4b9200000,0x000000d4b9300000)]
  0x0000020e286d2720 JavaThread "Reference Handler" daemon [_thread_blocked, id=59432, stack(0x000000d4b9900000,0x000000d4b9a00000)]
  0x0000020e286d5100 JavaThread "Finalizer" daemon [_thread_blocked, id=59796, stack(0x000000d4b9a00000,0x000000d4b9b00000)]
  0x0000020e28833f10 JavaThread "Signal Dispatcher" daemon [_thread_blocked, id=58584, stack(0x000000d4b9b00000,0x000000d4b9c00000)]
  0x0000020e288347e0 JavaThread "Attach Listener" daemon [_thread_blocked, id=60364, stack(0x000000d4b9c00000,0x000000d4b9d00000)]
  0x0000020e288350b0 JavaThread "Service Thread" daemon [_thread_blocked, id=60384, stack(0x000000d4b9d00000,0x000000d4b9e00000)]
  0x0000020e28849d50 JavaThread "Monitor Deflation Thread" daemon [_thread_blocked, id=60296, stack(0x000000d4b9e00000,0x000000d4b9f00000)]
  0x0000020e28855b30 JavaThread "C2 CompilerThread0" daemon [_thread_blocked, id=60352, stack(0x000000d4b9f00000,0x000000d4ba000000)]
  0x0000020e288564f0 JavaThread "C1 CompilerThread0" daemon [_thread_blocked, id=57104, stack(0x000000d4ba000000,0x000000d4ba100000)]
  0x0000020e28856e00 JavaThread "Sweeper thread" daemon [_thread_blocked, id=51772, stack(0x000000d4ba100000,0x000000d4ba200000)]
  0x0000020e2865ee30 JavaThread "Common-Cleaner" daemon [_thread_blocked, id=52268, stack(0x000000d4ba200000,0x000000d4ba300000)]
  0x0000020e28abb6a0 JavaThread "Notification Thread" daemon [_thread_blocked, id=57120, stack(0x000000d4ba300000,0x000000d4ba400000)]
  0x0000020e2e93d030 JavaThread "Daemon health stats" [_thread_blocked, id=60896, stack(0x000000d4ba900000,0x000000d4baa00000)]
  0x0000020e2de8aa40 JavaThread "Incoming local TCP Connector on port 55633" [_thread_in_native, id=60920, stack(0x000000d4baa00000,0x000000d4bab00000)]
  0x0000020e2ded1b60 JavaThread "Daemon periodic checks" [_thread_blocked, id=60924, stack(0x000000d4bab00000,0x000000d4bac00000)]
  0x0000020e2e3c4bd0 JavaThread "Daemon" [_thread_blocked, id=60972, stack(0x000000d4bac00000,0x000000d4bad00000)]
  0x0000020e2e3c50b0 JavaThread "Handler for socket connection from /127.0.0.1:55633 to /127.0.0.1:55634" [_thread_in_native, id=60976, stack(0x000000d4bad00000,0x000000d4bae00000)]
  0x0000020e2e848ee0 JavaThread "Cancel handler" [_thread_blocked, id=60980, stack(0x000000d4bae00000,0x000000d4baf00000)]
  0x0000020e2e804c10 JavaThread "Daemon worker" [_thread_blocked, id=60984, stack(0x000000d4baf00000,0x000000d4bb000000)]
  0x0000020e2e5ff4d0 JavaThread "Asynchronous log dispatcher for DefaultDaemonConnection: socket connection from /127.0.0.1:55633 to /127.0.0.1:55634" [_thread_blocked, id=60996, stack(0x000000d4bb000000,0x000000d4bb100000)]
  0x0000020e2e5ff9e0 JavaThread "Stdin handler" [_thread_blocked, id=61000, stack(0x000000d4bb100000,0x000000d4bb200000)]
  0x0000020e2e600e20 JavaThread "Daemon client event forwarder" [_thread_blocked, id=61004, stack(0x000000d4bb200000,0x000000d4bb300000)]
  0x0000020e2e5feab0 JavaThread "Cache worker for journal cache (C:\Users\leyot\.gradle\caches\journal-1)" [_thread_blocked, id=61084, stack(0x000000d4bbb00000,0x000000d4bbc00000)]
  0x0000020e2e5fe090 JavaThread "File lock request listener" [_thread_in_native, id=61088, stack(0x000000d4bbc00000,0x000000d4bbd00000)]
  0x0000020e2e5ffef0 JavaThread "Cache worker for file hash cache (C:\Users\leyot\.gradle\caches\8.7\fileHashes)" [_thread_blocked, id=61104, stack(0x000000d4bba00000,0x000000d4bbb00000)]
  0x0000020e2e600400 JavaThread "Cache worker for file hash cache (C:\Users\leyot\AndroidStudioProjects\AplicacionCrudII\.gradle\8.7\fileHashes)" [_thread_blocked, id=61204, stack(0x000000d4bbe00000,0x000000d4bbf00000)]
  0x0000020e2e600910 JavaThread "File watcher server" daemon [_thread_blocked, id=61208, stack(0x000000d4bbf00000,0x000000d4bc000000)]
  0x0000020e2e601330 JavaThread "File watcher consumer" daemon [_thread_blocked, id=61212, stack(0x000000d4bc000000,0x000000d4bc100000)]
  0x0000020e2e601840 JavaThread "Cache worker for checksums cache (C:\Users\leyot\AndroidStudioProjects\AplicacionCrudII\.gradle\8.7\checksums)" [_thread_blocked, id=61228, stack(0x000000d4bbd00000,0x000000d4bbe00000)]
  0x0000020e2e5fe5a0 JavaThread "Cache worker for cache directory md-supplier (C:\Users\leyot\.gradle\caches\8.7\md-supplier)" [_thread_blocked, id=61232, stack(0x000000d4bc100000,0x000000d4bc200000)]
  0x0000020e301978a0 JavaThread "Cache worker for cache directory md-rule (C:\Users\leyot\.gradle\caches\8.7\md-rule)" [_thread_blocked, id=61236, stack(0x000000d4bc200000,0x000000d4bc300000)]
  0x0000020e30197db0 JavaThread "Cache worker for file content cache (C:\Users\leyot\.gradle\caches\8.7\fileContent)" [_thread_blocked, id=61292, stack(0x000000d4bc300000,0x000000d4bc400000)]
  0x0000020e301987d0 JavaThread "Cache worker for Build Output Cleanup Cache (C:\Users\leyot\AndroidStudioProjects\AplicacionCrudII\.gradle\buildOutputCleanup)" [_thread_blocked, id=60764, stack(0x000000d4bc500000,0x000000d4bc600000)]
  0x0000020e30198ce0 JavaThread "Unconstrained build operations" [_thread_blocked, id=61264, stack(0x000000d4bc600000,0x000000d4bc700000)]
  0x0000020e30195530 JavaThread "Unconstrained build operations Thread 2" [_thread_blocked, id=61244, stack(0x000000d4bc800000,0x000000d4bc900000)]
  0x0000020e301991f0 JavaThread "Unconstrained build operations Thread 3" [_thread_blocked, id=61096, stack(0x000000d4bc900000,0x000000d4bca00000)]
  0x0000020e30195a40 JavaThread "Unconstrained build operations Thread 4" [_thread_blocked, id=61092, stack(0x000000d4bca00000,0x000000d4bcb00000)]
  0x0000020e30199700 JavaThread "Unconstrained build operations Thread 5" [_thread_blocked, id=60940, stack(0x000000d4bcb00000,0x000000d4bcc00000)]
  0x0000020e30195f50 JavaThread "Unconstrained build operations Thread 6" [_thread_blocked, id=60948, stack(0x000000d4bcc00000,0x000000d4bcd00000)]
  0x0000020e30199c10 JavaThread "Unconstrained build operations Thread 7" [_thread_blocked, id=60952, stack(0x000000d4bcd00000,0x000000d4bce00000)]
  0x0000020e3019a120 JavaThread "Unconstrained build operations Thread 8" [_thread_blocked, id=60960, stack(0x000000d4bce00000,0x000000d4bcf00000)]
  0x0000020e30196970 JavaThread "Unconstrained build operations Thread 9" [_thread_blocked, id=60964, stack(0x000000d4bcf00000,0x000000d4bd000000)]
  0x0000020e3019a630 JavaThread "Unconstrained build operations Thread 10" [_thread_blocked, id=60968, stack(0x000000d4bd000000,0x000000d4bd100000)]
  0x0000020e30196e80 JavaThread "Unconstrained build operations Thread 11" [_thread_blocked, id=61052, stack(0x000000d4bd100000,0x000000d4bd200000)]
  0x0000020e3019ab40 JavaThread "Unconstrained build operations Thread 12" [_thread_blocked, id=61424, stack(0x000000d4bd200000,0x000000d4bd300000)]
  0x0000020e30197390 JavaThread "Unconstrained build operations Thread 13" [_thread_blocked, id=61428, stack(0x000000d4bd300000,0x000000d4bd400000)]
  0x0000020e3019b050 JavaThread "Unconstrained build operations Thread 14" [_thread_blocked, id=61404, stack(0x000000d4bd400000,0x000000d4bd500000)]
  0x0000020e3019b560 JavaThread "Unconstrained build operations Thread 15" [_thread_blocked, id=61216, stack(0x000000d4bd500000,0x000000d4bd600000)]
  0x0000020e3019bf80 JavaThread "Unconstrained build operations Thread 16" [_thread_blocked, id=61220, stack(0x000000d4bd600000,0x000000d4bd700000)]
  0x0000020e3019c9a0 JavaThread "Unconstrained build operations Thread 17" [_thread_blocked, id=60928, stack(0x000000d4bd700000,0x000000d4bd800000)]
  0x0000020e3019ba70 JavaThread "Unconstrained build operations Thread 18" [_thread_blocked, id=60788, stack(0x000000d4bd800000,0x000000d4bd900000)]
  0x0000020e3019c490 JavaThread "Unconstrained build operations Thread 19" [_thread_blocked, id=60820, stack(0x000000d4bd900000,0x000000d4bda00000)]
  0x0000020e2e39e4b0 JavaThread "Unconstrained build operations Thread 20" [_thread_blocked, id=60816, stack(0x000000d4bda00000,0x000000d4bdb00000)]
  0x0000020e2e39d070 JavaThread "Unconstrained build operations Thread 21" [_thread_blocked, id=60812, stack(0x000000d4bdb00000,0x000000d4bdc00000)]
  0x0000020e2e39d580 JavaThread "Unconstrained build operations Thread 22" [_thread_blocked, id=60892, stack(0x000000d4bdc00000,0x000000d4bdd00000)]

Other Threads:
=>0x0000020e286d01d0 VMThread "VM Thread" [stack: 0x000000d4b9800000,0x000000d4b9900000] [id=59420]
  0x0000020e0e40e300 WatcherThread [stack: 0x000000d4ba400000,0x000000d4ba500000] [id=33524]
  0x0000020e0e46a4d0 GCTaskThread "GC Thread#0" [stack: 0x000000d4b9300000,0x000000d4b9400000] [id=47960]
  0x0000020e2d8783d0 GCTaskThread "GC Thread#1" [stack: 0x000000d4ba500000,0x000000d4ba600000] [id=60648]
  0x0000020e2d2d5b90 GCTaskThread "GC Thread#2" [stack: 0x000000d4ba600000,0x000000d4ba700000] [id=60660]
  0x0000020e2dae6b40 GCTaskThread "GC Thread#3" [stack: 0x000000d4ba700000,0x000000d4ba800000] [id=60664]
  0x0000020e2d75fd30 GCTaskThread "GC Thread#4" [stack: 0x000000d4ba800000,0x000000d4ba900000] [id=60800]
  0x0000020e2e6ad810 GCTaskThread "GC Thread#5" [stack: 0x000000d4bb300000,0x000000d4bb400000] [id=61024]
  0x0000020e2e93e750 GCTaskThread "GC Thread#6" [stack: 0x000000d4bb400000,0x000000d4bb500000] [id=61028]
  0x0000020e2e61e490 GCTaskThread "GC Thread#7" [stack: 0x000000d4bb500000,0x000000d4bb600000] [id=61032]
  0x0000020e2e63c800 GCTaskThread "GC Thread#8" [stack: 0x000000d4bb600000,0x000000d4bb700000] [id=61036]
  0x0000020e2e63ced0 GCTaskThread "GC Thread#9" [stack: 0x000000d4bb700000,0x000000d4bb800000] [id=61040]
  0x0000020e0e47c7a0 ConcurrentGCThread "G1 Main Marker" [stack: 0x000000d4b9400000,0x000000d4b9500000] [id=60368]
  0x0000020e0e47d0d0 ConcurrentGCThread "G1 Conc#0" [stack: 0x000000d4b9500000,0x000000d4b9600000] [id=59800]
  0x0000020e2e6a6ca0 ConcurrentGCThread "G1 Conc#1" [stack: 0x000000d4bb800000,0x000000d4bb900000] [id=61044]
  0x0000020e2e945ce0 ConcurrentGCThread "G1 Conc#2" [stack: 0x000000d4bb900000,0x000000d4bba00000] [id=61048]
  0x0000020e0e4be070 ConcurrentGCThread "G1 Refine#0" [stack: 0x000000d4b9600000,0x000000d4b9700000] [id=59792]
  0x0000020e0e4be850 ConcurrentGCThread "G1 Service" [stack: 0x000000d4b9700000,0x000000d4b9800000] [id=59764]

Threads with active compile tasks:
C2 CompilerThread0    13413 7370       4       org.gradle.internal.reflect.MethodSet$MethodKey::equals (89 bytes)

VM state: at safepoint (normal execution)

VM Mutex/Monitor currently owned by a thread:  ([mutex/lock_event])
[0x0000020e0c1fc0f0] Threads_lock - owner thread: 0x0000020e286d01d0
[0x0000020e0e409960] Heap_lock - owner thread: 0x0000020e2e804c10

Heap address: 0x0000000080000000, size: 2048 MB, Compressed Oops mode: 32-bit

CDS archive(s) not mapped
Compressed class space mapped at: 0x0000000100000000-0x0000000140000000, reserved size: 1073741824
Narrow klass base: 0x0000000000000000, Narrow klass shift: 3, Narrow klass range: 0x140000000

GC Precious Log:
 CPUs: 12 total, 12 available
 Memory: 7498M
 Large Page Support: Disabled
 NUMA Support: Disabled
 Compressed Oops: Enabled (32-bit)
 Heap Region Size: 1M
 Heap Min Capacity: 8M
 Heap Initial Capacity: 118M
 Heap Max Capacity: 2G
 Pre-touch: Disabled
 Parallel Workers: 10
 Concurrent Workers: 3
 Concurrent Refinement Workers: 10
 Periodic GC: Disabled

Heap:
 garbage-first heap   total 97280K, used 65876K [0x0000000080000000, 0x0000000100000000)
  region size 1024K, 2 young (2048K), 2 survivors (2048K)
 Metaspace       used 64489K, committed 65024K, reserved 1114112K
  class space    used 8790K, committed 9024K, reserved 1048576K

Heap Regions: E=young(eden), S=young(survivor), O=old, HS=humongous(starts), HC=humongous(continues), CS=collection set, F=free, OA=open archive, CA=closed archive, TAMS=top-at-mark-start (previous, next)
|   0|0x0000000080000000, 0x0000000080100000, 0x0000000080100000|100%|HS|  |TAMS 0x0000000080100000, 0x0000000080000000| Complete 
|   1|0x0000000080100000, 0x0000000080200000, 0x0000000080200000|100%|HC|  |TAMS 0x0000000080200000, 0x0000000080100000| Complete 
|   2|0x0000000080200000, 0x0000000080300000, 0x0000000080300000|100%|HC|  |TAMS 0x0000000080300000, 0x0000000080200000| Complete 
|   3|0x0000000080300000, 0x0000000080400000, 0x0000000080400000|100%|HC|  |TAMS 0x0000000080400000, 0x0000000080300000| Complete 
|   4|0x0000000080400000, 0x0000000080500000, 0x0000000080500000|100%| O|  |TAMS 0x0000000080500000, 0x0000000080400000| Untracked 
|   5|0x0000000080500000, 0x0000000080600000, 0x0000000080600000|100%| O|  |TAMS 0x0000000080600000, 0x0000000080500000| Untracked 
|   6|0x0000000080600000, 0x0000000080700000, 0x0000000080700000|100%| O|  |TAMS 0x0000000080700000, 0x0000000080600000| Untracked 
|   7|0x0000000080700000, 0x0000000080800000, 0x0000000080800000|100%| O|  |TAMS 0x0000000080800000, 0x0000000080700000| Untracked 
|   8|0x0000000080800000, 0x0000000080900000, 0x0000000080900000|100%| O|  |TAMS 0x0000000080900000, 0x0000000080800000| Untracked 
|   9|0x0000000080900000, 0x0000000080a00000, 0x0000000080a00000|100%| O|  |TAMS 0x0000000080a00000, 0x0000000080900000| Untracked 
|  10|0x0000000080a00000, 0x0000000080a6da00, 0x0000000080b00000| 42%| O|  |TAMS 0x0000000080a6da00, 0x0000000080a00000| Untracked 
|  11|0x0000000080b00000, 0x0000000080c00000, 0x0000000080c00000|100%| O|  |TAMS 0x0000000080c00000, 0x0000000080b00000| Untracked 
|  12|0x0000000080c00000, 0x0000000080d00000, 0x0000000080d00000|100%| O|  |TAMS 0x0000000080d00000, 0x0000000080c00000| Untracked 
|  13|0x0000000080d00000, 0x0000000080e00000, 0x0000000080e00000|100%| O|  |TAMS 0x0000000080e00000, 0x0000000080d00000| Untracked 
|  14|0x0000000080e00000, 0x0000000080f00000, 0x0000000080f00000|100%| O|  |TAMS 0x0000000080f00000, 0x0000000080e00000| Untracked 
|  15|0x0000000080f00000, 0x0000000081000000, 0x0000000081000000|100%| O|  |TAMS 0x0000000081000000, 0x0000000080f00000| Untracked 
|  16|0x0000000081000000, 0x0000000081100000, 0x0000000081100000|100%| O|  |TAMS 0x0000000081100000, 0x0000000081000000| Untracked 
|  17|0x0000000081100000, 0x0000000081200000, 0x0000000081200000|100%| O|  |TAMS 0x0000000081200000, 0x0000000081100000| Untracked 
|  18|0x0000000081200000, 0x0000000081300000, 0x0000000081300000|100%| O|  |TAMS 0x0000000081300000, 0x0000000081200000| Untracked 
|  19|0x0000000081300000, 0x0000000081400000, 0x0000000081400000|100%| O|  |TAMS 0x0000000081400000, 0x0000000081300000| Untracked 
|  20|0x0000000081400000, 0x0000000081500000, 0x0000000081500000|100%| O|  |TAMS 0x0000000081500000, 0x0000000081400000| Untracked 
|  21|0x0000000081500000, 0x0000000081600000, 0x0000000081600000|100%| O|  |TAMS 0x0000000081600000, 0x0000000081500000| Untracked 
|  22|0x0000000081600000, 0x0000000081700000, 0x0000000081700000|100%| O|  |TAMS 0x0000000081700000, 0x0000000081600000| Complete 
|  23|0x0000000081700000, 0x0000000081800000, 0x0000000081800000|100%| O|  |TAMS 0x0000000081800000, 0x0000000081700000| Untracked 
|  24|0x0000000081800000, 0x0000000081900000, 0x0000000081900000|100%| O|  |TAMS 0x0000000081900000, 0x0000000081800000| Untracked 
|  25|0x0000000081900000, 0x0000000081a00000, 0x0000000081a00000|100%| O|  |TAMS 0x0000000081a00000, 0x0000000081900000| Untracked 
|  26|0x0000000081a00000, 0x0000000081b00000, 0x0000000081b00000|100%| O|  |TAMS 0x0000000081b00000, 0x0000000081a00000| Untracked 
|  27|0x0000000081b00000, 0x0000000081c00000, 0x0000000081c00000|100%| O|  |TAMS 0x0000000081c00000, 0x0000000081b00000| Untracked 
|  28|0x0000000081c00000, 0x0000000081d00000, 0x0000000081d00000|100%| O|  |TAMS 0x0000000081d00000, 0x0000000081c00000| Untracked 
|  29|0x0000000081d00000, 0x0000000081e00000, 0x0000000081e00000|100%| O|  |TAMS 0x0000000081e00000, 0x0000000081d00000| Untracked 
|  30|0x0000000081e00000, 0x0000000081f00000, 0x0000000081f00000|100%| O|  |TAMS 0x0000000081f00000, 0x0000000081e00000| Untracked 
|  31|0x0000000081f00000, 0x0000000082000000, 0x0000000082000000|100%| O|  |TAMS 0x0000000082000000, 0x0000000081f00000| Untracked 
|  32|0x0000000082000000, 0x0000000082100000, 0x0000000082100000|100%| O|  |TAMS 0x0000000082100000, 0x0000000082000000| Untracked 
|  33|0x0000000082100000, 0x0000000082200000, 0x0000000082200000|100%| O|  |TAMS 0x0000000082200000, 0x0000000082100000| Untracked 
|  34|0x0000000082200000, 0x0000000082300000, 0x0000000082300000|100%| O|  |TAMS 0x0000000082300000, 0x0000000082200000| Untracked 
|  35|0x0000000082300000, 0x0000000082400000, 0x0000000082400000|100%| O|  |TAMS 0x0000000082400000, 0x0000000082300000| Untracked 
|  36|0x0000000082400000, 0x0000000082500000, 0x0000000082500000|100%| O|  |TAMS 0x0000000082500000, 0x0000000082400000| Untracked 
|  37|0x0000000082500000, 0x0000000082600000, 0x0000000082600000|100%| O|  |TAMS 0x0000000082600000, 0x0000000082500000| Untracked 
|  38|0x0000000082600000, 0x0000000082700000, 0x0000000082700000|100%| O|  |TAMS 0x0000000082700000, 0x0000000082600000| Untracked 
|  39|0x0000000082700000, 0x0000000082800000, 0x0000000082800000|100%| O|  |TAMS 0x0000000082800000, 0x0000000082700000| Untracked 
|  40|0x0000000082800000, 0x0000000082900000, 0x0000000082900000|100%| O|  |TAMS 0x0000000082900000, 0x0000000082800000| Untracked 
|  41|0x0000000082900000, 0x0000000082a00000, 0x0000000082a00000|100%|HS|  |TAMS 0x0000000082900000, 0x0000000082900000| Complete 
|  42|0x0000000082a00000, 0x0000000082b00000, 0x0000000082b00000|100%| O|  |TAMS 0x0000000082b00000, 0x0000000082a00000| Untracked 
|  43|0x0000000082b00000, 0x0000000082c00000, 0x0000000082c00000|100%|HS|  |TAMS 0x0000000082c00000, 0x0000000082b00000| Complete 
|  44|0x0000000082c00000, 0x0000000082d00000, 0x0000000082d00000|100%|HS|  |TAMS 0x0000000082d00000, 0x0000000082c00000| Complete 
|  45|0x0000000082d00000, 0x0000000082e00000, 0x0000000082e00000|100%|HS|  |TAMS 0x0000000082e00000, 0x0000000082d00000| Complete 
|  46|0x0000000082e00000, 0x0000000082f00000, 0x0000000082f00000|100%|HC|  |TAMS 0x0000000082f00000, 0x0000000082e00000| Complete 
|  47|0x0000000082f00000, 0x0000000083000000, 0x0000000083000000|100%|HS|  |TAMS 0x0000000083000000, 0x0000000082f00000| Complete 
|  48|0x0000000083000000, 0x0000000083100000, 0x0000000083100000|100%|HC|  |TAMS 0x0000000083100000, 0x0000000083000000| Complete 
|  49|0x0000000083100000, 0x0000000083200000, 0x0000000083200000|100%| O|  |TAMS 0x0000000083200000, 0x0000000083100000| Untracked 
|  50|0x0000000083200000, 0x0000000083300000, 0x0000000083300000|100%| O|  |TAMS 0x0000000083300000, 0x0000000083200000| Untracked 
|  51|0x0000000083300000, 0x0000000083400000, 0x0000000083400000|100%| O|  |TAMS 0x0000000083400000, 0x0000000083300000| Untracked 
|  52|0x0000000083400000, 0x0000000083500000, 0x0000000083500000|100%| O|  |TAMS 0x0000000083500000, 0x0000000083400000| Untracked 
|  53|0x0000000083500000, 0x0000000083600000, 0x0000000083600000|100%| O|  |TAMS 0x0000000083600000, 0x0000000083500000| Untracked 
|  54|0x0000000083600000, 0x0000000083700000, 0x0000000083700000|100%| O|  |TAMS 0x0000000083620000, 0x0000000083600000| Untracked 
|  55|0x0000000083700000, 0x0000000083800000, 0x0000000083800000|100%|HS|  |TAMS 0x0000000083700000, 0x0000000083700000| Complete 
|  56|0x0000000083800000, 0x0000000083900000, 0x0000000083900000|100%|HC|  |TAMS 0x0000000083800000, 0x0000000083800000| Complete 
|  57|0x0000000083900000, 0x0000000083a00000, 0x0000000083a00000|100%|HC|  |TAMS 0x0000000083900000, 0x0000000083900000| Complete 
|  58|0x0000000083a00000, 0x0000000083b00000, 0x0000000083b00000|100%|HC|  |TAMS 0x0000000083a00000, 0x0000000083a00000| Complete 
|  59|0x0000000083b00000, 0x0000000083c00000, 0x0000000083c00000|100%|HS|  |TAMS 0x0000000083b00000, 0x0000000083b00000| Complete 
|  60|0x0000000083c00000, 0x0000000083c00000, 0x0000000083d00000|  0%| F|  |TAMS 0x0000000083c00000, 0x0000000083c00000| Untracked 
|  61|0x0000000083d00000, 0x0000000083e00000, 0x0000000083e00000|100%|HS|  |TAMS 0x0000000083d00000, 0x0000000083d00000| Complete 
|  62|0x0000000083e00000, 0x0000000083f00000, 0x0000000083f00000|100%| O|  |TAMS 0x0000000083e00000, 0x0000000083e00000| Untracked 
|  63|0x0000000083f00000, 0x0000000083fe7800, 0x0000000084000000| 90%| O|  |TAMS 0x0000000083f00000, 0x0000000083f00000| Untracked 
|  64|0x0000000084000000, 0x0000000084000000, 0x0000000084100000|  0%| F|  |TAMS 0x0000000084000000, 0x0000000084000000| Untracked 
|  65|0x0000000084100000, 0x0000000084100000, 0x0000000084200000|  0%| F|  |TAMS 0x0000000084100000, 0x0000000084100000| Untracked 
|  66|0x0000000084200000, 0x0000000084200000, 0x0000000084300000|  0%| F|  |TAMS 0x0000000084200000, 0x0000000084200000| Untracked 
|  67|0x0000000084300000, 0x0000000084300000, 0x0000000084400000|  0%| F|  |TAMS 0x0000000084300000, 0x0000000084300000| Untracked 
|  68|0x0000000084400000, 0x0000000084400000, 0x0000000084500000|  0%| F|  |TAMS 0x0000000084400000, 0x0000000084400000| Untracked 
|  69|0x0000000084500000, 0x0000000084500000, 0x0000000084600000|  0%| F|  |TAMS 0x0000000084500000, 0x0000000084500000| Untracked 
|  70|0x0000000084600000, 0x0000000084600000, 0x0000000084700000|  0%| F|  |TAMS 0x0000000084600000, 0x0000000084600000| Untracked 
|  71|0x0000000084700000, 0x0000000084700000, 0x0000000084800000|  0%| F|  |TAMS 0x0000000084700000, 0x0000000084700000| Untracked 
|  72|0x0000000084800000, 0x0000000084800000, 0x0000000084900000|  0%| F|  |TAMS 0x0000000084800000, 0x0000000084800000| Untracked 
|  73|0x0000000084900000, 0x0000000084900000, 0x0000000084a00000|  0%| F|  |TAMS 0x0000000084900000, 0x0000000084900000| Untracked 
|  74|0x0000000084a00000, 0x0000000084a00000, 0x0000000084b00000|  0%| F|  |TAMS 0x0000000084a00000, 0x0000000084a00000| Untracked 
|  75|0x0000000084b00000, 0x0000000084b00000, 0x0000000084c00000|  0%| F|  |TAMS 0x0000000084b00000, 0x0000000084b00000| Untracked 
|  76|0x0000000084c00000, 0x0000000084c00000, 0x0000000084d00000|  0%| F|  |TAMS 0x0000000084c00000, 0x0000000084c00000| Untracked 
|  77|0x0000000084d00000, 0x0000000084d00000, 0x0000000084e00000|  0%| F|  |TAMS 0x0000000084d00000, 0x0000000084d00000| Untracked 
|  78|0x0000000084e00000, 0x0000000084e00000, 0x0000000084f00000|  0%| F|  |TAMS 0x0000000084e00000, 0x0000000084e00000| Untracked 
|  79|0x0000000084f00000, 0x0000000085000000, 0x0000000085000000|100%| S|CS|TAMS 0x0000000084f00000, 0x0000000084f00000| Complete 
|  80|0x0000000085000000, 0x0000000085100000, 0x0000000085100000|100%| S|CS|TAMS 0x0000000085000000, 0x0000000085000000| Complete 
|  81|0x0000000085100000, 0x0000000085100000, 0x0000000085200000|  0%| F|  |TAMS 0x0000000085100000, 0x0000000085100000| Untracked 
|  82|0x0000000085200000, 0x0000000085200000, 0x0000000085300000|  0%| F|  |TAMS 0x0000000085200000, 0x0000000085200000| Untracked 
|  83|0x0000000085300000, 0x0000000085300000, 0x0000000085400000|  0%| F|  |TAMS 0x0000000085300000, 0x0000000085300000| Untracked 
|  84|0x0000000085400000, 0x0000000085400000, 0x0000000085500000|  0%| F|  |TAMS 0x0000000085400000, 0x0000000085400000| Untracked 
|  85|0x0000000085500000, 0x0000000085500000, 0x0000000085600000|  0%| F|  |TAMS 0x0000000085500000, 0x0000000085500000| Untracked 
|  86|0x0000000085600000, 0x0000000085600000, 0x0000000085700000|  0%| F|  |TAMS 0x0000000085600000, 0x0000000085600000| Untracked 
|  87|0x0000000085700000, 0x0000000085700000, 0x0000000085800000|  0%| F|  |TAMS 0x0000000085700000, 0x0000000085700000| Untracked 
|  88|0x0000000085800000, 0x0000000085800000, 0x0000000085900000|  0%| F|  |TAMS 0x0000000085800000, 0x0000000085800000| Untracked 
|  89|0x0000000085900000, 0x0000000085900000, 0x0000000085a00000|  0%| F|  |TAMS 0x0000000085900000, 0x0000000085900000| Untracked 
|  90|0x0000000085a00000, 0x0000000085a00000, 0x0000000085b00000|  0%| F|  |TAMS 0x0000000085a00000, 0x0000000085a00000| Untracked 
|  91|0x0000000085b00000, 0x0000000085b00000, 0x0000000085c00000|  0%| F|  |TAMS 0x0000000085b00000, 0x0000000085b00000| Untracked 
|  92|0x0000000085c00000, 0x0000000085c00000, 0x0000000085d00000|  0%| F|  |TAMS 0x0000000085c00000, 0x0000000085c00000| Untracked 
|  93|0x0000000085d00000, 0x0000000085d00000, 0x0000000085e00000|  0%| F|  |TAMS 0x0000000085d00000, 0x0000000085d00000| Untracked 
| 117|0x0000000087500000, 0x0000000087500000, 0x0000000087600000|  0%| F|  |TAMS 0x0000000087500000, 0x0000000087500000| Untracked 

Card table byte_map: [0x0000020e21230000,0x0000020e21630000] _byte_map_base: 0x0000020e20e30000

Marking Bits (Prev, Next): (CMBitMap*) 0x0000020e0e46aa40, (CMBitMap*) 0x0000020e0e46aa00
 Prev Bits: [0x0000020e23a30000, 0x0000020e25a30000)
 Next Bits: [0x0000020e21a30000, 0x0000020e23a30000)

Polling page: 0x0000020e0c390000

Metaspace:

Usage:
  Non-class:     54.39 MB used.
      Class:      8.58 MB used.
       Both:     62.98 MB used.

Virtual space:
  Non-class space:       64.00 MB reserved,      54.69 MB ( 85%) committed,  1 nodes.
      Class space:        1.00 GB reserved,       8.81 MB ( <1%) committed,  1 nodes.
             Both:        1.06 GB reserved,      63.50 MB (  6%) committed. 

Chunk freelists:
   Non-Class:  8.91 MB
       Class:  7.19 MB
        Both:  16.09 MB

MaxMetaspaceSize: unlimited
CompressedClassSpaceSize: 1.00 GB
Initial GC threshold: 21.00 MB
Current GC threshold: 105.12 MB
CDS: off
MetaspaceReclaimPolicy: balanced
 - commit_granule_bytes: 65536.
 - commit_granule_words: 8192.
 - virtual_space_node_default_size: 8388608.
 - enlarge_chunks_in_place: 1.
 - new_chunks_are_fully_committed: 0.
 - uncommit_free_chunks: 1.
 - use_allocation_guard: 0.
 - handle_deallocations: 1.


Internal statistics:

num_allocs_failed_limit: 6.
num_arena_births: 676.
num_arena_deaths: 0.
num_vsnodes_births: 2.
num_vsnodes_deaths: 0.
num_space_committed: 1016.
num_space_uncommitted: 0.
num_chunks_returned_to_freelist: 6.
num_chunks_taken_from_freelist: 2734.
num_chunk_merges: 6.
num_chunk_splits: 1776.
num_chunks_enlarged: 1184.
num_inconsistent_stats: 0.

CodeHeap 'non-profiled nmethods': size=120000Kb used=3065Kb max_used=3085Kb free=116935Kb
 bounds [0x0000020e193b0000, 0x0000020e196c0000, 0x0000020e208e0000]
CodeHeap 'profiled nmethods': size=120000Kb used=12015Kb max_used=12015Kb free=107985Kb
 bounds [0x0000020e118e0000, 0x0000020e124a0000, 0x0000020e18e10000]
CodeHeap 'non-nmethods': size=5760Kb used=1674Kb max_used=1732Kb free=4085Kb
 bounds [0x0000020e18e10000, 0x0000020e19080000, 0x0000020e193b0000]
 total_blobs=7306 nmethods=6551 adapters=666
 compilation: enabled
              stopped_count=0, restarted_count=0
 full_count=0

Compilation events (20 events):
Event: 11.703 Thread 0x0000020e288564f0 7367       3       org.gradle.model.internal.asm.AsmClassGeneratorUtils::visitClass (68 bytes)
Event: 11.703 Thread 0x0000020e28855b30 nmethod 7365 0x0000020e19574d10 code [0x0000020e19574e80, 0x0000020e19574f98]
Event: 11.703 Thread 0x0000020e28855b30 7366       4       jdk.internal.misc.Unsafe::getShortUnaligned (12 bytes)
Event: 11.703 Thread 0x0000020e288564f0 nmethod 7367 0x0000020e1249b510 code [0x0000020e1249b780, 0x0000020e1249beb8]
Event: 11.703 Thread 0x0000020e28855b30 nmethod 7366 0x0000020e19574a10 code [0x0000020e19574b80, 0x0000020e19574c38]
Event: 11.708 Thread 0x0000020e288564f0 7368       3       sun.reflect.generics.tree.BottomSignature::make (4 bytes)
Event: 11.708 Thread 0x0000020e288564f0 nmethod 7368 0x0000020e11f7e610 code [0x0000020e11f7e7a0, 0x0000020e11f7e898]
Event: 11.708 Thread 0x0000020e28855b30 7369       4       org.objectweb.asm.Frame::merge (322 bytes)
Event: 11.709 Thread 0x0000020e28855b30 nmethod 7369 0x0000020e19574410 code [0x0000020e195745a0, 0x0000020e195747e8]
Event: 11.710 Thread 0x0000020e28855b30 7370       4       org.gradle.internal.reflect.MethodSet$MethodKey::equals (89 bytes)
Event: 11.710 Thread 0x0000020e288564f0 7371       1       sun.reflect.generics.tree.TypeVariableSignature::getIdentifier (5 bytes)
Event: 11.710 Thread 0x0000020e288564f0 nmethod 7371 0x0000020e19574110 code [0x0000020e195742a0, 0x0000020e19574378]
Event: 11.710 Thread 0x0000020e288564f0 7372       1       sun.reflect.generics.factory.CoreReflectionFactory::getScope (5 bytes)
Event: 11.710 Thread 0x0000020e288564f0 nmethod 7372 0x0000020e19573e10 code [0x0000020e19573fa0, 0x0000020e19574078]
Event: 11.710 Thread 0x0000020e288564f0 7376       3       java.util.Spliterator::getExactSizeIfKnown (25 bytes)
Event: 11.711 Thread 0x0000020e288564f0 nmethod 7376 0x0000020e1249c290 code [0x0000020e1249c440, 0x0000020e1249c718]
Event: 11.711 Thread 0x0000020e288564f0 7377       1       sun.reflect.generics.reflectiveObjects.LazyReflectiveObjectGenerator::getFactory (5 bytes)
Event: 11.711 Thread 0x0000020e288564f0 nmethod 7377 0x0000020e19573b10 code [0x0000020e19573ca0, 0x0000020e19573d78]
Event: 11.712 Thread 0x0000020e288564f0 7378       1       sun.reflect.generics.tree.Wildcard::getUpperBounds (5 bytes)
Event: 11.712 Thread 0x0000020e288564f0 nmethod 7378 0x0000020e19573810 code [0x0000020e195739a0, 0x0000020e19573a78]

GC Heap History (20 events):
Event: 8.690 GC heap after
{Heap after GC invocations=15 (full 0):
 garbage-first heap   total 68608K, used 34308K [0x0000000080000000, 0x0000000100000000)
  region size 1024K, 3 young (3072K), 3 survivors (3072K)
 Metaspace       used 52310K, committed 52736K, reserved 1114112K
  class space    used 7272K, committed 7488K, reserved 1048576K
}
Event: 9.195 GC heap before
{Heap before GC invocations=16 (full 0):
 garbage-first heap   total 68608K, used 56836K [0x0000000080000000, 0x0000000100000000)
  region size 1024K, 23 young (23552K), 3 survivors (3072K)
 Metaspace       used 55246K, committed 55744K, reserved 1114112K
  class space    used 7632K, committed 7872K, reserved 1048576K
}
Event: 9.198 GC heap after
{Heap after GC invocations=17 (full 0):
 garbage-first heap   total 68608K, used 34984K [0x0000000080000000, 0x0000000100000000)
  region size 1024K, 2 young (2048K), 2 survivors (2048K)
 Metaspace       used 55246K, committed 55744K, reserved 1114112K
  class space    used 7632K, committed 7872K, reserved 1048576K
}
Event: 9.751 GC heap before
{Heap before GC invocations=17 (full 0):
 garbage-first heap   total 68608K, used 54440K [0x0000000080000000, 0x0000000100000000)
  region size 1024K, 22 young (22528K), 2 survivors (2048K)
 Metaspace       used 60052K, committed 60544K, reserved 1114112K
  class space    used 8235K, committed 8448K, reserved 1048576K
}
Event: 9.754 GC heap after
{Heap after GC invocations=18 (full 0):
 garbage-first heap   total 68608K, used 37441K [0x0000000080000000, 0x0000000100000000)
  region size 1024K, 3 young (3072K), 3 survivors (3072K)
 Metaspace       used 60052K, committed 60544K, reserved 1114112K
  class space    used 8235K, committed 8448K, reserved 1048576K
}
Event: 10.856 GC heap before
{Heap before GC invocations=19 (full 0):
 garbage-first heap   total 68608K, used 54849K [0x0000000080000000, 0x0000000100000000)
  region size 1024K, 20 young (20480K), 3 survivors (3072K)
 Metaspace       used 62493K, committed 63040K, reserved 1114112K
  class space    used 8506K, committed 8768K, reserved 1048576K
}
Event: 10.860 GC heap after
{Heap after GC invocations=20 (full 0):
 garbage-first heap   total 68608K, used 40673K [0x0000000080000000, 0x0000000100000000)
  region size 1024K, 3 young (3072K), 3 survivors (3072K)
 Metaspace       used 62493K, committed 63040K, reserved 1114112K
  class space    used 8506K, committed 8768K, reserved 1048576K
}
Event: 11.015 GC heap before
{Heap before GC invocations=20 (full 0):
 garbage-first heap   total 68608K, used 52961K [0x0000000080000000, 0x0000000100000000)
  region size 1024K, 16 young (16384K), 3 survivors (3072K)
 Metaspace       used 63087K, committed 63552K, reserved 1114112K
  class space    used 8603K, committed 8832K, reserved 1048576K
}
Event: 11.018 GC heap after
{Heap after GC invocations=21 (full 0):
 garbage-first heap   total 68608K, used 42966K [0x0000000080000000, 0x0000000100000000)
  region size 1024K, 2 young (2048K), 2 survivors (2048K)
 Metaspace       used 63087K, committed 63552K, reserved 1114112K
  class space    used 8603K, committed 8832K, reserved 1048576K
}
Event: 11.129 GC heap before
{Heap before GC invocations=22 (full 0):
 garbage-first heap   total 76800K, used 55254K [0x0000000080000000, 0x0000000100000000)
  region size 1024K, 14 young (14336K), 2 survivors (2048K)
 Metaspace       used 63234K, committed 63744K, reserved 1114112K
  class space    used 8604K, committed 8832K, reserved 1048576K
}
Event: 11.131 GC heap after
{Heap after GC invocations=23 (full 0):
 garbage-first heap   total 76800K, used 44642K [0x0000000080000000, 0x0000000100000000)
  region size 1024K, 2 young (2048K), 2 survivors (2048K)
 Metaspace       used 63234K, committed 63744K, reserved 1114112K
  class space    used 8604K, committed 8832K, reserved 1048576K
}
Event: 11.213 GC heap before
{Heap before GC invocations=23 (full 0):
 garbage-first heap   total 76800K, used 58978K [0x0000000080000000, 0x0000000100000000)
  region size 1024K, 17 young (17408K), 2 survivors (2048K)
 Metaspace       used 63333K, committed 63808K, reserved 1114112K
  class space    used 8604K, committed 8832K, reserved 1048576K
}
Event: 11.214 GC heap after
{Heap after GC invocations=24 (full 0):
 garbage-first heap   total 76800K, used 45944K [0x0000000080000000, 0x0000000100000000)
  region size 1024K, 3 young (3072K), 3 survivors (3072K)
 Metaspace       used 63333K, committed 63808K, reserved 1114112K
  class space    used 8604K, committed 8832K, reserved 1048576K
}
Event: 11.452 GC heap before
{Heap before GC invocations=25 (full 0):
 garbage-first heap   total 86016K, used 65400K [0x0000000080000000, 0x0000000100000000)
  region size 1024K, 17 young (17408K), 3 survivors (3072K)
 Metaspace       used 63856K, committed 64448K, reserved 1114112K
  class space    used 8683K, committed 8960K, reserved 1048576K
}
Event: 11.454 GC heap after
{Heap after GC invocations=26 (full 0):
 garbage-first heap   total 86016K, used 54291K [0x0000000080000000, 0x0000000100000000)
  region size 1024K, 3 young (3072K), 3 survivors (3072K)
 Metaspace       used 63856K, committed 64448K, reserved 1114112K
  class space    used 8683K, committed 8960K, reserved 1048576K
}
Event: 11.465 GC heap before
{Heap before GC invocations=26 (full 0):
 garbage-first heap   total 86016K, used 55315K [0x0000000080000000, 0x0000000100000000)
  region size 1024K, 4 young (4096K), 3 survivors (3072K)
 Metaspace       used 63978K, committed 64512K, reserved 1114112K
  class space    used 8705K, committed 8960K, reserved 1048576K
}
Event: 11.467 GC heap after
{Heap after GC invocations=27 (full 0):
 garbage-first heap   total 86016K, used 54198K [0x0000000080000000, 0x0000000100000000)
  region size 1024K, 1 young (1024K), 1 survivors (1024K)
 Metaspace       used 63978K, committed 64512K, reserved 1114112K
  class space    used 8705K, committed 8960K, reserved 1048576K
}
Event: 11.474 GC heap before
{Heap before GC invocations=27 (full 0):
 garbage-first heap   total 86016K, used 54198K [0x0000000080000000, 0x0000000100000000)
  region size 1024K, 2 young (2048K), 1 survivors (1024K)
 Metaspace       used 64008K, committed 64576K, reserved 1114112K
  class space    used 8710K, committed 8960K, reserved 1048576K
}
Event: 11.475 GC heap after
{Heap after GC invocations=28 (full 0):
 garbage-first heap   total 86016K, used 53935K [0x0000000080000000, 0x0000000100000000)
  region size 1024K, 1 young (1024K), 1 survivors (1024K)
 Metaspace       used 64008K, committed 64576K, reserved 1114112K
  class space    used 8710K, committed 8960K, reserved 1048576K
}
Event: 11.712 GC heap before
{Heap before GC invocations=29 (full 0):
 garbage-first heap   total 97280K, used 74415K [0x0000000080000000, 0x0000000100000000)
  region size 1024K, 14 young (14336K), 1 survivors (1024K)
 Metaspace       used 64489K, committed 65024K, reserved 1114112K
  class space    used 8790K, committed 9024K, reserved 1048576K
}

Dll operation events (3 events):
Event: 0.027 Loaded shared library C:\Program Files\Android\Android Studio\jbr\bin\java.dll
Event: 0.207 Loaded shared library C:\Program Files\Android\Android Studio\jbr\bin\zip.dll
Event: 0.572 Loaded shared library C:\Program Files\Android\Android Studio\jbr\bin\verify.dll

Deoptimization events (20 events):
Event: 11.696 Thread 0x0000020e2e804c10 Uncommon trap: trap_request=0xffffffbe fr.pc=0x0000020e194dcf8c relative=0x00000000000002cc
Event: 11.696 Thread 0x0000020e2e804c10 Uncommon trap: reason=profile_predicate action=maybe_recompile pc=0x0000020e194dcf8c method=sun.instrument.TransformerManager.transform(Ljava/lang/Module;Ljava/lang/ClassLoader;Ljava/lang/String;Ljava/lang/Class;Ljava/security/ProtectionDomain;[B)[B @ 21 
Event: 11.696 Thread 0x0000020e2e804c10 DEOPT PACKING pc=0x0000020e194dcf8c sp=0x000000d4baff3b50
Event: 11.696 Thread 0x0000020e2e804c10 DEOPT UNPACKING pc=0x0000020e18e669a3 sp=0x000000d4baff3a60 mode 2
Event: 11.697 Thread 0x0000020e2e804c10 Uncommon trap: trap_request=0xffffffbe fr.pc=0x0000020e194dcf8c relative=0x00000000000002cc
Event: 11.697 Thread 0x0000020e2e804c10 Uncommon trap: reason=profile_predicate action=maybe_recompile pc=0x0000020e194dcf8c method=sun.instrument.TransformerManager.transform(Ljava/lang/Module;Ljava/lang/ClassLoader;Ljava/lang/String;Ljava/lang/Class;Ljava/security/ProtectionDomain;[B)[B @ 21 
Event: 11.697 Thread 0x0000020e2e804c10 DEOPT PACKING pc=0x0000020e194dcf8c sp=0x000000d4baff3c80
Event: 11.697 Thread 0x0000020e2e804c10 DEOPT UNPACKING pc=0x0000020e18e669a3 sp=0x000000d4baff3b90 mode 2
Event: 11.698 Thread 0x0000020e2e804c10 Uncommon trap: trap_request=0xffffffbe fr.pc=0x0000020e194dcf8c relative=0x00000000000002cc
Event: 11.698 Thread 0x0000020e2e804c10 Uncommon trap: reason=profile_predicate action=maybe_recompile pc=0x0000020e194dcf8c method=sun.instrument.TransformerManager.transform(Ljava/lang/Module;Ljava/lang/ClassLoader;Ljava/lang/String;Ljava/lang/Class;Ljava/security/ProtectionDomain;[B)[B @ 21 
Event: 11.698 Thread 0x0000020e2e804c10 DEOPT PACKING pc=0x0000020e194dcf8c sp=0x000000d4baff3d10
Event: 11.698 Thread 0x0000020e2e804c10 DEOPT UNPACKING pc=0x0000020e18e669a3 sp=0x000000d4baff3c20 mode 2
Event: 11.698 Thread 0x0000020e2e804c10 Uncommon trap: trap_request=0xffffffbe fr.pc=0x0000020e194dcf8c relative=0x00000000000002cc
Event: 11.698 Thread 0x0000020e2e804c10 Uncommon trap: reason=profile_predicate action=maybe_recompile pc=0x0000020e194dcf8c method=sun.instrument.TransformerManager.transform(Ljava/lang/Module;Ljava/lang/ClassLoader;Ljava/lang/String;Ljava/lang/Class;Ljava/security/ProtectionDomain;[B)[B @ 21 
Event: 11.698 Thread 0x0000020e2e804c10 DEOPT PACKING pc=0x0000020e194dcf8c sp=0x000000d4baff3900
Event: 11.698 Thread 0x0000020e2e804c10 DEOPT UNPACKING pc=0x0000020e18e669a3 sp=0x000000d4baff3810 mode 2
Event: 11.699 Thread 0x0000020e2e804c10 Uncommon trap: trap_request=0xffffffbe fr.pc=0x0000020e194dc630 relative=0x0000000000000270
Event: 11.699 Thread 0x0000020e2e804c10 Uncommon trap: reason=profile_predicate action=maybe_recompile pc=0x0000020e194dc630 method=sun.instrument.TransformerManager.transform(Ljava/lang/Module;Ljava/lang/ClassLoader;Ljava/lang/String;Ljava/lang/Class;Ljava/security/ProtectionDomain;[B)[B @ 21 
Event: 11.699 Thread 0x0000020e2e804c10 DEOPT PACKING pc=0x0000020e194dc630 sp=0x000000d4baff3bc0
Event: 11.699 Thread 0x0000020e2e804c10 DEOPT UNPACKING pc=0x0000020e18e669a3 sp=0x000000d4baff3b78 mode 2

Classes unloaded (0 events):
No events

Classes redefined (0 events):
No events

Internal exceptions (20 events):
Event: 9.226 Thread 0x0000020e2e804c10 Exception <a 'sun/nio/fs/WindowsException'{0x00000000875b3670}> (0x00000000875b3670) 
thrown [s\src\hotspot\share\prims\jni.cpp, line 531]
Event: 10.146 Thread 0x0000020e2e804c10 Implicit null exception at 0x0000020e1940a372 to 0x0000020e1940a950
Event: 10.862 Thread 0x0000020e286d5100 Implicit null exception at 0x0000020e193eda5d to 0x0000020e193edbb0
Event: 10.957 Thread 0x0000020e2e804c10 Exception <a 'java/lang/NoSuchMethodError'{0x0000000083b592e0}: 'java.lang.Object java.lang.invoke.DirectMethodHandle$Holder.newInvokeSpecial(java.lang.Object, java.lang.Object, java.lang.Object, java.lang.Object, int, java.lang.Object)'> (0x0000000083b592e0) 
thrown [s\src\hotspot\share\interpreter\linkResolver.cpp, line 771]
Event: 10.957 Thread 0x0000020e2e804c10 Exception <a 'java/lang/NoSuchMethodError'{0x0000000083b5e638}: 'java.lang.Object java.lang.invoke.Invokers$Holder.linkToTargetMethod(java.lang.Object, java.lang.Object, java.lang.Object, int, java.lang.Object, java.lang.Object)'> (0x0000000083b5e638) 
thrown [s\src\hotspot\share\interpreter\linkResolver.cpp, line 771]
Event: 11.272 Thread 0x0000020e2e804c10 Exception <a 'java/lang/NoSuchMethodError'{0x00000000852ac178}: 'long java.lang.invoke.DirectMethodHandle$Holder.invokeVirtual(java.lang.Object, java.lang.Object)'> (0x00000000852ac178) 
thrown [s\src\hotspot\share\interpreter\linkResolver.cpp, line 771]
Event: 11.276 Thread 0x0000020e2e600e20 Exception <a 'java/lang/NoSuchMethodError'{0x00000000852dd998}: static Lorg/gradle/internal/build/event/types/DefaultOperationFinishedProgressEvent;.<clinit>()V> (0x00000000852dd998) 
thrown [s\src\hotspot\share\prims\jni.cpp, line 1127]
Event: 11.279 Thread 0x0000020e2e600e20 Exception <a 'java/lang/NoSuchMethodError'{0x0000000085122d58}: static Lorg/gradle/internal/build/event/types/DefaultProjectConfigurationSuccessResult;.<clinit>()V> (0x0000000085122d58) 
thrown [s\src\hotspot\share\prims\jni.cpp, line 1127]
Event: 11.279 Thread 0x0000020e2e600e20 Exception <a 'java/lang/NoSuchMethodError'{0x00000000851242c8}: static Lorg/gradle/internal/build/event/types/AbstractProjectConfigurationResult;.<clinit>()V> (0x00000000851242c8) 
thrown [s\src\hotspot\share\prims\jni.cpp, line 1127]
Event: 11.279 Thread 0x0000020e2e600e20 Exception <a 'java/lang/NoSuchMethodError'{0x0000000085125a38}: static Lorg/gradle/internal/build/event/types/AbstractOperationResult;.<clinit>()V> (0x0000000085125a38) 
thrown [s\src\hotspot\share\prims\jni.cpp, line 1127]
Event: 11.279 Thread 0x0000020e2e600e20 Exception <a 'java/lang/NoSuchMethodError'{0x0000000085126eb0}: static Lorg/gradle/internal/build/event/types/AbstractResult;.<clinit>()V> (0x0000000085126eb0) 
thrown [s\src\hotspot\share\prims\jni.cpp, line 1127]
Event: 11.281 Thread 0x0000020e2e600e20 Exception <a 'java/lang/NoSuchMethodError'{0x0000000085157a30}: static Lorg/gradle/internal/build/event/types/DefaultPluginApplicationResult;.<clinit>()V> (0x0000000085157a30) 
thrown [s\src\hotspot\share\prims\jni.cpp, line 1127]
Event: 11.281 Thread 0x0000020e2e600e20 Exception <a 'java/lang/NoSuchMethodError'{0x0000000085164420}: static Lorg/gradle/internal/build/event/types/DefaultBinaryPluginIdentifier;.<clinit>()V> (0x0000000085164420) 
thrown [s\src\hotspot\share\prims\jni.cpp, line 1127]
Event: 11.283 Thread 0x0000020e2e600e20 Exception <a 'java/lang/NoSuchMethodError'{0x00000000851adce0}: static Lorg/gradle/internal/build/event/types/DefaultScriptPluginIdentifier;.<clinit>()V> (0x00000000851adce0) 
thrown [s\src\hotspot\share\prims\jni.cpp, line 1127]
Event: 11.342 Thread 0x0000020e2e804c10 Implicit null exception at 0x0000020e19446612 to 0x0000020e19446e5c
Event: 11.435 Thread 0x0000020e2e804c10 Exception <a 'java/lang/NoSuchMethodError'{0x0000000084ad7df8}: 'void java.lang.invoke.Invokers$Holder.invoke_MT(java.lang.Object, java.lang.Object, java.lang.Object, java.lang.Object)'> (0x0000000084ad7df8) 
thrown [s\src\hotspot\share\interpreter\linkResolver.cpp, line 771]
Event: 11.444 Thread 0x0000020e2e804c10 Exception <a 'java/lang/NoSuchMethodError'{0x0000000084656d60}: 'java.lang.Object java.lang.invoke.DirectMethodHandle$Holder.invokeSpecial(java.lang.Object, java.lang.Object, java.lang.Object, int, java.lang.Object, java.lang.Object)'> (0x0000000084656d60) 
thrown [s\src\hotspot\share\interpreter\linkResolver.cpp, line 771]
Event: 11.636 Thread 0x0000020e2e804c10 Exception <a 'java/lang/ClassNotFoundException'{0x00000000858e3778}: sun/misc/SharedSecrets> (0x00000000858e3778) 
thrown [s\src\hotspot\share\classfile\systemDictionary.cpp, line 256]
Event: 11.636 Thread 0x0000020e2e804c10 Exception <a 'java/lang/ClassNotFoundException'{0x00000000858e4d50}: org/gradle/api/internal/plugins/DefaultObjectConfigurationActionBeanInfo> (0x00000000858e4d50) 
thrown [s\src\hotspot\share\classfile\systemDictionary.cpp, line 256]
Event: 11.637 Thread 0x0000020e2e804c10 Exception <a 'java/lang/ClassNotFoundException'{0x00000000858fb248}: org/gradle/api/internal/plugins/DefaultObjectConfigurationActionCustomizer> (0x00000000858fb248) 
thrown [s\src\hotspot\share\classfile\systemDictionary.cpp, line 256]

VM Operations (20 events):
Event: 11.131 Executing VM operation: G1CollectForAllocation done
Event: 11.213 Executing VM operation: G1CollectForAllocation
Event: 11.214 Executing VM operation: G1CollectForAllocation done
Event: 11.238 Executing VM operation: G1PauseRemark
Event: 11.240 Executing VM operation: G1PauseRemark done
Event: 11.248 Executing VM operation: HandshakeAllThreads
Event: 11.248 Executing VM operation: HandshakeAllThreads done
Event: 11.250 Executing VM operation: G1PauseCleanup
Event: 11.250 Executing VM operation: G1PauseCleanup done
Event: 11.452 Executing VM operation: G1CollectForAllocation
Event: 11.455 Executing VM operation: G1CollectForAllocation done
Event: 11.465 Executing VM operation: G1CollectForAllocation
Event: 11.467 Executing VM operation: G1CollectForAllocation done
Event: 11.474 Executing VM operation: G1TryInitiateConcMark
Event: 11.475 Executing VM operation: G1TryInitiateConcMark done
Event: 11.495 Executing VM operation: G1PauseRemark
Event: 11.497 Executing VM operation: G1PauseRemark done
Event: 11.505 Executing VM operation: G1PauseCleanup
Event: 11.505 Executing VM operation: G1PauseCleanup done
Event: 11.712 Executing VM operation: G1CollectForAllocation

Events (20 events):
Event: 10.975 Thread 0x0000020e3019ab40 Thread added: 0x0000020e3019ab40
Event: 10.977 Thread 0x0000020e30197390 Thread added: 0x0000020e30197390
Event: 10.979 Thread 0x0000020e3019b050 Thread added: 0x0000020e3019b050
Event: 10.982 Thread 0x0000020e3019b560 Thread added: 0x0000020e3019b560
Event: 10.985 Thread 0x0000020e3019bf80 Thread added: 0x0000020e3019bf80
Event: 10.988 Thread 0x0000020e3019c9a0 Thread added: 0x0000020e3019c9a0
Event: 10.990 Thread 0x0000020e3019ba70 Thread added: 0x0000020e3019ba70
Event: 10.992 Thread 0x0000020e3019c490 Thread added: 0x0000020e3019c490
Event: 10.996 Thread 0x0000020e2e39e4b0 Thread added: 0x0000020e2e39e4b0
Event: 10.998 Thread 0x0000020e2e39d070 Thread added: 0x0000020e2e39d070
Event: 11.002 Thread 0x0000020e2e39d580 Thread added: 0x0000020e2e39d580
Event: 11.274 loading class java/util/stream/SortedOps$RefSortingSink
Event: 11.274 loading class java/util/stream/SortedOps$RefSortingSink done
Event: 11.282 loading class java/time/Ser
Event: 11.282 loading class java/time/Ser done
Event: 11.441 loading class java/lang/ProcessBuilder
Event: 11.442 loading class java/lang/ProcessBuilder done
Event: 11.604 Thread 0x0000020e3016a9c0 Thread exited: 0x0000020e3016a9c0
Event: 11.636 loading class sun/misc/SharedSecrets
Event: 11.636 loading class sun/misc/SharedSecrets done


Dynamic libraries:
0x00007ff6c2bf0000 - 0x00007ff6c2bfa000 	C:\Program Files\Android\Android Studio\jbr\bin\java.exe
0x00007ffe2c540000 - 0x00007ffe2c7a3000 	C:\WINDOWS\SYSTEM32\ntdll.dll
0x00007ffe2b650000 - 0x00007ffe2b717000 	C:\WINDOWS\System32\KERNEL32.DLL
0x00007ffe29cf0000 - 0x00007ffe2a0b7000 	C:\WINDOWS\System32\KERNELBASE.dll
0x00007ffe2a0f0000 - 0x00007ffe2a23c000 	C:\WINDOWS\System32\ucrtbase.dll
0x00007ffe0fc20000 - 0x00007ffe0fc37000 	C:\Program Files\Android\Android Studio\jbr\bin\jli.dll
0x00007ffdf5860000 - 0x00007ffdf587b000 	C:\Program Files\Android\Android Studio\jbr\bin\VCRUNTIME140.dll
0x00007ffe2a7a0000 - 0x00007ffe2a969000 	C:\WINDOWS\System32\USER32.dll
0x00007ffe2a0c0000 - 0x00007ffe2a0e7000 	C:\WINDOWS\System32\win32u.dll
0x00007ffe15120000 - 0x00007ffe153b0000 	C:\WINDOWS\WinSxS\amd64_microsoft.windows.common-controls_6595b64144ccf1df_6.0.26100.3037_none_3e09262ce333c378\COMCTL32.dll
0x00007ffe2bac0000 - 0x00007ffe2baea000 	C:\WINDOWS\System32\GDI32.dll
0x00007ffe299a0000 - 0x00007ffe29acb000 	C:\WINDOWS\System32\gdi32full.dll
0x00007ffe2a2d0000 - 0x00007ffe2a373000 	C:\WINDOWS\System32\msvcp_win.dll
0x00007ffe2c330000 - 0x00007ffe2c3d9000 	C:\WINDOWS\System32\msvcrt.dll
0x00007ffe2a4c0000 - 0x00007ffe2a4ef000 	C:\WINDOWS\System32\IMM32.DLL
0x00007ffdf1750000 - 0x00007ffdf175c000 	C:\Program Files\Android\Android Studio\jbr\bin\vcruntime140_1.dll
0x00007ffd4f380000 - 0x00007ffd4f40d000 	C:\Program Files\Android\Android Studio\jbr\bin\msvcp140.dll
0x00007ffd393d0000 - 0x00007ffd3a053000 	C:\Program Files\Android\Android Studio\jbr\bin\server\jvm.dll
0x00007ffe2b880000 - 0x00007ffe2b934000 	C:\WINDOWS\System32\ADVAPI32.dll
0x00007ffe2a6e0000 - 0x00007ffe2a786000 	C:\WINDOWS\System32\sechost.dll
0x00007ffe2c3e0000 - 0x00007ffe2c4f6000 	C:\WINDOWS\System32\RPCRT4.dll
0x00007ffe29770000 - 0x00007ffe297be000 	C:\WINDOWS\SYSTEM32\POWRPROF.dll
0x00007ffe1e2e0000 - 0x00007ffe1e316000 	C:\WINDOWS\SYSTEM32\WINMM.dll
0x00007ffe20590000 - 0x00007ffe2059b000 	C:\WINDOWS\SYSTEM32\VERSION.dll
0x00007ffe029e0000 - 0x00007ffe029ea000 	C:\WINDOWS\SYSTEM32\WSOCK32.dll
0x00007ffe2a380000 - 0x00007ffe2a3f4000 	C:\WINDOWS\System32\ws2_32.DLL
0x00007ffe29750000 - 0x00007ffe29764000 	C:\WINDOWS\SYSTEM32\UMPDC.dll
0x00007ffe28710000 - 0x00007ffe2872a000 	C:\WINDOWS\SYSTEM32\kernel.appcore.dll
0x00007ffe234c0000 - 0x00007ffe234ca000 	C:\Program Files\Android\Android Studio\jbr\bin\jimage.dll
0x00007ffe1f870000 - 0x00007ffe1fab1000 	C:\WINDOWS\SYSTEM32\DBGHELP.DLL
0x00007ffe2b090000 - 0x00007ffe2b40e000 	C:\WINDOWS\System32\combase.dll
0x00007ffe2b7a0000 - 0x00007ffe2b876000 	C:\WINDOWS\System32\OLEAUT32.dll
0x00007ffe08610000 - 0x00007ffe08649000 	C:\WINDOWS\SYSTEM32\dbgcore.DLL
0x00007ffe29ad0000 - 0x00007ffe29b69000 	C:\WINDOWS\System32\bcryptPrimitives.dll
0x00007ffe0fc40000 - 0x00007ffe0fc4e000 	C:\Program Files\Android\Android Studio\jbr\bin\instrument.dll
0x00007ffe219f0000 - 0x00007ffe21a15000 	C:\Program Files\Android\Android Studio\jbr\bin\java.dll
0x00007ffe146f0000 - 0x00007ffe14708000 	C:\Program Files\Android\Android Studio\jbr\bin\zip.dll
0x00007ffe2a980000 - 0x00007ffe2b084000 	C:\WINDOWS\System32\SHELL32.dll
0x00007ffe275b0000 - 0x00007ffe27de7000 	C:\WINDOWS\SYSTEM32\windows.storage.dll
0x00007ffe2c110000 - 0x00007ffe2c1f9000 	C:\WINDOWS\System32\SHCORE.dll
0x00007ffe2a460000 - 0x00007ffe2a4bd000 	C:\WINDOWS\System32\shlwapi.dll
0x00007ffe297f0000 - 0x00007ffe2981e000 	C:\WINDOWS\SYSTEM32\profapi.dll
0x00007ffe12910000 - 0x00007ffe12929000 	C:\Program Files\Android\Android Studio\jbr\bin\net.dll
0x00007ffe24260000 - 0x00007ffe2437e000 	C:\WINDOWS\SYSTEM32\WINHTTP.dll
0x00007ffe28c20000 - 0x00007ffe28c8a000 	C:\WINDOWS\system32\mswsock.dll
0x00007ffe0fc50000 - 0x00007ffe0fc66000 	C:\Program Files\Android\Android Studio\jbr\bin\nio.dll
0x00007ffe11d10000 - 0x00007ffe11d20000 	C:\Program Files\Android\Android Studio\jbr\bin\verify.dll
0x00007ffdee190000 - 0x00007ffdee1b7000 	C:\Users\leyot\.gradle\native\c067742578af261105cb4f569cf0c3c89f3d7b1fecec35dd04571415982c5e48\windows-amd64\native-platform.dll
0x00007ffd32640000 - 0x00007ffd32784000 	C:\Users\leyot\.gradle\native\38dada09dfb8b06ba9b0570ebf7e218e3eb74d4ef43ca46872605cf95ebc2f47\windows-amd64\native-platform-file-events.dll
0x00007ffe146e0000 - 0x00007ffe146e9000 	C:\Program Files\Android\Android Studio\jbr\bin\management.dll
0x00007ffe145d0000 - 0x00007ffe145db000 	C:\Program Files\Android\Android Studio\jbr\bin\management_ext.dll
0x00007ffe2a970000 - 0x00007ffe2a978000 	C:\WINDOWS\System32\PSAPI.DLL
0x00007ffe28ec0000 - 0x00007ffe28edc000 	C:\WINDOWS\SYSTEM32\CRYPTSP.dll
0x00007ffe28670000 - 0x00007ffe286a8000 	C:\WINDOWS\system32\rsaenh.dll
0x00007ffe28cc0000 - 0x00007ffe28ceb000 	C:\WINDOWS\SYSTEM32\USERENV.dll
0x00007ffe29090000 - 0x00007ffe290b6000 	C:\WINDOWS\SYSTEM32\bcrypt.dll
0x00007ffe28ee0000 - 0x00007ffe28eec000 	C:\WINDOWS\SYSTEM32\CRYPTBASE.dll
0x00007ffe28100000 - 0x00007ffe28132000 	C:\WINDOWS\SYSTEM32\IPHLPAPI.DLL
0x00007ffe2a790000 - 0x00007ffe2a79a000 	C:\WINDOWS\System32\NSI.dll
0x00007ffe24500000 - 0x00007ffe2451f000 	C:\WINDOWS\SYSTEM32\dhcpcsvc6.DLL
0x00007ffe24480000 - 0x00007ffe244a5000 	C:\WINDOWS\SYSTEM32\dhcpcsvc.DLL
0x00007ffe28140000 - 0x00007ffe28265000 	C:\WINDOWS\SYSTEM32\DNSAPI.dll
0x00007ffe19650000 - 0x00007ffe19659000 	C:\Program Files\Android\Android Studio\jbr\bin\extnet.dll
0x00007ffde9240000 - 0x00007ffde9248000 	C:\WINDOWS\system32\wshunix.dll
0x00007ffe241b0000 - 0x00007ffe241bb000 	C:\Windows\System32\rasadhlp.dll
0x00007ffe24910000 - 0x00007ffe24995000 	C:\WINDOWS\System32\fwpuclnt.dll

dbghelp: loaded successfully - version: 4.0.5 - missing functions: none
symbol engine: initialized successfully - sym options: 0x614 - pdb path: .;C:\Program Files\Android\Android Studio\jbr\bin;C:\WINDOWS\SYSTEM32;C:\WINDOWS\WinSxS\amd64_microsoft.windows.common-controls_6595b64144ccf1df_6.0.26100.3037_none_3e09262ce333c378;C:\Program Files\Android\Android Studio\jbr\bin\server;C:\Users\leyot\.gradle\native\c067742578af261105cb4f569cf0c3c89f3d7b1fecec35dd04571415982c5e48\windows-amd64;C:\Users\leyot\.gradle\native\38dada09dfb8b06ba9b0570ebf7e218e3eb74d4ef43ca46872605cf95ebc2f47\windows-amd64

VM Arguments:
jvm_args: --add-opens=java.base/java.util=ALL-UNNAMED --add-opens=java.base/java.lang=ALL-UNNAMED --add-opens=java.base/java.lang.invoke=ALL-UNNAMED --add-opens=java.prefs/java.util.prefs=ALL-UNNAMED --add-opens=java.base/java.nio.charset=ALL-UNNAMED --add-opens=java.base/java.net=ALL-UNNAMED --add-opens=java.base/java.util.concurrent.atomic=ALL-UNNAMED -Xmx2048m -Dfile.encoding=UTF-8 -Duser.country=MX -Duser.language=es -Duser.variant -javaagent:C:\Users\leyot\.gradle\wrapper\dists\gradle-8.7-bin\bhs2wmbdwecv87pi65oeuq5iu\gradle-8.7\lib\agents\gradle-instrumentation-agent-8.7.jar 
java_command: org.gradle.launcher.daemon.bootstrap.GradleDaemon 8.7
java_class_path (initial): C:\Users\leyot\.gradle\wrapper\dists\gradle-8.7-bin\bhs2wmbdwecv87pi65oeuq5iu\gradle-8.7\lib\gradle-launcher-8.7.jar
Launcher Type: SUN_STANDARD

[Global flags]
     intx CICompilerCount                          = 4                                         {product} {ergonomic}
     uint ConcGCThreads                            = 3                                         {product} {ergonomic}
     uint G1ConcRefinementThreads                  = 10                                        {product} {ergonomic}
   size_t G1HeapRegionSize                         = 1048576                                   {product} {ergonomic}
    uintx GCDrainStackTargetSize                   = 64                                        {product} {ergonomic}
   size_t InitialHeapSize                          = 123731968                                 {product} {ergonomic}
   size_t MarkStackSize                            = 4194304                                   {product} {ergonomic}
   size_t MaxHeapSize                              = 2147483648                                {product} {command line}
   size_t MaxNewSize                               = 1287651328                                {product} {ergonomic}
   size_t MinHeapDeltaBytes                        = 1048576                                   {product} {ergonomic}
   size_t MinHeapSize                              = 8388608                                   {product} {ergonomic}
    uintx NonNMethodCodeHeapSize                   = 5839372                                {pd product} {ergonomic}
    uintx NonProfiledCodeHeapSize                  = 122909434                              {pd product} {ergonomic}
    uintx ProfiledCodeHeapSize                     = 122909434                              {pd product} {ergonomic}
    uintx ReservedCodeCacheSize                    = 251658240                              {pd product} {ergonomic}
     bool SegmentedCodeCache                       = true                                      {product} {ergonomic}
   size_t SoftMaxHeapSize                          = 2147483648                             {manageable} {ergonomic}
     bool UseCompressedClassPointers               = true                           {product lp64_product} {ergonomic}
     bool UseCompressedOops                        = true                           {product lp64_product} {ergonomic}
     bool UseG1GC                                  = true                                      {product} {ergonomic}
     bool UseLargePagesIndividualAllocation        = false                                  {pd product} {ergonomic}

Logging:
Log output configuration:
 #0: stdout all=warning uptime,level,tags
 #1: stderr all=off uptime,level,tags

Environment Variables:
JAVA_HOME=C:\Program Files\Java\jdk-22
PATH=C:\Program Files\Java\jdk-22\bin;C:\Program Files (x86)\Common Files\Oracle\Java\javapath;C:\Program Files\Common Files\Oracle\Java\javapath;C:\WINDOWS\system32;C:\WINDOWS;C:\WINDOWS\System32\Wbem;C:\WINDOWS\System32\WindowsPowerShell\v1.0\;C:\WINDOWS\System32\OpenSSH\;C:\Program Files (x86)\NVIDIA Corporation\PhysX\Common;C:\Program Files\NVIDIA Corporation\NVIDIA NvDLISR;C:\Program Files\dotnet\;C:\Program Files\nodejs\;C:\flutter\bin;C:\Program Files (x86)\Windows Kits\10\Windows Performance Toolkit\;C:\WINDOWS\system32\config\systemprofile\dev\flutter\bin;C:\Program Files\Git\cmd;C:\Program Files\Docker\Docker\resources\bin;C:\Users\leyot\OneDrive\Documents\apache-maven\apache-maven-3.9.9-bin\apache-maven-3.9.9\bin;C:\Program Files\Java\jdk-22\bin;C:\Program Files\Java\jdk-22;C:\Users\leyot\dev\flutter\bin;C:\Users\leyot\AppData\Local\Microsoft\WindowsApps;C:\Users\leyot\AppData\Roaming\npm;C:\sqlite;C:\Users\leyot\AppData\Local\Programs\Microsoft VS Code\bin;C:\Program Files\MongoDB\Server\8.0\bin;C:\Program Files\MongoDB\mongosh-2.3.8-win32-x64\bin;C:\Program Files\mosquitto;C:\Program Files\mosquitto;C:\Users\leyot\OneDrive\Documents\apache-maven\apache-maven-3.9.9-bin\apache-maven-3.9.9\bin;
USERNAME=leyot
OS=Windows_NT
PROCESSOR_IDENTIFIER=AMD64 Family 25 Model 68 Stepping 1, AuthenticAMD
TMP=C:\Users\leyot\AppData\Local\Temp
TEMP=C:\Users\leyot\AppData\Local\Temp



Periodic native trim disabled

JNI global refs:
JNI global refs: 27, weak refs: 2

JNI global refs memory usage: 843, weak refs: 841

Process memory usage:
Resident Set Size: 259368K (3% of 7678756K total physical memory with 535700K free physical memory)

OOME stack traces (most recent first):
Classloader memory used:
Loader org.gradle.internal.classloader.VisitableURLClassLoader                         : 3475K
Loader bootstrap                                                                       : 3083K
Loader org.gradle.initialization.MixInLegacyTypesClassLoader                           : 1288K
Loader jdk.internal.loader.ClassLoaders$PlatformClassLoader                            : 101K
Loader org.gradle.internal.classloader.VisitableURLClassLoader$InstrumentingVisitableURLClassLoader: 45460B
Loader jdk.internal.loader.ClassLoaders$AppClassLoader                                 : 28714B
Loader jdk.internal.reflect.DelegatingClassLoader                                      : 25178B
Loader org.gradle.internal.classloader.VisitableURLClassLoader                         : 15481B

Classes loaded by more than one classloader:
Class Program                                                                         : loaded 4 times (x 72B)
Class com.google.common.collect.SingletonImmutableList                                : loaded 2 times (x 167B)
Class org.gradle.internal.classpath.ClassPath                                         : loaded 2 times (x 68B)
Class org.gradle.api.internal.classpath.DefaultModuleRegistry                         : loaded 2 times (x 84B)
Class Settings_gradle$1$1                                                             : loaded 2 times (x 72B)
Class com.google.common.base.CharMatcher$JavaDigit                                    : loaded 2 times (x 109B)
Class com.google.common.base.CharMatcher$Digit                                        : loaded 2 times (x 110B)
Class org.gradle.api.Action                                                           : loaded 2 times (x 68B)
Class com.google.common.collect.Lists$StringAsImmutableList                           : loaded 2 times (x 167B)
Class com.google.common.base.CharMatcher                                              : loaded 2 times (x 109B)
Class com.google.common.base.CharMatcher$IsNot                                        : loaded 2 times (x 109B)
Class com.google.common.base.Splitter                                                 : loaded 2 times (x 70B)
Class org.gradle.api.internal.DefaultClassPathProvider                                : loaded 2 times (x 74B)
Class org.gradle.internal.installation.GradleInstallation$1                           : loaded 2 times (x 73B)
Class com.google.common.base.CharMatcher$BitSetMatcher                                : loaded 2 times (x 110B)
Class com.google.common.base.Predicate                                                : loaded 2 times (x 68B)
Class org.gradle.internal.classloader.FilteringClassLoader                            : loaded 2 times (x 103B)
Class org.gradle.internal.classpath.DefaultClassPath$ImmutableUniqueList$Builder      : loaded 2 times (x 73B)
Class com.google.common.base.CharMatcher$InRange                                      : loaded 2 times (x 109B)
Class com.google.common.collect.Lists                                                 : loaded 2 times (x 69B)
Class org.gradle.internal.classloader.ClassLoaderVisitor                              : loaded 2 times (x 74B)
Class org.gradle.internal.service.DefaultServiceLocator                               : loaded 2 times (x 81B)
Class org.gradle.internal.service.UnknownServiceException                             : loaded 2 times (x 81B)
Class org.gradle.internal.classloader.DefaultClassLoaderFactory                       : loaded 2 times (x 80B)
Class com.google.common.collect.UnmodifiableIterator                                  : loaded 2 times (x 78B)
Class com.google.common.base.CharMatcher$SingleWidth                                  : loaded 2 times (x 110B)
Class com.google.common.base.JdkPattern                                               : loaded 2 times (x 73B)
Class org.gradle.internal.classloader.VisitableURLClassLoader$Spec                    : loaded 2 times (x 72B)
Class org.gradle.api.GradleException                                                  : loaded 2 times (x 80B)
Class com.google.common.base.CharMatcher$JavaLetterOrDigit                            : loaded 2 times (x 109B)
Class org.gradle.api.internal.classpath.ModuleRegistry                                : loaded 2 times (x 68B)
Class com.google.common.collect.ImmutableCollection                                   : loaded 2 times (x 123B)
Class org.gradle.api.internal.ClassPathProvider                                       : loaded 2 times (x 68B)
Class org.gradle.internal.classloader.ClasspathUtil$1                                 : loaded 2 times (x 74B)
Class com.google.common.collect.ImmutableList$ReverseImmutableList                    : loaded 2 times (x 168B)
Class org.gradle.internal.classloader.ClassLoaderFactory                              : loaded 2 times (x 68B)
Class com.google.common.collect.ObjectArrays                                          : loaded 2 times (x 69B)
Class com.google.common.collect.ImmutableList                                         : loaded 2 times (x 166B)
Class org.gradle.api.internal.classpath.ManifestUtil                                  : loaded 2 times (x 69B)
Class org.gradle.api.specs.Spec                                                       : loaded 2 times (x 68B)
Class com.google.common.base.CharMatcher$Whitespace                                   : loaded 2 times (x 110B)
Class com.google.common.base.Preconditions                                            : loaded 2 times (x 69B)
Class org.gradle.internal.IoActions                                                   : loaded 2 times (x 69B)
Class com.google.common.collect.CollectPreconditions                                  : loaded 2 times (x 69B)
Class com.google.common.collect.AbstractIndexedListIterator                           : loaded 2 times (x 94B)
Class com.google.common.base.CharMatcher$None                                         : loaded 2 times (x 110B)
Class org.gradle.api.internal.classpath.EffectiveClassPath                            : loaded 2 times (x 88B)
Class com.google.common.collect.UnmodifiableListIterator                              : loaded 2 times (x 93B)
Class com.google.common.collect.ImmutableList$1                                       : loaded 2 times (x 95B)
Class com.google.common.base.Splitter$Strategy                                        : loaded 2 times (x 68B)
Class org.gradle.internal.installation.CurrentGradleInstallation                      : loaded 2 times (x 71B)
Class org.gradle.internal.agents.InstrumentingClassLoader                             : loaded 2 times (x 68B)
Class org.gradle.internal.installation.CurrentGradleInstallationLocator               : loaded 2 times (x 69B)
Class org.gradle.api.internal.classpath.Module                                        : loaded 2 times (x 68B)
Class com.google.common.base.Splitter$1$1                                             : loaded 2 times (x 84B)
Class org.gradle.internal.service.CachingServiceLocator                               : loaded 2 times (x 80B)
Class org.gradle.internal.classpath.DefaultClassPath                                  : loaded 2 times (x 88B)
Class com.google.common.base.Splitter$SplittingIterator                               : loaded 2 times (x 82B)
Class Build_gradle$1                                                                  : loaded 2 times (x 76B)
Class com.google.common.base.CharMatcher$Is                                           : loaded 2 times (x 109B)
Class com.google.common.collect.RegularImmutableAsList                                : loaded 2 times (x 176B)
Class org.gradle.internal.classloader.SystemClassLoaderSpec                           : loaded 2 times (x 69B)
Class [Lcom.google.common.base.AbstractIterator$State;                                : loaded 2 times (x 67B)
Class com.google.common.base.AbstractIterator                                         : loaded 2 times (x 78B)
Class com.google.common.base.AbstractIterator$1                                       : loaded 2 times (x 69B)
Class com.google.common.base.CharMatcher$1                                            : loaded 2 times (x 111B)
Class com.google.common.base.CharMatcher$Ascii                                        : loaded 2 times (x 110B)
Class org.gradle.api.UncheckedIOException                                             : loaded 2 times (x 80B)
Class com.google.common.base.CharMatcher$And                                          : loaded 2 times (x 110B)
Class com.google.common.base.CharMatcher$Any                                          : loaded 2 times (x 110B)
Class org.gradle.internal.installation.GradleInstallation                             : loaded 2 times (x 73B)
Class com.google.common.base.CharMatcher$RangesMatcher                                : loaded 2 times (x 110B)
Class com.google.common.collect.ImmutableList$SubList                                 : loaded 2 times (x 168B)
Class org.gradle.internal.classloader.ClasspathUtil                                   : loaded 2 times (x 69B)
Class com.google.common.base.Splitter$1                                               : loaded 2 times (x 75B)
Class org.gradle.api.internal.DefaultClassPathRegistry                                : loaded 2 times (x 74B)
Class org.gradle.api.internal.classpath.DefaultModuleRegistry$DefaultModule           : loaded 2 times (x 84B)
Class com.google.common.base.CharMatcher$JavaIsoControl                               : loaded 2 times (x 110B)
Class com.google.common.base.CharMatcher$Or                                           : loaded 2 times (x 110B)
Class org.gradle.kotlin.dsl.VersionCatalogAccessorsKt                                 : loaded 2 times (x 69B)
Class com.google.common.base.CharMatcher$JavaLowerCase                                : loaded 2 times (x 109B)
Class org.gradle.api.internal.classpath.UnknownModuleException                        : loaded 2 times (x 80B)
Class com.google.common.base.CommonPattern                                            : loaded 2 times (x 72B)
Class org.gradle.internal.service.ServiceLookupException                              : loaded 2 times (x 80B)
Class org.gradle.cache.GlobalCache                                                    : loaded 2 times (x 68B)
Class com.google.common.base.CharMatcher$NegatedFastMatcher                           : loaded 2 times (x 111B)
Class [Lorg.gradle.api.internal.ClassPathProvider;                                    : loaded 2 times (x 67B)
Class org.gradle.util.internal.GUtil                                                  : loaded 2 times (x 69B)
Class org.gradle.internal.classloader.ClassLoaderSpec                                 : loaded 2 times (x 69B)
Class com.google.common.base.NullnessCasts                                            : loaded 2 times (x 69B)
Class com.google.common.base.CharMatcher$Negated                                      : loaded 2 times (x 111B)
Class com.google.common.base.CharMatcher$ForPredicate                                 : loaded 2 times (x 110B)
Class org.gradle.internal.classloader.VisitableURLClassLoader                         : loaded 2 times (x 115B)
Class org.gradle.internal.Cast                                                        : loaded 2 times (x 69B)
Class Build_gradle                                                                    : loaded 2 times (x 70B)
Class org.gradle.api.internal.ClassPathRegistry                                       : loaded 2 times (x 68B)
Class org.gradle.internal.classloader.VisitableURLClassLoader$InstrumentingVisitableURLClassLoader: loaded 2 times (x 121B)
Class org.gradle.internal.classloader.ClassLoaderHierarchy                            : loaded 2 times (x 68B)
Class com.google.common.base.AbstractIterator$State                                   : loaded 2 times (x 77B)
Class com.google.common.base.CharMatcher$NamedFastMatcher                             : loaded 2 times (x 110B)
Class org.gradle.internal.InternalTransformer                                         : loaded 2 times (x 68B)
Class org.gradle.internal.service.ServiceLocator                                      : loaded 2 times (x 68B)
Class Settings_gradle$1                                                               : loaded 2 times (x 72B)
Class com.google.common.base.CharMatcher$Invisible                                    : loaded 2 times (x 110B)
Class com.google.common.base.CharMatcher$FastMatcher                                  : loaded 2 times (x 109B)
Class org.gradle.internal.classpath.DefaultClassPath$ImmutableUniqueList              : loaded 2 times (x 159B)
Class com.google.common.base.CharMatcher$JavaLetter                                   : loaded 2 times (x 109B)
Class org.gradle.internal.classpath.TransformedClassPath                              : loaded 2 times (x 94B)
Class Settings_gradle                                                                 : loaded 2 times (x 126B)
Class com.google.common.collect.ImmutableAsList                                       : loaded 2 times (x 169B)
Class com.google.common.base.CharMatcher$AnyOf                                        : loaded 2 times (x 110B)
Class com.google.common.base.CharMatcher$IsEither                                     : loaded 2 times (x 109B)
Class com.google.common.collect.RegularImmutableList                                  : loaded 2 times (x 172B)
Class com.google.common.base.CharMatcher$JavaUpperCase                                : loaded 2 times (x 109B)


---------------  S Y S T E M  ---------------

OS:
 Windows 11 , 64 bit Build 26100 (10.0.26100.3037)
OS uptime: 0 days 1:26 hours
Hyper-V role detected

CPU: total 12 (initial active 12) (12 cores per cpu, 2 threads per core) family 25 model 68 stepping 1 microcode 0xa404107, cx8, cmov, fxsr, ht, mmx, 3dnowpref, sse, sse2, sse3, ssse3, sse4a, sse4.1, sse4.2, popcnt, lzcnt, tsc, tscinvbit, avx, avx2, aes, erms, clmul, bmi1, bmi2, adx, sha, fma, vzeroupper, clflush, clflushopt, hv
Processor Information for all 12 processors :
  Max Mhz: 3301, Current Mhz: 3301, Mhz Limit: 3301

Memory: 4k page, system-wide physical 7498M (488M free)
TotalPageFile size 30026M (AvailPageFile size 0M)
current process WorkingSet (physical memory assigned to process): 253M, peak: 263M
current process commit charge ("private bytes"): 312M, peak: 336M

vm_info: OpenJDK 64-Bit Server VM (17.0.11+0--11852314) for windows-amd64 JRE (17.0.11+0--11852314), built on May 16 2024 21:29:20 by "androidbuild" with MS VC++ 16.10 / 16.11 (VS2019)

END.
